Oct 24, 2016 10:40:51 PM com.uniteksolusi.otomill.model.ArduinoModel pullFromDevice
FINE: ModelSimpleBuffer(18)> pullFromDevice()
Oct 24, 2016 10:40:51 PM com.uniteksolusi.otomill.model.ArduinoModel pullFromDevice
FINE: ModelSimpleBuffer(18)>   requestByte: 0 0 0 230 
Oct 24, 2016 10:42:12 PM com.uniteksolusi.otomill.model.ArduinoModel pullFromDevice
FINE: ModelSimpleBuffer(18)> pullFromDevice()
Oct 24, 2016 10:42:12 PM com.uniteksolusi.otomill.model.ArduinoModel pullFromDevice
FINE: ModelSimpleBuffer(18)>   requestByte: 0 0 0 229 
Oct 24, 2016 10:42:13 PM com.uniteksolusi.otomill.model.ArduinoModel pullFromDevice
FINE: ModelSimpleBuffer(18)>   responseByte: 0 0 0 229 
Oct 24, 2016 10:42:13 PM com.uniteksolusi.otomill.model.ArduinoModel run
FINE: ModelSimpleBuffer(18)> Not Initialized Yet
Oct 24, 2016 10:42:13 PM com.uniteksolusi.otomill.model.ArduinoModel initializeToDevice
FINE: ModelSimpleBuffer(18)> initializeToDevice()
Oct 24, 2016 10:42:13 PM com.uniteksolusi.otomill.model.ArduinoModel initializeToDevice
FINE: ModelSimpleBuffer(18)> Pin MDOE:  00000100 010001
Oct 24, 2016 10:42:13 PM com.uniteksolusi.otomill.model.ArduinoModel initializeToDevice
FINE: ModelSimpleBuffer(18)> 1 32 34 109 
Oct 24, 2016 10:42:13 PM com.uniteksolusi.otomill.model.ArduinoModel run
FINE: ModelSimpleBuffer(18)> loop()

Oct 24, 2016 10:42:13 PM com.uniteksolusi.otomill.model.ArduinoModel pullFromDevice
FINE: ModelSimpleBuffer(18)> pullFromDevice()
Oct 24, 2016 10:42:13 PM com.uniteksolusi.otomill.model.ArduinoModel pullFromDevice
FINE: ModelSimpleBuffer(18)>   requestByte: 0 0 0 205 
Oct 24, 2016 10:42:13 PM com.uniteksolusi.otomill.model.ArduinoModel pullFromDevice
FINE: ModelSimpleBuffer(18)>   responseByte: 2 0 0 205 
Oct 24, 2016 10:42:13 PM com.uniteksolusi.otomill.model.ArduinoModel pushToDevice
FINE: ModelSimpleBuffer(18)> pushToDevice()
Oct 24, 2016 10:42:13 PM com.uniteksolusi.otomill.model.ArduinoModel pushToDevice
FINE: ModelSimpleBuffer(18)>   pinState:  00000000 000000
Oct 24, 2016 10:42:13 PM com.uniteksolusi.otomill.model.ArduinoModel pushToDevice
FINE: ModelSimpleBuffer(18)>   requestByte: 2 0 0 50 
Oct 24, 2016 10:42:13 PM com.uniteksolusi.otomill.model.ArduinoModel pushToDevice
FINE: ModelSimpleBuffer(18)>   responseByte: 2 0 0 50 
Oct 24, 2016 10:42:14 PM com.uniteksolusi.otomill.model.ArduinoModel run
FINE: ModelSimpleBuffer(18)> loop()

Oct 24, 2016 10:42:14 PM com.uniteksolusi.otomill.model.ArduinoModel pullFromDevice
FINE: ModelSimpleBuffer(18)> pullFromDevice()
Oct 24, 2016 10:42:14 PM com.uniteksolusi.otomill.model.ArduinoModel pullFromDevice
FINE: ModelSimpleBuffer(18)>   requestByte: 0 0 0 141 
Oct 24, 2016 10:42:14 PM com.uniteksolusi.otomill.model.ArduinoModel pullFromDevice
FINE: ModelSimpleBuffer(18)>   responseByte: 2 0 0 141 
Oct 24, 2016 10:42:14 PM com.uniteksolusi.otomill.model.ArduinoModel pushToDevice
FINE: ModelSimpleBuffer(18)> pushToDevice()
Oct 24, 2016 10:42:14 PM com.uniteksolusi.otomill.model.ArduinoModel pushToDevice
FINE: ModelSimpleBuffer(18)>   pinState:  00000000 000000
Oct 24, 2016 10:42:14 PM com.uniteksolusi.otomill.model.ArduinoModel pushToDevice
FINE: ModelSimpleBuffer(18)>   requestByte: 2 0 0 250 
Oct 24, 2016 10:42:14 PM com.uniteksolusi.otomill.model.ArduinoModel pushToDevice
FINE: ModelSimpleBuffer(18)>   responseByte: 2 0 0 250 
Oct 24, 2016 10:42:15 PM com.uniteksolusi.otomill.model.ArduinoModel run
FINE: ModelSimpleBuffer(18)> loop()

Oct 24, 2016 10:42:15 PM com.uniteksolusi.otomill.model.ArduinoModel pullFromDevice
FINE: ModelSimpleBuffer(18)> pullFromDevice()
Oct 24, 2016 10:42:15 PM com.uniteksolusi.otomill.model.ArduinoModel pullFromDevice
FINE: ModelSimpleBuffer(18)>   requestByte: 0 0 0 84 
Oct 24, 2016 10:42:15 PM com.uniteksolusi.otomill.model.ArduinoModel pullFromDevice
FINE: ModelSimpleBuffer(18)>   responseByte: 2 0 0 84 
Oct 24, 2016 10:42:15 PM com.uniteksolusi.otomill.model.ArduinoModel pushToDevice
FINE: ModelSimpleBuffer(18)> pushToDevice()
Oct 24, 2016 10:42:15 PM com.uniteksolusi.otomill.model.ArduinoModel pushToDevice
FINE: ModelSimpleBuffer(18)>   pinState:  00000000 000000
Oct 24, 2016 10:42:15 PM com.uniteksolusi.otomill.model.ArduinoModel pushToDevice
FINE: ModelSimpleBuffer(18)>   requestByte: 2 0 0 188 
Oct 24, 2016 10:42:15 PM com.uniteksolusi.otomill.model.ArduinoModel pushToDevice
FINE: ModelSimpleBuffer(18)>   responseByte: 2 0 0 188 
Oct 24, 2016 10:42:15 PM com.uniteksolusi.otomill.model.ArduinoModel run
FINE: ModelSimpleBuffer(18)> loop()

Oct 24, 2016 10:42:15 PM com.uniteksolusi.otomill.model.ArduinoModel pullFromDevice
FINE: ModelSimpleBuffer(18)> pullFromDevice()
Oct 24, 2016 10:42:15 PM com.uniteksolusi.otomill.model.ArduinoModel pullFromDevice
FINE: ModelSimpleBuffer(18)>   requestByte: 0 0 0 24 
Oct 24, 2016 10:42:15 PM com.uniteksolusi.otomill.model.ArduinoModel pullFromDevice
FINE: ModelSimpleBuffer(18)>   responseByte: 2 0 0 24 
Oct 24, 2016 10:42:15 PM com.uniteksolusi.otomill.model.ArduinoModel pushToDevice
FINE: ModelSimpleBuffer(18)> pushToDevice()
Oct 24, 2016 10:42:15 PM com.uniteksolusi.otomill.model.ArduinoModel pushToDevice
FINE: ModelSimpleBuffer(18)>   pinState:  00000000 000000
Oct 24, 2016 10:42:15 PM com.uniteksolusi.otomill.model.ArduinoModel pushToDevice
FINE: ModelSimpleBuffer(18)>   requestByte: 2 0 0 125 
Oct 24, 2016 10:42:16 PM com.uniteksolusi.otomill.model.ArduinoModel pushToDevice
FINE: ModelSimpleBuffer(18)>   responseByte: 2 0 0 125 
Oct 24, 2016 10:42:16 PM com.uniteksolusi.otomill.model.ArduinoModel run
FINE: ModelSimpleBuffer(18)> loop()

Oct 24, 2016 10:42:16 PM com.uniteksolusi.otomill.model.ArduinoModel pullFromDevice
FINE: ModelSimpleBuffer(18)> pullFromDevice()
Oct 24, 2016 10:42:16 PM com.uniteksolusi.otomill.model.ArduinoModel pullFromDevice
FINE: ModelSimpleBuffer(18)>   requestByte: 0 0 0 216 
Oct 24, 2016 10:42:16 PM com.uniteksolusi.otomill.model.ArduinoModel pullFromDevice
FINE: ModelSimpleBuffer(18)>   responseByte: 2 0 0 216 
Oct 24, 2016 10:42:16 PM com.uniteksolusi.otomill.model.ArduinoModel pushToDevice
FINE: ModelSimpleBuffer(18)> pushToDevice()
Oct 24, 2016 10:42:16 PM com.uniteksolusi.otomill.model.ArduinoModel pushToDevice
FINE: ModelSimpleBuffer(18)>   pinState:  00000000 000000
Oct 24, 2016 10:42:16 PM com.uniteksolusi.otomill.model.ArduinoModel pushToDevice
FINE: ModelSimpleBuffer(18)>   requestByte: 2 0 0 61 
Oct 24, 2016 10:42:16 PM com.uniteksolusi.otomill.model.ArduinoModel pushToDevice
FINE: ModelSimpleBuffer(18)>   responseByte: 2 0 0 61 
Oct 24, 2016 10:42:17 PM com.uniteksolusi.otomill.model.ArduinoModel run
FINE: ModelSimpleBuffer(18)> loop()

Oct 24, 2016 10:42:17 PM com.uniteksolusi.otomill.model.ArduinoModel pullFromDevice
FINE: ModelSimpleBuffer(18)> pullFromDevice()
Oct 24, 2016 10:42:17 PM com.uniteksolusi.otomill.model.ArduinoModel pullFromDevice
FINE: ModelSimpleBuffer(18)>   requestByte: 0 0 0 152 
Oct 24, 2016 10:42:17 PM com.uniteksolusi.otomill.model.ArduinoModel pullFromDevice
FINE: ModelSimpleBuffer(18)>   responseByte: 2 0 0 152 
Oct 24, 2016 10:42:17 PM com.uniteksolusi.otomill.model.ArduinoModel pushToDevice
FINE: ModelSimpleBuffer(18)> pushToDevice()
Oct 24, 2016 10:42:17 PM com.uniteksolusi.otomill.model.ArduinoModel pushToDevice
FINE: ModelSimpleBuffer(18)>   pinState:  00000000 000000
Oct 24, 2016 10:42:17 PM com.uniteksolusi.otomill.model.ArduinoModel pushToDevice
FINE: ModelSimpleBuffer(18)>   requestByte: 2 0 0 255 
Oct 24, 2016 10:42:17 PM com.uniteksolusi.otomill.model.ArduinoModel pushToDevice
FINE: ModelSimpleBuffer(18)>   responseByte: 2 0 0 152 
Oct 24, 2016 10:42:17 PM com.uniteksolusi.otomill.model.ArduinoModel run
FINE: ModelSimpleBuffer(18)> loop()

Oct 24, 2016 10:42:17 PM com.uniteksolusi.otomill.model.ArduinoModel pullFromDevice
FINE: ModelSimpleBuffer(18)> pullFromDevice()
Oct 24, 2016 10:42:17 PM com.uniteksolusi.otomill.model.ArduinoModel pullFromDevice
FINE: ModelSimpleBuffer(18)>   requestByte: 0 0 0 91 
Oct 24, 2016 10:42:18 PM com.uniteksolusi.otomill.model.ArduinoModel pullFromDevice
FINE: ModelSimpleBuffer(18)>   responseByte: 2 0 0 91 
Oct 24, 2016 10:42:18 PM com.uniteksolusi.otomill.model.ArduinoModel pushToDevice
FINE: ModelSimpleBuffer(18)> pushToDevice()
Oct 24, 2016 10:42:18 PM com.uniteksolusi.otomill.model.ArduinoModel pushToDevice
FINE: ModelSimpleBuffer(18)>   pinState:  00000000 000000
Oct 24, 2016 10:42:18 PM com.uniteksolusi.otomill.model.ArduinoModel pushToDevice
FINE: ModelSimpleBuffer(18)>   requestByte: 2 0 0 193 
Oct 24, 2016 10:42:18 PM com.uniteksolusi.otomill.model.ArduinoModel pushToDevice
FINE: ModelSimpleBuffer(18)>   responseByte: 2 0 0 193 
Oct 24, 2016 10:42:18 PM com.uniteksolusi.otomill.model.ArduinoModel run
FINE: ModelSimpleBuffer(18)> loop()

Oct 24, 2016 10:42:18 PM com.uniteksolusi.otomill.model.ArduinoModel pullFromDevice
FINE: ModelSimpleBuffer(18)> pullFromDevice()
Oct 24, 2016 10:42:18 PM com.uniteksolusi.otomill.model.ArduinoModel pullFromDevice
FINE: ModelSimpleBuffer(18)>   requestByte: 0 0 0 27 
Oct 24, 2016 10:42:18 PM com.uniteksolusi.otomill.model.ArduinoModel pullFromDevice
FINE: ModelSimpleBuffer(18)>   responseByte: 2 0 0 27 
Oct 24, 2016 10:42:18 PM com.uniteksolusi.otomill.model.ArduinoModel pushToDevice
FINE: ModelSimpleBuffer(18)> pushToDevice()
Oct 24, 2016 10:42:18 PM com.uniteksolusi.otomill.model.ArduinoModel pushToDevice
FINE: ModelSimpleBuffer(18)>   pinState:  00000000 000000
Oct 24, 2016 10:42:18 PM com.uniteksolusi.otomill.model.ArduinoModel pushToDevice
FINE: ModelSimpleBuffer(18)>   requestByte: 2 0 0 128 
Oct 24, 2016 10:42:18 PM com.uniteksolusi.otomill.model.ArduinoModel pushToDevice
FINE: ModelSimpleBuffer(18)>   responseByte: 2 0 0 128 
Oct 24, 2016 10:42:19 PM com.uniteksolusi.otomill.model.ArduinoModel run
FINE: ModelSimpleBuffer(18)> loop()

Oct 24, 2016 10:42:19 PM com.uniteksolusi.otomill.model.ArduinoModel pullFromDevice
FINE: ModelSimpleBuffer(18)> pullFromDevice()
Oct 24, 2016 10:42:19 PM com.uniteksolusi.otomill.model.ArduinoModel pullFromDevice
FINE: ModelSimpleBuffer(18)>   requestByte: 0 0 0 233 
Oct 24, 2016 10:42:19 PM com.uniteksolusi.otomill.model.ArduinoModel pullFromDevice
FINE: ModelSimpleBuffer(18)>   responseByte: 2 0 0 233 
Oct 24, 2016 10:42:19 PM com.uniteksolusi.otomill.model.ArduinoModel pushToDevice
FINE: ModelSimpleBuffer(18)> pushToDevice()
Oct 24, 2016 10:42:19 PM com.uniteksolusi.otomill.model.ArduinoModel pushToDevice
FINE: ModelSimpleBuffer(18)>   pinState:  00000000 000000
Oct 24, 2016 10:42:19 PM com.uniteksolusi.otomill.model.ArduinoModel pushToDevice
FINE: ModelSimpleBuffer(18)>   requestByte: 2 0 0 78 
Oct 24, 2016 10:42:19 PM com.uniteksolusi.otomill.model.ArduinoModel pushToDevice
FINE: ModelSimpleBuffer(18)>   responseByte: 2 0 0 78 
Oct 24, 2016 10:42:20 PM com.uniteksolusi.otomill.model.ArduinoModel run
FINE: ModelSimpleBuffer(18)> loop()

Oct 24, 2016 10:42:20 PM com.uniteksolusi.otomill.model.ArduinoModel pullFromDevice
FINE: ModelSimpleBuffer(18)> pullFromDevice()
Oct 24, 2016 10:42:20 PM com.uniteksolusi.otomill.model.ArduinoModel pullFromDevice
FINE: ModelSimpleBuffer(18)>   requestByte: 0 0 0 167 
Oct 24, 2016 10:42:20 PM com.uniteksolusi.otomill.model.ArduinoModel pullFromDevice
FINE: ModelSimpleBuffer(18)>   responseByte: 2 0 0 167 
Oct 24, 2016 10:42:20 PM com.uniteksolusi.otomill.model.ArduinoModel pushToDevice
FINE: ModelSimpleBuffer(18)> pushToDevice()
Oct 24, 2016 10:42:20 PM com.uniteksolusi.otomill.model.ArduinoModel pushToDevice
FINE: ModelSimpleBuffer(18)>   pinState:  00000000 000000
Oct 24, 2016 10:42:20 PM com.uniteksolusi.otomill.model.ArduinoModel pushToDevice
FINE: ModelSimpleBuffer(18)>   requestByte: 2 0 0 12 
Oct 24, 2016 10:42:20 PM com.uniteksolusi.otomill.model.ArduinoModel pushToDevice
FINE: ModelSimpleBuffer(18)>   responseByte: 2 0 0 12 
Oct 24, 2016 10:42:20 PM com.uniteksolusi.otomill.model.ArduinoModel run
FINE: ModelSimpleBuffer(18)> loop()

Oct 24, 2016 10:42:20 PM com.uniteksolusi.otomill.model.ArduinoModel pullFromDevice
FINE: ModelSimpleBuffer(18)> pullFromDevice()
Oct 24, 2016 10:42:20 PM com.uniteksolusi.otomill.model.ArduinoModel pullFromDevice
FINE: ModelSimpleBuffer(18)>   requestByte: 0 0 0 149 
Oct 24, 2016 10:42:20 PM com.uniteksolusi.otomill.model.ArduinoModel pullFromDevice
FINE: ModelSimpleBuffer(18)>   responseByte: 2 0 0 149 
Oct 24, 2016 10:42:20 PM com.uniteksolusi.otomill.model.ArduinoModel pushToDevice
FINE: ModelSimpleBuffer(18)> pushToDevice()
Oct 24, 2016 10:42:20 PM com.uniteksolusi.otomill.model.ArduinoModel pushToDevice
FINE: ModelSimpleBuffer(18)>   pinState:  00000000 000000
Oct 24, 2016 10:42:20 PM com.uniteksolusi.otomill.model.ArduinoModel pushToDevice
FINE: ModelSimpleBuffer(18)>   requestByte: 2 0 0 249 
Oct 24, 2016 10:42:21 PM com.uniteksolusi.otomill.model.ArduinoModel pushToDevice
FINE: ModelSimpleBuffer(18)>   responseByte: 2 0 0 249 
Oct 24, 2016 10:42:21 PM com.uniteksolusi.otomill.model.ArduinoModel run
FINE: ModelSimpleBuffer(18)> loop()

Oct 24, 2016 10:42:21 PM com.uniteksolusi.otomill.model.ArduinoModel pullFromDevice
FINE: ModelSimpleBuffer(18)> pullFromDevice()
Oct 24, 2016 10:42:21 PM com.uniteksolusi.otomill.model.ArduinoModel pullFromDevice
FINE: ModelSimpleBuffer(18)>   requestByte: 0 0 0 83 
Oct 24, 2016 10:42:21 PM com.uniteksolusi.otomill.model.ArduinoModel pullFromDevice
FINE: ModelSimpleBuffer(18)>   responseByte: 2 0 0 83 
Oct 24, 2016 10:42:21 PM com.uniteksolusi.otomill.model.ArduinoModel pushToDevice
FINE: ModelSimpleBuffer(18)> pushToDevice()
Oct 24, 2016 10:42:21 PM com.uniteksolusi.otomill.model.ArduinoModel pushToDevice
FINE: ModelSimpleBuffer(18)>   pinState:  00000000 000000
Oct 24, 2016 10:42:21 PM com.uniteksolusi.otomill.model.ArduinoModel pushToDevice
FINE: ModelSimpleBuffer(18)>   requestByte: 2 0 0 184 
Oct 24, 2016 10:42:21 PM com.uniteksolusi.otomill.model.ArduinoModel pushToDevice
FINE: ModelSimpleBuffer(18)>   responseByte: 2 0 0 184 
Oct 24, 2016 10:42:22 PM com.uniteksolusi.otomill.model.ArduinoModel run
FINE: ModelSimpleBuffer(18)> loop()

Oct 24, 2016 10:42:22 PM com.uniteksolusi.otomill.model.ArduinoModel pullFromDevice
FINE: ModelSimpleBuffer(18)> pullFromDevice()
Oct 24, 2016 10:42:22 PM com.uniteksolusi.otomill.model.ArduinoModel pullFromDevice
FINE: ModelSimpleBuffer(18)>   requestByte: 0 0 0 17 
Oct 24, 2016 10:42:22 PM com.uniteksolusi.otomill.model.ArduinoModel pullFromDevice
FINE: ModelSimpleBuffer(18)>   responseByte: 2 0 0 17 
Oct 24, 2016 10:42:22 PM com.uniteksolusi.otomill.model.ArduinoModel pushToDevice
FINE: ModelSimpleBuffer(18)> pushToDevice()
Oct 24, 2016 10:42:22 PM com.uniteksolusi.otomill.model.ArduinoModel pushToDevice
FINE: ModelSimpleBuffer(18)>   pinState:  00000000 000000
Oct 24, 2016 10:42:22 PM com.uniteksolusi.otomill.model.ArduinoModel pushToDevice
FINE: ModelSimpleBuffer(18)>   requestByte: 2 0 0 117 
Oct 24, 2016 10:42:22 PM com.uniteksolusi.otomill.model.ArduinoModel pushToDevice
FINE: ModelSimpleBuffer(18)>   responseByte: 2 0 0 117 
Oct 24, 2016 10:42:22 PM com.uniteksolusi.otomill.model.ArduinoModel run
FINE: ModelSimpleBuffer(18)> loop()

Oct 24, 2016 10:42:22 PM com.uniteksolusi.otomill.model.ArduinoModel pullFromDevice
FINE: ModelSimpleBuffer(18)> pullFromDevice()
Oct 24, 2016 10:42:22 PM com.uniteksolusi.otomill.model.ArduinoModel pullFromDevice
FINE: ModelSimpleBuffer(18)>   requestByte: 0 0 0 205 
Oct 24, 2016 10:42:23 PM com.uniteksolusi.otomill.model.ArduinoModel pullFromDevice
FINE: ModelSimpleBuffer(18)>   responseByte: 2 0 0 205 
Oct 24, 2016 10:42:23 PM com.uniteksolusi.otomill.model.ArduinoModel pushToDevice
FINE: ModelSimpleBuffer(18)> pushToDevice()
Oct 24, 2016 10:42:23 PM com.uniteksolusi.otomill.model.ArduinoModel pushToDevice
FINE: ModelSimpleBuffer(18)>   pinState:  00000000 000000
Oct 24, 2016 10:42:23 PM com.uniteksolusi.otomill.model.ArduinoModel pushToDevice
FINE: ModelSimpleBuffer(18)>   requestByte: 2 0 0 50 
Oct 24, 2016 10:42:23 PM com.uniteksolusi.otomill.model.ArduinoModel pushToDevice
FINE: ModelSimpleBuffer(18)>   responseByte: 2 0 0 50 
Oct 24, 2016 10:42:23 PM com.uniteksolusi.otomill.model.ArduinoModel run
FINE: ModelSimpleBuffer(18)> loop()

Oct 24, 2016 10:42:23 PM com.uniteksolusi.otomill.model.ArduinoModel pullFromDevice
FINE: ModelSimpleBuffer(18)> pullFromDevice()
Oct 24, 2016 10:42:23 PM com.uniteksolusi.otomill.model.ArduinoModel pullFromDevice
FINE: ModelSimpleBuffer(18)>   requestByte: 0 0 0 139 
Oct 24, 2016 10:42:23 PM com.uniteksolusi.otomill.model.ArduinoModel pullFromDevice
FINE: ModelSimpleBuffer(18)>   responseByte: 2 0 0 139 
Oct 24, 2016 10:42:23 PM com.uniteksolusi.otomill.model.ArduinoModel pushToDevice
FINE: ModelSimpleBuffer(18)> pushToDevice()
Oct 24, 2016 10:42:23 PM com.uniteksolusi.otomill.model.ArduinoModel pushToDevice
FINE: ModelSimpleBuffer(18)>   pinState:  00000000 000000
Oct 24, 2016 10:42:23 PM com.uniteksolusi.otomill.model.ArduinoModel pushToDevice
FINE: ModelSimpleBuffer(18)>   requestByte: 2 0 0 239 
Oct 24, 2016 10:42:23 PM com.uniteksolusi.otomill.model.ArduinoModel pushToDevice
FINE: ModelSimpleBuffer(18)>   responseByte: 2 0 0 239 
2016-10-24 22:45:13 FINE com.uniteksolusi.otomill.model.ArduinoModel pullFromDevice ModelSimpleBuffer(18)> pullFromDevice()
2016-10-24 22:45:13 FINE com.uniteksolusi.otomill.model.ArduinoModel pullFromDevice ModelSimpleBuffer(18)>   requestByte: 0 0 0 218 
2016-10-24 22:45:13 FINE com.uniteksolusi.otomill.model.ArduinoModel pullFromDevice ModelSimpleBuffer(18)>   responseByte: 0 0 0 218 
2016-10-24 22:45:13 FINE com.uniteksolusi.otomill.model.ArduinoModel run ModelSimpleBuffer(18)> Not Initialized Yet
2016-10-24 22:45:13 FINE com.uniteksolusi.otomill.model.ArduinoModel initializeToDevice ModelSimpleBuffer(18)> initializeToDevice()
2016-10-24 22:45:13 FINE com.uniteksolusi.otomill.model.ArduinoModel initializeToDevice ModelSimpleBuffer(18)> Pin MDOE:  00000100 010001
2016-10-24 22:45:13 FINE com.uniteksolusi.otomill.model.ArduinoModel initializeToDevice ModelSimpleBuffer(18)> 1 32 34 73 
2016-10-24 22:45:14 FINE com.uniteksolusi.otomill.model.ArduinoModel run ModelSimpleBuffer(18)> loop()

2016-10-24 22:45:14 FINE com.uniteksolusi.otomill.model.ArduinoModel pullFromDevice ModelSimpleBuffer(18)> pullFromDevice()
2016-10-24 22:45:14 FINE com.uniteksolusi.otomill.model.ArduinoModel pullFromDevice ModelSimpleBuffer(18)>   requestByte: 0 0 0 171 
2016-10-24 22:45:14 FINE com.uniteksolusi.otomill.model.ArduinoModel pullFromDevice ModelSimpleBuffer(18)>   responseByte: 2 0 0 171 
2016-10-24 22:45:14 FINE com.uniteksolusi.otomill.model.ArduinoModel pushToDevice ModelSimpleBuffer(18)> pushToDevice()
2016-10-24 22:45:14 FINE com.uniteksolusi.otomill.model.ArduinoModel pushToDevice ModelSimpleBuffer(18)>   pinState:  00000000 000000
2016-10-24 22:45:14 FINE com.uniteksolusi.otomill.model.ArduinoModel pushToDevice ModelSimpleBuffer(18)>   requestByte: 2 0 0 28 
2016-10-24 22:45:14 FINE com.uniteksolusi.otomill.model.ArduinoModel pushToDevice ModelSimpleBuffer(18)>   responseByte: 2 0 0 28 
2016-10-24 22:45:14 FINE com.uniteksolusi.otomill.model.ArduinoModel run ModelSimpleBuffer(18)> loop()

2016-10-24 22:45:14 FINE com.uniteksolusi.otomill.model.ArduinoModel pullFromDevice ModelSimpleBuffer(18)> pullFromDevice()
2016-10-24 22:45:14 FINE com.uniteksolusi.otomill.model.ArduinoModel pullFromDevice ModelSimpleBuffer(18)>   requestByte: 0 0 0 128 
2016-10-24 22:45:14 FINE com.uniteksolusi.otomill.model.ArduinoModel pullFromDevice ModelSimpleBuffer(18)>   responseByte: 2 0 0 128 
2016-10-24 22:45:14 FINE com.uniteksolusi.otomill.model.ArduinoModel pushToDevice ModelSimpleBuffer(18)> pushToDevice()
2016-10-24 22:45:14 FINE com.uniteksolusi.otomill.model.ArduinoModel pushToDevice ModelSimpleBuffer(18)>   pinState:  00000000 000000
2016-10-24 22:45:14 FINE com.uniteksolusi.otomill.model.ArduinoModel pushToDevice ModelSimpleBuffer(18)>   requestByte: 2 0 0 230 
2016-10-24 22:45:15 FINE com.uniteksolusi.otomill.model.ArduinoModel pushToDevice ModelSimpleBuffer(18)>   responseByte: 2 0 0 230 
2016-10-24 22:45:15 FINE com.uniteksolusi.otomill.model.ArduinoModel run ModelSimpleBuffer(18)> loop()

2016-10-24 22:45:15 FINE com.uniteksolusi.otomill.model.ArduinoModel pullFromDevice ModelSimpleBuffer(18)> pullFromDevice()
2016-10-24 22:45:15 FINE com.uniteksolusi.otomill.model.ArduinoModel pullFromDevice ModelSimpleBuffer(18)>   requestByte: 0 0 0 67 
2016-10-24 22:45:15 FINE com.uniteksolusi.otomill.model.ArduinoModel pullFromDevice ModelSimpleBuffer(18)>   responseByte: 2 0 0 67 
2016-10-24 22:45:15 FINE com.uniteksolusi.otomill.model.ArduinoModel pushToDevice ModelSimpleBuffer(18)> pushToDevice()
2016-10-24 22:45:15 FINE com.uniteksolusi.otomill.model.ArduinoModel pushToDevice ModelSimpleBuffer(18)>   pinState:  00000000 000000
2016-10-24 22:45:15 FINE com.uniteksolusi.otomill.model.ArduinoModel pushToDevice ModelSimpleBuffer(18)>   requestByte: 2 0 0 171 
2016-10-24 22:45:15 FINE com.uniteksolusi.otomill.model.ArduinoModel pushToDevice ModelSimpleBuffer(18)>   responseByte: 2 0 0 171 
2016-10-24 22:45:16 FINE com.uniteksolusi.otomill.model.ArduinoModel run ModelSimpleBuffer(18)> loop()

2016-10-24 22:45:16 FINE com.uniteksolusi.otomill.model.ArduinoModel pullFromDevice ModelSimpleBuffer(18)> pullFromDevice()
2016-10-24 22:45:16 FINE com.uniteksolusi.otomill.model.ArduinoModel pullFromDevice ModelSimpleBuffer(18)>   requestByte: 0 0 0 6 
2016-10-24 22:45:16 FINE com.uniteksolusi.otomill.model.ArduinoModel pullFromDevice ModelSimpleBuffer(18)>   responseByte: 2 0 0 6 
2016-10-24 22:45:16 FINE com.uniteksolusi.otomill.model.ArduinoModel pushToDevice ModelSimpleBuffer(18)> pushToDevice()
2016-10-24 22:45:16 FINE com.uniteksolusi.otomill.model.ArduinoModel pushToDevice ModelSimpleBuffer(18)>   pinState:  00000000 000000
2016-10-24 22:45:16 FINE com.uniteksolusi.otomill.model.ArduinoModel pushToDevice ModelSimpleBuffer(18)>   requestByte: 2 0 0 106 
2016-10-24 22:45:16 FINE com.uniteksolusi.otomill.model.ArduinoModel pushToDevice ModelSimpleBuffer(18)>   responseByte: 2 0 0 106 
2016-10-24 22:45:16 FINE com.uniteksolusi.otomill.model.ArduinoModel run ModelSimpleBuffer(18)> loop()

2016-10-24 22:45:17 FINE com.uniteksolusi.otomill.model.ArduinoModel pullFromDevice ModelSimpleBuffer(18)> pullFromDevice()
2016-10-24 22:45:17 FINE com.uniteksolusi.otomill.model.ArduinoModel pullFromDevice ModelSimpleBuffer(18)>   requestByte: 0 0 0 201 
2016-10-24 22:45:17 FINE com.uniteksolusi.otomill.model.ArduinoModel pullFromDevice ModelSimpleBuffer(18)>   responseByte: 2 0 0 201 
2016-10-24 22:45:17 FINE com.uniteksolusi.otomill.model.ArduinoModel pushToDevice ModelSimpleBuffer(18)> pushToDevice()
2016-10-24 22:45:17 FINE com.uniteksolusi.otomill.model.ArduinoModel pushToDevice ModelSimpleBuffer(18)>   pinState:  00000000 000000
2016-10-24 22:45:17 FINE com.uniteksolusi.otomill.model.ArduinoModel pushToDevice ModelSimpleBuffer(18)>   requestByte: 2 0 0 51 
2016-10-24 22:45:17 FINE com.uniteksolusi.otomill.model.ArduinoModel pushToDevice ModelSimpleBuffer(18)>   responseByte: 2 0 0 51 
2016-10-24 22:45:17 FINE com.uniteksolusi.otomill.model.ArduinoModel run ModelSimpleBuffer(18)> loop()

2016-10-24 22:45:17 FINE com.uniteksolusi.otomill.model.ArduinoModel pullFromDevice ModelSimpleBuffer(18)> pullFromDevice()
2016-10-24 22:45:17 FINE com.uniteksolusi.otomill.model.ArduinoModel pullFromDevice ModelSimpleBuffer(18)>   requestByte: 0 0 0 146 
Oct 24, 2016 10:45:22 PM com.uniteksolusi.otomill.model.ArduinoModel pullFromDevice
FINE: ModelSimpleBuffer(18)> pullFromDevice()
Oct 24, 2016 10:45:22 PM com.uniteksolusi.otomill.model.ArduinoModel pullFromDevice
FINE: ModelSimpleBuffer(18)>   requestByte: 0 0 0 230 
Oct 24, 2016 10:45:22 PM com.uniteksolusi.otomill.model.ArduinoModel pullFromDevice
FINE: ModelSimpleBuffer(18)>   responseByte: 0 0 0 230 
Oct 24, 2016 10:45:22 PM com.uniteksolusi.otomill.model.ArduinoModel run
FINE: ModelSimpleBuffer(18)> Not Initialized Yet
Oct 24, 2016 10:45:22 PM com.uniteksolusi.otomill.model.ArduinoModel initializeToDevice
FINE: ModelSimpleBuffer(18)> initializeToDevice()
Oct 24, 2016 10:45:22 PM com.uniteksolusi.otomill.model.ArduinoModel initializeToDevice
FINE: ModelSimpleBuffer(18)> Pin MDOE:  00000100 010001
Oct 24, 2016 10:45:22 PM com.uniteksolusi.otomill.model.ArduinoModel initializeToDevice
FINE: ModelSimpleBuffer(18)> 1 32 34 120 
Oct 24, 2016 10:45:23 PM com.uniteksolusi.otomill.model.ArduinoModel run
FINE: ModelSimpleBuffer(18)> loop()

Oct 24, 2016 10:45:23 PM com.uniteksolusi.otomill.model.ArduinoModel pullFromDevice
FINE: ModelSimpleBuffer(18)> pullFromDevice()
Oct 24, 2016 10:45:23 PM com.uniteksolusi.otomill.model.ArduinoModel pullFromDevice
FINE: ModelSimpleBuffer(18)>   requestByte: 0 0 0 224 
Oct 24, 2016 10:45:23 PM com.uniteksolusi.otomill.model.ArduinoModel pullFromDevice
FINE: ModelSimpleBuffer(18)>   responseByte: 2 0 0 224 
Oct 24, 2016 10:45:23 PM com.uniteksolusi.otomill.model.ArduinoModel pushToDevice
FINE: ModelSimpleBuffer(18)> pushToDevice()
Oct 24, 2016 10:45:23 PM com.uniteksolusi.otomill.model.ArduinoModel pushToDevice
FINE: ModelSimpleBuffer(18)>   pinState:  00000000 000000
Oct 24, 2016 10:45:23 PM com.uniteksolusi.otomill.model.ArduinoModel pushToDevice
FINE: ModelSimpleBuffer(18)>   requestByte: 2 0 0 88 
Oct 24, 2016 10:45:23 PM com.uniteksolusi.otomill.model.ArduinoModel pushToDevice
FINE: ModelSimpleBuffer(18)>   responseByte: 2 0 0 88 
Oct 24, 2016 10:45:24 PM com.uniteksolusi.otomill.model.ArduinoModel run
FINE: ModelSimpleBuffer(18)> loop()

Oct 24, 2016 10:45:24 PM com.uniteksolusi.otomill.model.ArduinoModel pullFromDevice
FINE: ModelSimpleBuffer(18)> pullFromDevice()
Oct 24, 2016 10:45:24 PM com.uniteksolusi.otomill.model.ArduinoModel pullFromDevice
FINE: ModelSimpleBuffer(18)>   requestByte: 0 0 0 191 
Oct 24, 2016 10:45:24 PM com.uniteksolusi.otomill.model.ArduinoModel pullFromDevice
FINE: ModelSimpleBuffer(18)>   responseByte: 2 0 0 191 
Oct 24, 2016 10:45:24 PM com.uniteksolusi.otomill.model.ArduinoModel pushToDevice
FINE: ModelSimpleBuffer(18)> pushToDevice()
Oct 24, 2016 10:45:24 PM com.uniteksolusi.otomill.model.ArduinoModel pushToDevice
FINE: ModelSimpleBuffer(18)>   pinState:  00000000 000000
Oct 24, 2016 10:45:24 PM com.uniteksolusi.otomill.model.ArduinoModel pushToDevice
FINE: ModelSimpleBuffer(18)>   requestByte: 2 0 0 39 
Oct 24, 2016 10:45:24 PM com.uniteksolusi.otomill.model.ArduinoModel pushToDevice
FINE: ModelSimpleBuffer(18)>   responseByte: 2 0 0 39 
Oct 24, 2016 10:45:24 PM com.uniteksolusi.otomill.model.ArduinoModel run
FINE: ModelSimpleBuffer(18)> loop()

Oct 24, 2016 10:45:24 PM com.uniteksolusi.otomill.model.ArduinoModel pullFromDevice
FINE: ModelSimpleBuffer(18)> pullFromDevice()
Oct 24, 2016 10:45:24 PM com.uniteksolusi.otomill.model.ArduinoModel pullFromDevice
FINE: ModelSimpleBuffer(18)>   requestByte: 0 0 0 176 
Oct 24, 2016 10:45:25 PM com.uniteksolusi.otomill.model.ArduinoModel pullFromDevice
FINE: ModelSimpleBuffer(18)>   responseByte: 2 0 0 176 
Oct 24, 2016 10:45:25 PM com.uniteksolusi.otomill.model.ArduinoModel pushToDevice
FINE: ModelSimpleBuffer(18)> pushToDevice()
Oct 24, 2016 10:45:25 PM com.uniteksolusi.otomill.model.ArduinoModel pushToDevice
FINE: ModelSimpleBuffer(18)>   pinState:  00000000 000000
Oct 24, 2016 10:45:25 PM com.uniteksolusi.otomill.model.ArduinoModel pushToDevice
FINE: ModelSimpleBuffer(18)>   requestByte: 2 0 0 22 
Oct 24, 2016 10:45:25 PM com.uniteksolusi.otomill.model.ArduinoModel pushToDevice
FINE: ModelSimpleBuffer(18)>   responseByte: 2 0 0 22 
Oct 24, 2016 10:45:25 PM com.uniteksolusi.otomill.model.ArduinoModel run
FINE: ModelSimpleBuffer(18)> loop()

Oct 24, 2016 10:45:25 PM com.uniteksolusi.otomill.model.ArduinoModel pullFromDevice
FINE: ModelSimpleBuffer(18)> pullFromDevice()
Oct 24, 2016 10:45:25 PM com.uniteksolusi.otomill.model.ArduinoModel pullFromDevice
FINE: ModelSimpleBuffer(18)>   requestByte: 0 0 0 112 
Oct 24, 2016 10:45:25 PM com.uniteksolusi.otomill.model.ArduinoModel pullFromDevice
FINE: ModelSimpleBuffer(18)>   responseByte: 2 0 0 112 
Oct 24, 2016 10:45:25 PM com.uniteksolusi.otomill.model.ArduinoModel pushToDevice
FINE: ModelSimpleBuffer(18)> pushToDevice()
Oct 24, 2016 10:45:25 PM com.uniteksolusi.otomill.model.ArduinoModel pushToDevice
FINE: ModelSimpleBuffer(18)>   pinState:  00000000 000000
Oct 24, 2016 10:45:25 PM com.uniteksolusi.otomill.model.ArduinoModel pushToDevice
FINE: ModelSimpleBuffer(18)>   requestByte: 2 0 0 214 
Oct 24, 2016 10:45:25 PM com.uniteksolusi.otomill.model.ArduinoModel pushToDevice
FINE: ModelSimpleBuffer(18)>   responseByte: 2 0 0 214 
Oct 24, 2016 10:45:26 PM com.uniteksolusi.otomill.model.ArduinoModel run
FINE: ModelSimpleBuffer(18)> loop()

Oct 24, 2016 10:45:26 PM com.uniteksolusi.otomill.model.ArduinoModel pullFromDevice
FINE: ModelSimpleBuffer(18)> pullFromDevice()
Oct 24, 2016 10:45:26 PM com.uniteksolusi.otomill.model.ArduinoModel pullFromDevice
FINE: ModelSimpleBuffer(18)>   requestByte: 0 0 0 47 
Oct 24, 2016 10:45:26 PM com.uniteksolusi.otomill.model.ArduinoModel pullFromDevice
FINE: ModelSimpleBuffer(18)>   responseByte: 2 0 0 47 
Oct 24, 2016 10:45:26 PM com.uniteksolusi.otomill.model.ArduinoModel pushToDevice
FINE: ModelSimpleBuffer(18)> pushToDevice()
Oct 24, 2016 10:45:26 PM com.uniteksolusi.otomill.model.ArduinoModel pushToDevice
FINE: ModelSimpleBuffer(18)>   pinState:  00000000 000000
Oct 24, 2016 10:45:26 PM com.uniteksolusi.otomill.model.ArduinoModel pushToDevice
FINE: ModelSimpleBuffer(18)>   requestByte: 2 0 0 149 
Oct 24, 2016 10:45:26 PM com.uniteksolusi.otomill.model.ArduinoModel pushToDevice
FINE: ModelSimpleBuffer(18)>   responseByte: 2 0 0 149 
2016-10-24 22:45:41 FINE com.uniteksolusi.otomill.model.ArduinoModel pullFromDevice ModelSimpleBuffer(18)> pullFromDevice()
2016-10-24 22:45:41 FINE com.uniteksolusi.otomill.model.ArduinoModel pullFromDevice ModelSimpleBuffer(18)>   requestByte: 0 0 0 79 
2016-10-24 22:45:41 FINE com.uniteksolusi.otomill.model.ArduinoModel pullFromDevice ModelSimpleBuffer(18)>   responseByte: 0 0 0 79 
2016-10-24 22:45:41 FINE com.uniteksolusi.otomill.model.ArduinoModel run ModelSimpleBuffer(18)> Not Initialized Yet
2016-10-24 22:45:41 FINE com.uniteksolusi.otomill.model.ArduinoModel initializeToDevice ModelSimpleBuffer(18)> initializeToDevice()
2016-10-24 22:45:41 FINE com.uniteksolusi.otomill.model.ArduinoModel initializeToDevice ModelSimpleBuffer(18)> Pin MDOE:  00000100 010001
2016-10-24 22:45:41 FINE com.uniteksolusi.otomill.model.ArduinoModel initializeToDevice ModelSimpleBuffer(18)> 1 32 34 187 
2016-10-24 22:45:42 FINE com.uniteksolusi.otomill.model.ArduinoModel run ModelSimpleBuffer(18)> loop()

2016-10-24 22:45:42 FINE com.uniteksolusi.otomill.model.ArduinoModel pullFromDevice ModelSimpleBuffer(18)> pullFromDevice()
2016-10-24 22:45:42 FINE com.uniteksolusi.otomill.model.ArduinoModel pullFromDevice ModelSimpleBuffer(18)>   requestByte: 0 0 0 35 
2016-10-24 22:45:42 FINE com.uniteksolusi.otomill.model.ArduinoModel pullFromDevice ModelSimpleBuffer(18)>   responseByte: 2 0 0 35 
2016-10-24 22:45:42 FINE com.uniteksolusi.otomill.model.ArduinoModel pushToDevice ModelSimpleBuffer(18)> pushToDevice()
2016-10-24 22:45:42 FINE com.uniteksolusi.otomill.model.ArduinoModel pushToDevice ModelSimpleBuffer(18)>   pinState:  00000000 000000
2016-10-24 22:45:42 FINE com.uniteksolusi.otomill.model.ArduinoModel pushToDevice ModelSimpleBuffer(18)>   requestByte: 2 0 0 148 
2016-10-24 22:45:42 FINE com.uniteksolusi.otomill.model.ArduinoModel pushToDevice ModelSimpleBuffer(18)>   responseByte: 2 0 0 148 
2016-10-24 22:45:43 FINE com.uniteksolusi.otomill.model.ArduinoModel run ModelSimpleBuffer(18)> loop()

2016-10-24 22:45:43 FINE com.uniteksolusi.otomill.model.ArduinoModel pullFromDevice ModelSimpleBuffer(18)> pullFromDevice()
2016-10-24 22:45:43 FINE com.uniteksolusi.otomill.model.ArduinoModel pullFromDevice ModelSimpleBuffer(18)>   requestByte: 0 0 0 0 
2016-10-24 22:45:43 FINE com.uniteksolusi.otomill.model.ArduinoModel pullFromDevice ModelSimpleBuffer(18)>   responseByte: 2 0 0 0 
2016-10-24 22:45:43 FINE com.uniteksolusi.otomill.model.ArduinoModel pushToDevice ModelSimpleBuffer(18)> pushToDevice()
2016-10-24 22:45:43 FINE com.uniteksolusi.otomill.model.ArduinoModel pushToDevice ModelSimpleBuffer(18)>   pinState:  00000000 000000
2016-10-24 22:45:43 FINE com.uniteksolusi.otomill.model.ArduinoModel pushToDevice ModelSimpleBuffer(18)>   requestByte: 2 0 0 105 
2016-10-24 22:45:43 FINE com.uniteksolusi.otomill.model.ArduinoModel pushToDevice ModelSimpleBuffer(18)>   responseByte: 2 0 0 105 
2016-10-24 22:45:43 FINE com.uniteksolusi.otomill.model.ArduinoModel run ModelSimpleBuffer(18)> loop()

2016-10-24 22:45:43 FINE com.uniteksolusi.otomill.model.ArduinoModel pullFromDevice ModelSimpleBuffer(18)> pullFromDevice()
2016-10-24 22:45:43 FINE com.uniteksolusi.otomill.model.ArduinoModel pullFromDevice ModelSimpleBuffer(18)>   requestByte: 0 0 0 199 
2016-10-24 22:45:43 FINE com.uniteksolusi.otomill.model.ArduinoModel pullFromDevice ModelSimpleBuffer(18)>   responseByte: 2 0 0 199 
2016-10-24 22:45:43 FINE com.uniteksolusi.otomill.model.ArduinoModel pushToDevice ModelSimpleBuffer(18)> pushToDevice()
2016-10-24 22:45:43 FINE com.uniteksolusi.otomill.model.ArduinoModel pushToDevice ModelSimpleBuffer(18)>   pinState:  00000000 000000
2016-10-24 22:45:43 FINE com.uniteksolusi.otomill.model.ArduinoModel pushToDevice ModelSimpleBuffer(18)>   requestByte: 2 0 0 44 
2016-10-24 22:45:44 FINE com.uniteksolusi.otomill.model.ArduinoModel pushToDevice ModelSimpleBuffer(18)>   responseByte: 2 0 0 44 
2016-10-24 22:45:44 FINE com.uniteksolusi.otomill.model.ArduinoModel run ModelSimpleBuffer(18)> loop()

2016-10-24 22:45:44 FINE com.uniteksolusi.otomill.model.ArduinoModel pullFromDevice ModelSimpleBuffer(18)> pullFromDevice()
2016-10-24 22:45:44 FINE com.uniteksolusi.otomill.model.ArduinoModel pullFromDevice ModelSimpleBuffer(18)>   requestByte: 0 0 0 133 
2016-10-24 22:45:44 FINE com.uniteksolusi.otomill.model.ArduinoModel pullFromDevice ModelSimpleBuffer(18)>   responseByte: 2 0 0 133 
2016-10-24 22:45:44 FINE com.uniteksolusi.otomill.model.ArduinoModel pushToDevice ModelSimpleBuffer(18)> pushToDevice()
2016-10-24 22:45:44 FINE com.uniteksolusi.otomill.model.ArduinoModel pushToDevice ModelSimpleBuffer(18)>   pinState:  00000000 000000
2016-10-24 22:45:44 FINE com.uniteksolusi.otomill.model.ArduinoModel pushToDevice ModelSimpleBuffer(18)>   requestByte: 2 0 0 234 
2016-10-24 22:45:44 FINE com.uniteksolusi.otomill.model.ArduinoModel pushToDevice ModelSimpleBuffer(18)>   responseByte: 2 0 0 234 
2016-10-24 22:45:45 FINE com.uniteksolusi.otomill.model.ArduinoModel run ModelSimpleBuffer(18)> loop()

2016-10-24 22:45:45 FINE com.uniteksolusi.otomill.model.ArduinoModel pullFromDevice ModelSimpleBuffer(18)> pullFromDevice()
2016-10-24 22:45:45 FINE com.uniteksolusi.otomill.model.ArduinoModel pullFromDevice ModelSimpleBuffer(18)>   requestByte: 0 0 0 69 
2016-10-24 22:45:45 FINE com.uniteksolusi.otomill.model.ArduinoModel pullFromDevice ModelSimpleBuffer(18)>   responseByte: 2 0 0 69 
2016-10-24 22:45:45 FINE com.uniteksolusi.otomill.model.ArduinoModel pushToDevice ModelSimpleBuffer(18)> pushToDevice()
2016-10-24 22:45:45 FINE com.uniteksolusi.otomill.model.ArduinoModel pushToDevice ModelSimpleBuffer(18)>   pinState:  00000000 000000
2016-10-24 22:45:45 FINE com.uniteksolusi.otomill.model.ArduinoModel pushToDevice ModelSimpleBuffer(18)>   requestByte: 2 0 0 171 
2016-10-24 22:45:45 FINE com.uniteksolusi.otomill.model.ArduinoModel pushToDevice ModelSimpleBuffer(18)>   responseByte: 2 0 0 171 
2016-10-24 22:45:45 FINE com.uniteksolusi.otomill.model.ArduinoModel run ModelSimpleBuffer(18)> loop()

2016-10-24 22:45:45 FINE com.uniteksolusi.otomill.model.ArduinoModel pullFromDevice ModelSimpleBuffer(18)> pullFromDevice()
2016-10-24 22:45:45 FINE com.uniteksolusi.otomill.model.ArduinoModel pullFromDevice ModelSimpleBuffer(18)>   requestByte: 0 0 0 4 
2016-10-24 22:45:46 FINE com.uniteksolusi.otomill.model.ArduinoModel pullFromDevice ModelSimpleBuffer(18)>   responseByte: 2 0 0 4 
2016-10-24 22:45:46 FINE com.uniteksolusi.otomill.model.ArduinoModel pushToDevice ModelSimpleBuffer(18)> pushToDevice()
2016-10-24 22:45:46 FINE com.uniteksolusi.otomill.model.ArduinoModel pushToDevice ModelSimpleBuffer(18)>   pinState:  00000000 000000
2016-10-24 22:45:46 FINE com.uniteksolusi.otomill.model.ArduinoModel pushToDevice ModelSimpleBuffer(18)>   requestByte: 2 0 0 106 
2016-10-24 22:45:46 FINE com.uniteksolusi.otomill.model.ArduinoModel pushToDevice ModelSimpleBuffer(18)>   responseByte: 2 0 0 106 
2016-10-24 22:45:46 FINE com.uniteksolusi.otomill.model.ArduinoModel run ModelSimpleBuffer(18)> loop()

2016-10-24 22:45:46 FINE com.uniteksolusi.otomill.model.ArduinoModel pullFromDevice ModelSimpleBuffer(18)> pullFromDevice()
2016-10-24 22:45:46 FINE com.uniteksolusi.otomill.model.ArduinoModel pullFromDevice ModelSimpleBuffer(18)>   requestByte: 0 0 0 196 
2016-10-24 22:45:46 FINE com.uniteksolusi.otomill.model.ArduinoModel pullFromDevice ModelSimpleBuffer(18)>   responseByte: 2 0 0 196 
2016-10-24 22:45:46 FINE com.uniteksolusi.otomill.model.ArduinoModel pushToDevice ModelSimpleBuffer(18)> pushToDevice()
2016-10-24 22:45:46 FINE com.uniteksolusi.otomill.model.ArduinoModel pushToDevice ModelSimpleBuffer(18)>   pinState:  00000000 000000
2016-10-24 22:45:46 FINE com.uniteksolusi.otomill.model.ArduinoModel pushToDevice ModelSimpleBuffer(18)>   requestByte: 2 0 0 40 
2016-10-24 22:45:46 FINE com.uniteksolusi.otomill.model.ArduinoModel pushToDevice ModelSimpleBuffer(18)>   responseByte: 2 0 0 40 
2016-10-24 22:45:47 FINE com.uniteksolusi.otomill.model.ArduinoModel run ModelSimpleBuffer(18)> loop()

2016-10-24 22:45:47 FINE com.uniteksolusi.otomill.model.ArduinoModel pullFromDevice ModelSimpleBuffer(18)> pullFromDevice()
2016-10-24 22:45:47 FINE com.uniteksolusi.otomill.model.ArduinoModel pullFromDevice ModelSimpleBuffer(18)>   requestByte: 0 0 0 130 
2016-10-24 22:45:47 FINE com.uniteksolusi.otomill.model.ArduinoModel pullFromDevice ModelSimpleBuffer(18)>   responseByte: 2 0 0 130 
2016-10-24 22:45:47 FINE com.uniteksolusi.otomill.model.ArduinoModel pushToDevice ModelSimpleBuffer(18)> pushToDevice()
2016-10-24 22:45:47 FINE com.uniteksolusi.otomill.model.ArduinoModel pushToDevice ModelSimpleBuffer(18)>   pinState:  00000000 000000
2016-10-24 22:45:47 FINE com.uniteksolusi.otomill.model.ArduinoModel pushToDevice ModelSimpleBuffer(18)>   requestByte: 2 0 0 230 
2016-10-24 22:45:47 FINE com.uniteksolusi.otomill.model.ArduinoModel pushToDevice ModelSimpleBuffer(18)>   responseByte: 2 0 0 230 
2016-10-24 22:45:48 FINE com.uniteksolusi.otomill.model.ArduinoModel run ModelSimpleBuffer(18)> loop()

2016-10-24 22:45:48 FINE com.uniteksolusi.otomill.model.ArduinoModel pullFromDevice ModelSimpleBuffer(18)> pullFromDevice()
2016-10-24 22:45:48 FINE com.uniteksolusi.otomill.model.ArduinoModel pullFromDevice ModelSimpleBuffer(18)>   requestByte: 0 0 0 63 
2016-10-24 22:45:48 FINE com.uniteksolusi.otomill.model.ArduinoModel pullFromDevice ModelSimpleBuffer(18)>   responseByte: 2 0 0 63 
2016-10-24 22:45:48 FINE com.uniteksolusi.otomill.model.ArduinoModel pushToDevice ModelSimpleBuffer(18)> pushToDevice()
2016-10-24 22:45:48 FINE com.uniteksolusi.otomill.model.ArduinoModel pushToDevice ModelSimpleBuffer(18)>   pinState:  00000000 000000
2016-10-24 22:45:48 FINE com.uniteksolusi.otomill.model.ArduinoModel pushToDevice ModelSimpleBuffer(18)>   requestByte: 2 0 0 164 
2016-10-24 22:45:48 FINE com.uniteksolusi.otomill.model.ArduinoModel pushToDevice ModelSimpleBuffer(18)>   responseByte: 2 0 0 164 
2016-10-24 22:45:48 FINE com.uniteksolusi.otomill.model.ArduinoModel run ModelSimpleBuffer(18)> loop()

2016-10-24 22:45:48 FINE com.uniteksolusi.otomill.model.ArduinoModel pullFromDevice ModelSimpleBuffer(18)> pullFromDevice()
2016-10-24 22:45:48 FINE com.uniteksolusi.otomill.model.ArduinoModel pullFromDevice ModelSimpleBuffer(18)>   requestByte: 0 0 0 254 
2016-10-24 22:45:48 FINE com.uniteksolusi.otomill.model.ArduinoModel pullFromDevice ModelSimpleBuffer(18)>   responseByte: 2 0 0 254 
2016-10-24 22:45:48 FINE com.uniteksolusi.otomill.model.ArduinoModel pushToDevice ModelSimpleBuffer(18)> pushToDevice()
2016-10-24 22:45:48 FINE com.uniteksolusi.otomill.model.ArduinoModel pushToDevice ModelSimpleBuffer(18)>   pinState:  00000000 000000
2016-10-24 22:45:48 FINE com.uniteksolusi.otomill.model.ArduinoModel pushToDevice ModelSimpleBuffer(18)>   requestByte: 2 0 0 98 
2016-10-24 22:45:48 FINE com.uniteksolusi.otomill.model.ArduinoModel pushToDevice ModelSimpleBuffer(18)>   responseByte: 2 0 0 98 
2016-10-24 22:45:49 FINE com.uniteksolusi.otomill.model.ArduinoModel run ModelSimpleBuffer(18)> loop()

2016-10-24 22:45:49 FINE com.uniteksolusi.otomill.model.ArduinoModel pullFromDevice ModelSimpleBuffer(18)> pullFromDevice()
2016-10-24 22:45:49 FINE com.uniteksolusi.otomill.model.ArduinoModel pullFromDevice ModelSimpleBuffer(18)>   requestByte: 0 0 0 188 
2016-10-24 22:45:49 FINE com.uniteksolusi.otomill.model.ArduinoModel pullFromDevice ModelSimpleBuffer(18)>   responseByte: 2 0 0 188 
2016-10-24 22:45:49 FINE com.uniteksolusi.otomill.model.ArduinoModel pushToDevice ModelSimpleBuffer(18)> pushToDevice()
2016-10-24 22:45:49 FINE com.uniteksolusi.otomill.model.ArduinoModel pushToDevice ModelSimpleBuffer(18)>   pinState:  00000000 000000
2016-10-24 22:45:49 FINE com.uniteksolusi.otomill.model.ArduinoModel pushToDevice ModelSimpleBuffer(18)>   requestByte: 2 0 0 33 
2016-10-24 22:45:49 FINE com.uniteksolusi.otomill.model.ArduinoModel pushToDevice ModelSimpleBuffer(18)>   responseByte: 2 0 0 33 
2016-10-24 22:51:01 FINE com.uniteksolusi.otomill.model.ArduinoModel pullFromDevice ModelSimpleBuffer(18)> pullFromDevice()
2016-10-24 22:51:01 FINE com.uniteksolusi.otomill.model.ArduinoModel pullFromDevice ModelSimpleBuffer(18)>   requestByte: 0 0 0 109 
2016-10-24 22:51:01 FINE com.uniteksolusi.otomill.model.ArduinoModel pullFromDevice ModelSimpleBuffer(18)>   responseByte: 0 0 0 109 
2016-10-24 22:51:01 FINE com.uniteksolusi.otomill.model.ArduinoModel run ModelSimpleBuffer(18)> Not Initialized Yet
2016-10-24 22:51:01 FINE com.uniteksolusi.otomill.model.ArduinoModel initializeToDevice ModelSimpleBuffer(18)> initializeToDevice()
2016-10-24 22:51:01 FINE com.uniteksolusi.otomill.model.ArduinoModel initializeToDevice ModelSimpleBuffer(18)> Pin MDOE:  00000100 010001
2016-10-24 22:51:01 FINE com.uniteksolusi.otomill.model.ArduinoModel initializeToDevice ModelSimpleBuffer(18)> 1 32 34 227 
2016-10-24 22:51:01 FINE com.uniteksolusi.otomill.model.ArduinoModel run ModelSimpleBuffer(18)> loop()

2016-10-24 22:51:01 FINE com.uniteksolusi.otomill.model.ArduinoModel pullFromDevice ModelSimpleBuffer(18)> pullFromDevice()
2016-10-24 22:51:01 FINE com.uniteksolusi.otomill.model.ArduinoModel pullFromDevice ModelSimpleBuffer(18)>   requestByte: 0 0 0 73 
2016-10-24 22:51:02 FINE com.uniteksolusi.otomill.model.ArduinoModel pullFromDevice ModelSimpleBuffer(18)>   responseByte: 2 0 0 73 
2016-10-24 22:51:02 FINE com.uniteksolusi.otomill.model.ArduinoModel pushToDevice ModelSimpleBuffer(18)> pushToDevice()
2016-10-24 22:51:02 FINE com.uniteksolusi.otomill.model.ArduinoModel pushToDevice ModelSimpleBuffer(18)>   pinState:  00000000 000000
2016-10-24 22:51:02 FINE com.uniteksolusi.otomill.model.ArduinoModel pushToDevice ModelSimpleBuffer(18)>   requestByte: 2 0 0 176 
2016-10-24 22:51:02 FINE com.uniteksolusi.otomill.model.ArduinoModel pushToDevice ModelSimpleBuffer(18)>   responseByte: 2 0 0 176 
2016-10-24 22:51:02 FINE com.uniteksolusi.otomill.model.ArduinoModel run ModelSimpleBuffer(18)> loop()

2016-10-24 22:51:02 FINE com.uniteksolusi.otomill.model.ArduinoModel pullFromDevice ModelSimpleBuffer(18)> pullFromDevice()
2016-10-24 22:51:02 FINE com.uniteksolusi.otomill.model.ArduinoModel pullFromDevice ModelSimpleBuffer(18)>   requestByte: 0 0 0 12 
2016-10-24 22:51:02 FINE com.uniteksolusi.otomill.model.ArduinoModel pullFromDevice ModelSimpleBuffer(18)>   responseByte: 2 0 0 12 
2016-10-24 22:51:02 FINE com.uniteksolusi.otomill.model.ArduinoModel pushToDevice ModelSimpleBuffer(18)> pushToDevice()
2016-10-24 22:51:02 FINE com.uniteksolusi.otomill.model.ArduinoModel pushToDevice ModelSimpleBuffer(18)>   pinState:  00000000 000000
2016-10-24 22:51:02 FINE com.uniteksolusi.otomill.model.ArduinoModel pushToDevice ModelSimpleBuffer(18)>   requestByte: 2 0 0 113 
2016-10-24 22:51:02 FINE com.uniteksolusi.otomill.model.ArduinoModel pushToDevice ModelSimpleBuffer(18)>   responseByte: 2 0 0 113 
2016-10-24 22:51:03 FINE com.uniteksolusi.otomill.model.ArduinoModel run ModelSimpleBuffer(18)> loop()

2016-10-24 22:51:03 FINE com.uniteksolusi.otomill.model.ArduinoModel pullFromDevice ModelSimpleBuffer(18)> pullFromDevice()
2016-10-24 22:51:03 FINE com.uniteksolusi.otomill.model.ArduinoModel pullFromDevice ModelSimpleBuffer(18)>   requestByte: 0 0 0 247 
2016-10-24 22:51:03 FINE com.uniteksolusi.otomill.model.ArduinoModel pullFromDevice ModelSimpleBuffer(18)>   responseByte: 2 0 0 247 
2016-10-24 22:51:03 FINE com.uniteksolusi.otomill.model.ArduinoModel pushToDevice ModelSimpleBuffer(18)> pushToDevice()
2016-10-24 22:51:03 FINE com.uniteksolusi.otomill.model.ArduinoModel pushToDevice ModelSimpleBuffer(18)>   pinState:  00000000 000000
2016-10-24 22:51:03 FINE com.uniteksolusi.otomill.model.ArduinoModel pushToDevice ModelSimpleBuffer(18)>   requestByte: 2 0 0 106 
2016-10-24 22:51:03 FINE com.uniteksolusi.otomill.model.ArduinoModel pushToDevice ModelSimpleBuffer(18)>   responseByte: 2 0 0 106 
2016-10-24 22:51:04 FINE com.uniteksolusi.otomill.model.ArduinoModel run ModelSimpleBuffer(18)> loop()

2016-10-24 22:51:04 FINE com.uniteksolusi.otomill.model.ArduinoModel pullFromDevice ModelSimpleBuffer(18)> pullFromDevice()
2016-10-24 22:51:04 FINE com.uniteksolusi.otomill.model.ArduinoModel pullFromDevice ModelSimpleBuffer(18)>   requestByte: 0 0 0 198 
2016-10-24 22:51:04 FINE com.uniteksolusi.otomill.model.ArduinoModel pullFromDevice ModelSimpleBuffer(18)>   responseByte: 2 0 0 198 
2016-10-24 22:51:04 FINE com.uniteksolusi.otomill.model.ArduinoModel pushToDevice ModelSimpleBuffer(18)> pushToDevice()
2016-10-24 22:51:04 FINE com.uniteksolusi.otomill.model.ArduinoModel pushToDevice ModelSimpleBuffer(18)>   pinState:  00000000 000000
2016-10-24 22:51:04 FINE com.uniteksolusi.otomill.model.ArduinoModel pushToDevice ModelSimpleBuffer(18)>   requestByte: 2 0 0 47 
2016-10-24 22:51:04 FINE com.uniteksolusi.otomill.model.ArduinoModel pushToDevice ModelSimpleBuffer(18)>   responseByte: 2 0 0 47 
2016-10-24 22:51:04 FINE com.uniteksolusi.otomill.model.ArduinoModel run ModelSimpleBuffer(18)> loop()

2016-10-24 22:51:04 FINE com.uniteksolusi.otomill.model.ArduinoModel pullFromDevice ModelSimpleBuffer(18)> pullFromDevice()
2016-10-24 22:51:04 FINE com.uniteksolusi.otomill.model.ArduinoModel pullFromDevice ModelSimpleBuffer(18)>   requestByte: 0 0 0 137 
2016-10-24 22:51:04 FINE com.uniteksolusi.otomill.model.ArduinoModel pullFromDevice ModelSimpleBuffer(18)>   responseByte: 2 0 0 137 
2016-10-24 22:51:04 FINE com.uniteksolusi.otomill.model.ArduinoModel pushToDevice ModelSimpleBuffer(18)> pushToDevice()
2016-10-24 22:51:04 FINE com.uniteksolusi.otomill.model.ArduinoModel pushToDevice ModelSimpleBuffer(18)>   pinState:  00000000 000000
2016-10-24 22:51:04 FINE com.uniteksolusi.otomill.model.ArduinoModel pushToDevice ModelSimpleBuffer(18)>   requestByte: 2 0 0 238 
2016-10-24 22:51:05 FINE com.uniteksolusi.otomill.model.ArduinoModel pushToDevice ModelSimpleBuffer(18)>   responseByte: 2 0 0 238 
2016-10-24 22:51:05 FINE com.uniteksolusi.otomill.model.ArduinoModel run ModelSimpleBuffer(18)> loop()

2016-10-24 22:51:05 FINE com.uniteksolusi.otomill.model.ArduinoModel pullFromDevice ModelSimpleBuffer(18)> pullFromDevice()
2016-10-24 22:51:05 FINE com.uniteksolusi.otomill.model.ArduinoModel pullFromDevice ModelSimpleBuffer(18)>   requestByte: 0 0 0 73 
2016-10-24 22:51:05 FINE com.uniteksolusi.otomill.model.ArduinoModel pullFromDevice ModelSimpleBuffer(18)>   responseByte: 2 0 0 73 
2016-10-24 22:51:05 FINE com.uniteksolusi.otomill.model.ArduinoModel pushToDevice ModelSimpleBuffer(18)> pushToDevice()
2016-10-24 22:51:05 FINE com.uniteksolusi.otomill.model.ArduinoModel pushToDevice ModelSimpleBuffer(18)>   pinState:  00000000 000000
2016-10-24 22:51:05 FINE com.uniteksolusi.otomill.model.ArduinoModel pushToDevice ModelSimpleBuffer(18)>   requestByte: 2 0 0 174 
2016-10-24 22:51:05 FINE com.uniteksolusi.otomill.model.ArduinoModel pushToDevice ModelSimpleBuffer(18)>   responseByte: 2 0 0 174 
2016-10-24 22:51:06 FINE com.uniteksolusi.otomill.model.ArduinoModel run ModelSimpleBuffer(18)> loop()

2016-10-24 22:51:06 FINE com.uniteksolusi.otomill.model.ArduinoModel pullFromDevice ModelSimpleBuffer(18)> pullFromDevice()
2016-10-24 22:51:06 FINE com.uniteksolusi.otomill.model.ArduinoModel pullFromDevice ModelSimpleBuffer(18)>   requestByte: 0 0 0 7 
2016-10-24 22:51:06 FINE com.uniteksolusi.otomill.model.ArduinoModel pullFromDevice ModelSimpleBuffer(18)>   responseByte: 2 0 0 7 
2016-10-24 22:51:06 FINE com.uniteksolusi.otomill.model.ArduinoModel pushToDevice ModelSimpleBuffer(18)> pushToDevice()
2016-10-24 22:51:06 FINE com.uniteksolusi.otomill.model.ArduinoModel pushToDevice ModelSimpleBuffer(18)>   pinState:  00000000 000000
2016-10-24 22:51:06 FINE com.uniteksolusi.otomill.model.ArduinoModel pushToDevice ModelSimpleBuffer(18)>   requestByte: 2 0 0 108 
2016-10-24 22:51:06 FINE com.uniteksolusi.otomill.model.ArduinoModel pushToDevice ModelSimpleBuffer(18)>   responseByte: 2 0 0 108 
2016-10-24 22:51:06 FINE com.uniteksolusi.otomill.model.ArduinoModel run ModelSimpleBuffer(18)> loop()

2016-10-24 22:51:06 FINE com.uniteksolusi.otomill.model.ArduinoModel pullFromDevice ModelSimpleBuffer(18)> pullFromDevice()
2016-10-24 22:51:06 FINE com.uniteksolusi.otomill.model.ArduinoModel pullFromDevice ModelSimpleBuffer(18)>   requestByte: 0 0 0 197 
2016-10-24 22:51:07 FINE com.uniteksolusi.otomill.model.ArduinoModel pullFromDevice ModelSimpleBuffer(18)>   responseByte: 2 0 0 197 
2016-10-24 22:51:07 FINE com.uniteksolusi.otomill.model.ArduinoModel pushToDevice ModelSimpleBuffer(18)> pushToDevice()
2016-10-24 22:51:07 FINE com.uniteksolusi.otomill.model.ArduinoModel pushToDevice ModelSimpleBuffer(18)>   pinState:  00000000 000000
2016-10-24 22:51:07 FINE com.uniteksolusi.otomill.model.ArduinoModel pushToDevice ModelSimpleBuffer(18)>   requestByte: 2 0 0 42 
2016-10-24 22:51:07 FINE com.uniteksolusi.otomill.model.ArduinoModel pushToDevice ModelSimpleBuffer(18)>   responseByte: 2 0 0 42 
2016-10-24 22:51:07 FINE com.uniteksolusi.otomill.model.ArduinoModel run ModelSimpleBuffer(18)> loop()

2016-10-24 22:51:07 FINE com.uniteksolusi.otomill.model.ArduinoModel pullFromDevice ModelSimpleBuffer(18)> pullFromDevice()
2016-10-24 22:51:07 FINE com.uniteksolusi.otomill.model.ArduinoModel pullFromDevice ModelSimpleBuffer(18)>   requestByte: 0 0 0 131 
2016-10-24 22:51:07 FINE com.uniteksolusi.otomill.model.ArduinoModel pullFromDevice ModelSimpleBuffer(18)>   responseByte: 2 0 0 131 
2016-10-24 22:51:07 FINE com.uniteksolusi.otomill.model.ArduinoModel pushToDevice ModelSimpleBuffer(18)> pushToDevice()
2016-10-24 22:51:07 FINE com.uniteksolusi.otomill.model.ArduinoModel pushToDevice ModelSimpleBuffer(18)>   pinState:  00000000 000000
2016-10-24 22:51:07 FINE com.uniteksolusi.otomill.model.ArduinoModel pushToDevice ModelSimpleBuffer(18)>   requestByte: 2 0 0 232 
2016-10-24 22:51:07 FINE com.uniteksolusi.otomill.model.ArduinoModel pushToDevice ModelSimpleBuffer(18)>   responseByte: 2 0 0 232 
2016-10-24 22:51:08 FINE com.uniteksolusi.otomill.model.ArduinoModel run ModelSimpleBuffer(18)> loop()

2016-10-24 22:51:08 FINE com.uniteksolusi.otomill.model.ArduinoModel pullFromDevice ModelSimpleBuffer(18)> pullFromDevice()
2016-10-24 22:51:08 FINE com.uniteksolusi.otomill.model.ArduinoModel pullFromDevice ModelSimpleBuffer(18)>   requestByte: 0 0 0 66 
2016-10-24 22:51:08 FINE com.uniteksolusi.otomill.model.ArduinoModel pullFromDevice ModelSimpleBuffer(18)>   responseByte: 2 0 0 66 
2016-10-24 22:51:08 FINE com.uniteksolusi.otomill.model.ArduinoModel pushToDevice ModelSimpleBuffer(18)> pushToDevice()
2016-10-24 22:51:08 FINE com.uniteksolusi.otomill.model.ArduinoModel pushToDevice ModelSimpleBuffer(18)>   pinState:  00000000 000000
2016-10-24 22:51:08 FINE com.uniteksolusi.otomill.model.ArduinoModel pushToDevice ModelSimpleBuffer(18)>   requestByte: 2 0 0 170 
2016-10-24 22:51:08 FINE com.uniteksolusi.otomill.model.ArduinoModel pushToDevice ModelSimpleBuffer(18)>   responseByte: 2 0 0 170 
2016-10-24 22:54:02 FINE com.uniteksolusi.otomill.model.ArduinoModel pullFromDevice ModelSimpleBuffer(0x12)> pullFromDevice()
2016-10-24 22:54:02 FINE com.uniteksolusi.otomill.model.ArduinoModel pullFromDevice ModelSimpleBuffer(0x12)>   requestByte: 0 0 0 180 
2016-10-24 22:54:02 FINE com.uniteksolusi.otomill.model.ArduinoModel pullFromDevice ModelSimpleBuffer(0x12)>   responseByte: 0 0 0 180 
2016-10-24 22:54:02 FINE com.uniteksolusi.otomill.model.ArduinoModel run ModelSimpleBuffer(0x12)> Not Initialized Yet
2016-10-24 22:54:02 FINE com.uniteksolusi.otomill.model.ArduinoModel initializeToDevice ModelSimpleBuffer(0x12)> initializeToDevice()
2016-10-24 22:54:02 FINE com.uniteksolusi.otomill.model.ArduinoModel initializeToDevice ModelSimpleBuffer(0x12)> Pin MDOE:  00000100 010001
2016-10-24 22:54:02 FINE com.uniteksolusi.otomill.model.ArduinoModel initializeToDevice ModelSimpleBuffer(0x12)> 1 32 34 37 
2016-10-24 22:54:03 FINE com.uniteksolusi.otomill.model.ArduinoModel run ModelSimpleBuffer(0x12)> end-of-loop()

2016-10-24 22:54:03 FINE com.uniteksolusi.otomill.model.ArduinoModel pullFromDevice ModelSimpleBuffer(0x12)> pullFromDevice()
2016-10-24 22:54:03 FINE com.uniteksolusi.otomill.model.ArduinoModel pullFromDevice ModelSimpleBuffer(0x12)>   requestByte: 0 0 0 141 
2016-10-24 22:54:03 FINE com.uniteksolusi.otomill.model.ArduinoModel pullFromDevice ModelSimpleBuffer(0x12)>   responseByte: 2 0 0 141 
2016-10-24 22:54:03 FINE com.uniteksolusi.otomill.model.ArduinoModel pushToDevice ModelSimpleBuffer(0x12)> pushToDevice()
2016-10-24 22:54:03 FINE com.uniteksolusi.otomill.model.ArduinoModel pushToDevice ModelSimpleBuffer(0x12)>   pinState:  00000000 000000
2016-10-24 22:54:03 FINE com.uniteksolusi.otomill.model.ArduinoModel pushToDevice ModelSimpleBuffer(0x12)>   requestByte: 2 0 0 251 
2016-10-24 22:54:03 FINE com.uniteksolusi.otomill.model.ArduinoModel pushToDevice ModelSimpleBuffer(0x12)>   responseByte: 2 0 0 251 
2016-10-24 22:54:03 FINE com.uniteksolusi.otomill.model.ArduinoModel run ModelSimpleBuffer(0x12)> end-of-loop()

2016-10-24 22:54:03 FINE com.uniteksolusi.otomill.model.ArduinoModel pullFromDevice ModelSimpleBuffer(0x12)> pullFromDevice()
2016-10-24 22:54:03 FINE com.uniteksolusi.otomill.model.ArduinoModel pullFromDevice ModelSimpleBuffer(0x12)>   requestByte: 0 0 0 92 
2016-10-24 22:54:03 FINE com.uniteksolusi.otomill.model.ArduinoModel pullFromDevice ModelSimpleBuffer(0x12)>   responseByte: 2 0 0 92 
2016-10-24 22:54:03 FINE com.uniteksolusi.otomill.model.ArduinoModel pushToDevice ModelSimpleBuffer(0x12)> pushToDevice()
2016-10-24 22:54:03 FINE com.uniteksolusi.otomill.model.ArduinoModel pushToDevice ModelSimpleBuffer(0x12)>   pinState:  00000000 000000
2016-10-24 22:54:03 FINE com.uniteksolusi.otomill.model.ArduinoModel pushToDevice ModelSimpleBuffer(0x12)>   requestByte: 2 0 0 202 
2016-10-24 22:54:03 FINE com.uniteksolusi.otomill.model.ArduinoModel pushToDevice ModelSimpleBuffer(0x12)>   responseByte: 2 0 0 202 
2016-10-24 22:54:04 FINE com.uniteksolusi.otomill.model.ArduinoModel run ModelSimpleBuffer(0x12)> end-of-loop()

2016-10-24 22:54:04 FINE com.uniteksolusi.otomill.model.ArduinoModel pullFromDevice ModelSimpleBuffer(0x12)> pullFromDevice()
2016-10-24 22:54:04 FINE com.uniteksolusi.otomill.model.ArduinoModel pullFromDevice ModelSimpleBuffer(0x12)>   requestByte: 0 0 0 38 
2016-10-24 22:54:04 FINE com.uniteksolusi.otomill.model.ArduinoModel pullFromDevice ModelSimpleBuffer(0x12)>   responseByte: 2 0 0 38 
2016-10-24 22:54:04 FINE com.uniteksolusi.otomill.model.ArduinoModel pushToDevice ModelSimpleBuffer(0x12)> pushToDevice()
2016-10-24 22:54:04 FINE com.uniteksolusi.otomill.model.ArduinoModel pushToDevice ModelSimpleBuffer(0x12)>   pinState:  00000000 000000
2016-10-24 22:54:04 FINE com.uniteksolusi.otomill.model.ArduinoModel pushToDevice ModelSimpleBuffer(0x12)>   requestByte: 2 0 0 140 
2016-10-24 22:54:04 FINE com.uniteksolusi.otomill.model.ArduinoModel pushToDevice ModelSimpleBuffer(0x12)>   responseByte: 2 0 0 140 
2016-10-24 22:54:05 FINE com.uniteksolusi.otomill.model.ArduinoModel run ModelSimpleBuffer(0x12)> end-of-loop()

2016-10-24 22:54:05 FINE com.uniteksolusi.otomill.model.ArduinoModel pullFromDevice ModelSimpleBuffer(0x12)> pullFromDevice()
2016-10-24 22:54:05 FINE com.uniteksolusi.otomill.model.ArduinoModel pullFromDevice ModelSimpleBuffer(0x12)>   requestByte: 0 0 0 233 
2016-10-24 22:54:05 FINE com.uniteksolusi.otomill.model.ArduinoModel pullFromDevice ModelSimpleBuffer(0x12)>   responseByte: 2 0 0 233 
2016-10-24 22:54:05 FINE com.uniteksolusi.otomill.model.ArduinoModel pushToDevice ModelSimpleBuffer(0x12)> pushToDevice()
2016-10-24 22:54:05 FINE com.uniteksolusi.otomill.model.ArduinoModel pushToDevice ModelSimpleBuffer(0x12)>   pinState:  00000000 000000
2016-10-24 22:54:05 FINE com.uniteksolusi.otomill.model.ArduinoModel pushToDevice ModelSimpleBuffer(0x12)>   requestByte: 2 0 0 80 
2016-10-24 22:54:05 FINE com.uniteksolusi.otomill.model.ArduinoModel pushToDevice ModelSimpleBuffer(0x12)>   responseByte: 2 0 0 80 
2016-10-24 22:54:05 FINE com.uniteksolusi.otomill.model.ArduinoModel run ModelSimpleBuffer(0x12)> end-of-loop()

2016-10-24 22:54:05 FINE com.uniteksolusi.otomill.model.ArduinoModel pullFromDevice ModelSimpleBuffer(0x12)> pullFromDevice()
2016-10-24 22:54:05 FINE com.uniteksolusi.otomill.model.ArduinoModel pullFromDevice ModelSimpleBuffer(0x12)>   requestByte: 0 0 0 186 
2016-10-24 22:54:05 FINE com.uniteksolusi.otomill.model.ArduinoModel pullFromDevice ModelSimpleBuffer(0x12)>   responseByte: 2 0 0 186 
2016-10-24 22:54:05 FINE com.uniteksolusi.otomill.model.ArduinoModel pushToDevice ModelSimpleBuffer(0x12)> pushToDevice()
2016-10-24 22:54:05 FINE com.uniteksolusi.otomill.model.ArduinoModel pushToDevice ModelSimpleBuffer(0x12)>   pinState:  00000000 000000
2016-10-24 22:54:05 FINE com.uniteksolusi.otomill.model.ArduinoModel pushToDevice ModelSimpleBuffer(0x12)>   requestByte: 2 0 0 33 
2016-10-24 22:54:06 FINE com.uniteksolusi.otomill.model.ArduinoModel pushToDevice ModelSimpleBuffer(0x12)>   responseByte: 2 0 0 33 
2016-10-24 22:54:06 FINE com.uniteksolusi.otomill.model.ArduinoModel run ModelSimpleBuffer(0x12)> end-of-loop()

2016-10-24 22:54:06 FINE com.uniteksolusi.otomill.model.ArduinoModel pullFromDevice ModelSimpleBuffer(0x12)> pullFromDevice()
2016-10-24 22:54:06 FINE com.uniteksolusi.otomill.model.ArduinoModel pullFromDevice ModelSimpleBuffer(0x12)>   requestByte: 0 0 0 125 
2016-10-24 22:54:06 FINE com.uniteksolusi.otomill.model.ArduinoModel pullFromDevice ModelSimpleBuffer(0x12)>   responseByte: 2 0 0 125 
2016-10-24 22:54:06 FINE com.uniteksolusi.otomill.model.ArduinoModel pushToDevice ModelSimpleBuffer(0x12)> pushToDevice()
2016-10-24 22:54:06 FINE com.uniteksolusi.otomill.model.ArduinoModel pushToDevice ModelSimpleBuffer(0x12)>   pinState:  00000000 000000
2016-10-24 22:54:06 FINE com.uniteksolusi.otomill.model.ArduinoModel pushToDevice ModelSimpleBuffer(0x12)>   requestByte: 2 0 0 225 
2016-10-24 22:54:06 FINE com.uniteksolusi.otomill.model.ArduinoModel pushToDevice ModelSimpleBuffer(0x12)>   responseByte: 2 0 0 225 
2016-10-24 22:54:07 FINE com.uniteksolusi.otomill.model.ArduinoModel run ModelSimpleBuffer(0x12)> end-of-loop()

2016-10-24 22:54:07 FINE com.uniteksolusi.otomill.model.ArduinoModel pullFromDevice ModelSimpleBuffer(0x12)> pullFromDevice()
2016-10-24 22:54:07 FINE com.uniteksolusi.otomill.model.ArduinoModel pullFromDevice ModelSimpleBuffer(0x12)>   requestByte: 0 0 0 59 
2016-10-24 22:54:07 FINE com.uniteksolusi.otomill.model.ArduinoModel pullFromDevice ModelSimpleBuffer(0x12)>   responseByte: 2 0 0 59 
2016-10-24 22:54:07 FINE com.uniteksolusi.otomill.model.ArduinoModel pushToDevice ModelSimpleBuffer(0x12)> pushToDevice()
2016-10-24 22:54:07 FINE com.uniteksolusi.otomill.model.ArduinoModel pushToDevice ModelSimpleBuffer(0x12)>   pinState:  00000000 000000
2016-10-24 22:54:07 FINE com.uniteksolusi.otomill.model.ArduinoModel pushToDevice ModelSimpleBuffer(0x12)>   requestByte: 2 0 0 160 
2016-10-24 22:54:07 FINE com.uniteksolusi.otomill.model.ArduinoModel pushToDevice ModelSimpleBuffer(0x12)>   responseByte: 2 0 0 160 
2016-10-24 22:54:07 FINE com.uniteksolusi.otomill.model.ArduinoModel run ModelSimpleBuffer(0x12)> end-of-loop()

2016-10-24 22:54:07 FINE com.uniteksolusi.otomill.model.ArduinoModel pullFromDevice ModelSimpleBuffer(0x12)> pullFromDevice()
2016-10-24 22:54:07 FINE com.uniteksolusi.otomill.model.ArduinoModel pullFromDevice ModelSimpleBuffer(0x12)>   requestByte: 0 0 0 249 
2016-10-24 22:54:08 FINE com.uniteksolusi.otomill.model.ArduinoModel pullFromDevice ModelSimpleBuffer(0x12)>   responseByte: 2 0 0 249 
2016-10-24 22:54:08 FINE com.uniteksolusi.otomill.model.ArduinoModel pushToDevice ModelSimpleBuffer(0x12)> pushToDevice()
2016-10-24 22:54:08 FINE com.uniteksolusi.otomill.model.ArduinoModel pushToDevice ModelSimpleBuffer(0x12)>   pinState:  00000000 000000
2016-10-24 22:54:08 FINE com.uniteksolusi.otomill.model.ArduinoModel pushToDevice ModelSimpleBuffer(0x12)>   requestByte: 2 0 0 93 
2016-10-24 22:54:08 FINE com.uniteksolusi.otomill.model.ArduinoModel pushToDevice ModelSimpleBuffer(0x12)>   responseByte: 2 0 0 93 
2016-10-24 22:54:08 FINE com.uniteksolusi.otomill.model.ArduinoModel run ModelSimpleBuffer(0x12)> end-of-loop()

2016-10-24 22:54:08 FINE com.uniteksolusi.otomill.model.ArduinoModel pullFromDevice ModelSimpleBuffer(0x12)> pullFromDevice()
2016-10-24 22:54:08 FINE com.uniteksolusi.otomill.model.ArduinoModel pullFromDevice ModelSimpleBuffer(0x12)>   requestByte: 0 0 0 182 
2016-10-24 22:54:08 FINE com.uniteksolusi.otomill.model.ArduinoModel pullFromDevice ModelSimpleBuffer(0x12)>   responseByte: 2 0 0 182 
2016-10-24 22:54:08 FINE com.uniteksolusi.otomill.model.ArduinoModel pushToDevice ModelSimpleBuffer(0x12)> pushToDevice()
2016-10-24 22:54:08 FINE com.uniteksolusi.otomill.model.ArduinoModel pushToDevice ModelSimpleBuffer(0x12)>   pinState:  00000000 000000
2016-10-24 22:54:08 FINE com.uniteksolusi.otomill.model.ArduinoModel pushToDevice ModelSimpleBuffer(0x12)>   requestByte: 2 0 0 26 
2016-10-24 22:54:08 FINE com.uniteksolusi.otomill.model.ArduinoModel pushToDevice ModelSimpleBuffer(0x12)>   responseByte: 2 0 0 26 
2016-10-24 22:54:09 FINE com.uniteksolusi.otomill.model.ArduinoModel run ModelSimpleBuffer(0x12)> end-of-loop()

2016-10-24 22:54:09 FINE com.uniteksolusi.otomill.model.ArduinoModel pullFromDevice ModelSimpleBuffer(0x12)> pullFromDevice()
2016-10-24 22:54:09 FINE com.uniteksolusi.otomill.model.ArduinoModel pullFromDevice ModelSimpleBuffer(0x12)>   requestByte: 0 0 0 115 
2016-10-24 22:54:09 FINE com.uniteksolusi.otomill.model.ArduinoModel pullFromDevice ModelSimpleBuffer(0x12)>   responseByte: 2 0 0 115 
2016-10-24 22:54:09 FINE com.uniteksolusi.otomill.model.ArduinoModel pushToDevice ModelSimpleBuffer(0x12)> pushToDevice()
2016-10-24 22:54:09 FINE com.uniteksolusi.otomill.model.ArduinoModel pushToDevice ModelSimpleBuffer(0x12)>   pinState:  00000000 000000
2016-10-24 22:54:09 FINE com.uniteksolusi.otomill.model.ArduinoModel pushToDevice ModelSimpleBuffer(0x12)>   requestByte: 2 0 0 215 
2016-10-24 22:54:09 FINE com.uniteksolusi.otomill.model.ArduinoModel pushToDevice ModelSimpleBuffer(0x12)>   responseByte: 2 0 0 215 
2016-10-24 22:54:10 FINE com.uniteksolusi.otomill.model.ArduinoModel run ModelSimpleBuffer(0x12)> end-of-loop()

2016-10-24 22:54:10 FINE com.uniteksolusi.otomill.model.ArduinoModel pullFromDevice ModelSimpleBuffer(0x12)> pullFromDevice()
2016-10-24 22:54:10 FINE com.uniteksolusi.otomill.model.ArduinoModel pullFromDevice ModelSimpleBuffer(0x12)>   requestByte: 0 0 0 50 
2016-10-24 22:54:10 FINE com.uniteksolusi.otomill.model.ArduinoModel pullFromDevice ModelSimpleBuffer(0x12)>   responseByte: 2 0 0 50 
2016-10-24 22:54:10 FINE com.uniteksolusi.otomill.model.ArduinoModel pushToDevice ModelSimpleBuffer(0x12)> pushToDevice()
2016-10-24 22:54:10 FINE com.uniteksolusi.otomill.model.ArduinoModel pushToDevice ModelSimpleBuffer(0x12)>   pinState:  00000000 000000
2016-10-24 22:54:10 FINE com.uniteksolusi.otomill.model.ArduinoModel pushToDevice ModelSimpleBuffer(0x12)>   requestByte: 2 0 0 151 
2016-10-24 22:54:10 FINE com.uniteksolusi.otomill.model.ArduinoModel pushToDevice ModelSimpleBuffer(0x12)>   responseByte: 2 0 0 151 
2016-10-24 22:54:10 FINE com.uniteksolusi.otomill.model.ArduinoModel run ModelSimpleBuffer(0x12)> end-of-loop()

2016-10-24 22:54:10 FINE com.uniteksolusi.otomill.model.ArduinoModel pullFromDevice ModelSimpleBuffer(0x12)> pullFromDevice()
2016-10-24 22:54:10 FINE com.uniteksolusi.otomill.model.ArduinoModel pullFromDevice ModelSimpleBuffer(0x12)>   requestByte: 0 0 0 240 
2016-10-24 22:54:10 FINE com.uniteksolusi.otomill.model.ArduinoModel pullFromDevice ModelSimpleBuffer(0x12)>   responseByte: 2 0 0 240 
2016-10-24 22:54:10 FINE com.uniteksolusi.otomill.model.ArduinoModel pushToDevice ModelSimpleBuffer(0x12)> pushToDevice()
2016-10-24 22:54:10 FINE com.uniteksolusi.otomill.model.ArduinoModel pushToDevice ModelSimpleBuffer(0x12)>   pinState:  00000000 000000
2016-10-24 22:54:10 FINE com.uniteksolusi.otomill.model.ArduinoModel pushToDevice ModelSimpleBuffer(0x12)>   requestByte: 2 0 0 85 
