Oct 24, 2016 10:40:51 PM com.uniteksolusi.otomill.model.ArduinoModel pullFromDevice
FINE: ModelCrusherBuffer(17)> pullFromDevice()
Oct 24, 2016 10:40:51 PM com.uniteksolusi.otomill.model.ArduinoModel pullFromDevice
FINE: ModelCrusherBuffer(17)>   requestByte: 0 0 0 0 0 0 0 0 227 
Oct 24, 2016 10:42:12 PM com.uniteksolusi.otomill.model.ArduinoModel pullFromDevice
FINE: ModelCrusherBuffer(17)> pullFromDevice()
Oct 24, 2016 10:42:12 PM com.uniteksolusi.otomill.model.ArduinoModel pullFromDevice
FINE: ModelCrusherBuffer(17)>   requestByte: 0 0 0 0 0 0 0 0 231 
Oct 24, 2016 10:42:13 PM com.uniteksolusi.otomill.model.ArduinoModel pullFromDevice
FINE: ModelCrusherBuffer(17)>   responseByte: 0 0 0 0 0 0 0 0 231 
Oct 24, 2016 10:42:13 PM com.uniteksolusi.otomill.model.ArduinoModel run
FINE: ModelCrusherBuffer(17)> Not Initialized Yet
Oct 24, 2016 10:42:13 PM com.uniteksolusi.otomill.model.ArduinoModel initializeToDevice
FINE: ModelCrusherBuffer(17)> initializeToDevice()
Oct 24, 2016 10:42:13 PM com.uniteksolusi.otomill.model.ArduinoModel initializeToDevice
FINE: ModelCrusherBuffer(17)> Pin MDOE:  00000000 00000000 01000000 11110000 00001100 00000000 000000
Oct 24, 2016 10:42:13 PM com.uniteksolusi.otomill.model.ArduinoModel initializeToDevice
FINE: ModelCrusherBuffer(17)> 1 0 0 2 15 48 0 0 103 
Oct 24, 2016 10:42:13 PM com.uniteksolusi.otomill.model.ArduinoModel run
FINE: ModelCrusherBuffer(17)> loop()

Oct 24, 2016 10:42:13 PM com.uniteksolusi.otomill.model.ArduinoModel pullFromDevice
FINE: ModelCrusherBuffer(17)> pullFromDevice()
Oct 24, 2016 10:42:13 PM com.uniteksolusi.otomill.model.ArduinoModel pullFromDevice
FINE: ModelCrusherBuffer(17)>   requestByte: 0 0 0 0 0 0 0 0 200 
Oct 24, 2016 10:42:13 PM com.uniteksolusi.otomill.model.ArduinoModel pullFromDevice
FINE: ModelCrusherBuffer(17)>   responseByte: 2 0 0 0 0 0 0 0 200 
Oct 24, 2016 10:42:13 PM com.uniteksolusi.otomill.model.ArduinoModel pushToDevice
FINE: ModelCrusherBuffer(17)> pushToDevice()
Oct 24, 2016 10:42:13 PM com.uniteksolusi.otomill.model.ArduinoModel pushToDevice
FINE: ModelCrusherBuffer(17)>   pinState:  00000000 00000000 00000000 00000000 00001000 00000000 000000
Oct 24, 2016 10:42:13 PM com.uniteksolusi.otomill.model.ArduinoModel pushToDevice
FINE: ModelCrusherBuffer(17)>   requestByte: 2 0 0 0 0 16 0 0 45 
Oct 24, 2016 10:42:13 PM com.uniteksolusi.otomill.model.ArduinoModel pushToDevice
FINE: ModelCrusherBuffer(17)>   responseByte: 2 0 0 0 0 16 0 0 45 
Oct 24, 2016 10:42:14 PM com.uniteksolusi.otomill.model.ArduinoModel run
FINE: ModelCrusherBuffer(17)> loop()

Oct 24, 2016 10:42:14 PM com.uniteksolusi.otomill.model.ArduinoModel pullFromDevice
FINE: ModelCrusherBuffer(17)> pullFromDevice()
Oct 24, 2016 10:42:14 PM com.uniteksolusi.otomill.model.ArduinoModel pullFromDevice
FINE: ModelCrusherBuffer(17)>   requestByte: 0 0 0 0 0 0 0 0 136 
Oct 24, 2016 10:42:14 PM com.uniteksolusi.otomill.model.ArduinoModel pullFromDevice
FINE: ModelCrusherBuffer(17)>   responseByte: 2 0 0 0 0 16 0 0 136 
Oct 24, 2016 10:42:14 PM com.uniteksolusi.otomill.model.ArduinoModel pushToDevice
FINE: ModelCrusherBuffer(17)> pushToDevice()
Oct 24, 2016 10:42:14 PM com.uniteksolusi.otomill.model.ArduinoModel pushToDevice
FINE: ModelCrusherBuffer(17)>   pinState:  00000000 00000000 00000000 00000000 00001000 00000000 000000
Oct 24, 2016 10:42:14 PM com.uniteksolusi.otomill.model.ArduinoModel pushToDevice
FINE: ModelCrusherBuffer(17)>   requestByte: 2 0 0 0 0 16 0 0 241 
Oct 24, 2016 10:42:14 PM com.uniteksolusi.otomill.model.ArduinoModel pushToDevice
FINE: ModelCrusherBuffer(17)>   responseByte: 2 0 0 0 0 16 0 0 241 
Oct 24, 2016 10:42:15 PM com.uniteksolusi.otomill.model.ArduinoModel run
FINE: ModelCrusherBuffer(17)> loop()

Oct 24, 2016 10:42:15 PM com.uniteksolusi.otomill.model.ArduinoModel pullFromDevice
FINE: ModelCrusherBuffer(17)> pullFromDevice()
Oct 24, 2016 10:42:15 PM com.uniteksolusi.otomill.model.ArduinoModel pullFromDevice
FINE: ModelCrusherBuffer(17)>   requestByte: 0 0 0 0 0 0 0 0 83 
Oct 24, 2016 10:42:15 PM com.uniteksolusi.otomill.model.ArduinoModel pullFromDevice
FINE: ModelCrusherBuffer(17)>   responseByte: 2 0 0 0 0 16 0 0 83 
Oct 24, 2016 10:42:15 PM com.uniteksolusi.otomill.model.ArduinoModel pushToDevice
FINE: ModelCrusherBuffer(17)> pushToDevice()
Oct 24, 2016 10:42:15 PM com.uniteksolusi.otomill.model.ArduinoModel pushToDevice
FINE: ModelCrusherBuffer(17)>   pinState:  00000000 00000000 00000000 00000000 00001000 00000000 000000
Oct 24, 2016 10:42:15 PM com.uniteksolusi.otomill.model.ArduinoModel pushToDevice
FINE: ModelCrusherBuffer(17)>   requestByte: 2 0 0 0 0 16 0 0 186 
Oct 24, 2016 10:42:15 PM com.uniteksolusi.otomill.model.ArduinoModel pushToDevice
FINE: ModelCrusherBuffer(17)>   responseByte: 2 0 0 0 0 16 0 0 186 
Oct 24, 2016 10:42:15 PM com.uniteksolusi.otomill.model.ArduinoModel run
FINE: ModelCrusherBuffer(17)> loop()

Oct 24, 2016 10:42:15 PM com.uniteksolusi.otomill.model.ArduinoModel pullFromDevice
FINE: ModelCrusherBuffer(17)> pullFromDevice()
Oct 24, 2016 10:42:15 PM com.uniteksolusi.otomill.model.ArduinoModel pullFromDevice
FINE: ModelCrusherBuffer(17)>   requestByte: 0 0 0 0 0 0 0 0 24 
Oct 24, 2016 10:42:15 PM com.uniteksolusi.otomill.model.ArduinoModel pullFromDevice
FINE: ModelCrusherBuffer(17)>   responseByte: 2 0 0 0 0 16 0 0 24 
Oct 24, 2016 10:42:15 PM com.uniteksolusi.otomill.model.ArduinoModel pushToDevice
FINE: ModelCrusherBuffer(17)> pushToDevice()
Oct 24, 2016 10:42:15 PM com.uniteksolusi.otomill.model.ArduinoModel pushToDevice
FINE: ModelCrusherBuffer(17)>   pinState:  00000000 00000000 00000000 00000000 00001000 00000000 000000
Oct 24, 2016 10:42:15 PM com.uniteksolusi.otomill.model.ArduinoModel pushToDevice
FINE: ModelCrusherBuffer(17)>   requestByte: 2 0 0 0 0 16 0 0 126 
Oct 24, 2016 10:42:16 PM com.uniteksolusi.otomill.model.ArduinoModel pushToDevice
FINE: ModelCrusherBuffer(17)>   responseByte: 2 0 0 0 0 16 0 0 126 
Oct 24, 2016 10:42:16 PM com.uniteksolusi.otomill.model.ArduinoModel run
FINE: ModelCrusherBuffer(17)> loop()

Oct 24, 2016 10:42:16 PM com.uniteksolusi.otomill.model.ArduinoModel pullFromDevice
FINE: ModelCrusherBuffer(17)> pullFromDevice()
Oct 24, 2016 10:42:16 PM com.uniteksolusi.otomill.model.ArduinoModel pullFromDevice
FINE: ModelCrusherBuffer(17)>   requestByte: 0 0 0 0 0 0 0 0 216 
Oct 24, 2016 10:42:16 PM com.uniteksolusi.otomill.model.ArduinoModel pullFromDevice
FINE: ModelCrusherBuffer(17)>   responseByte: 2 0 0 0 0 16 0 0 216 
Oct 24, 2016 10:42:16 PM com.uniteksolusi.otomill.model.ArduinoModel pushToDevice
FINE: ModelCrusherBuffer(17)> pushToDevice()
Oct 24, 2016 10:42:16 PM com.uniteksolusi.otomill.model.ArduinoModel pushToDevice
FINE: ModelCrusherBuffer(17)>   pinState:  00000000 00000000 00000000 00000000 00001000 00000000 000000
Oct 24, 2016 10:42:16 PM com.uniteksolusi.otomill.model.ArduinoModel pushToDevice
FINE: ModelCrusherBuffer(17)>   requestByte: 2 0 0 0 0 16 0 0 61 
Oct 24, 2016 10:42:16 PM com.uniteksolusi.otomill.model.ArduinoModel pushToDevice
FINE: ModelCrusherBuffer(17)>   responseByte: 2 0 0 0 0 16 0 0 61 
Oct 24, 2016 10:42:17 PM com.uniteksolusi.otomill.model.ArduinoModel run
FINE: ModelCrusherBuffer(17)> loop()

Oct 24, 2016 10:42:17 PM com.uniteksolusi.otomill.model.ArduinoModel pullFromDevice
FINE: ModelCrusherBuffer(17)> pullFromDevice()
Oct 24, 2016 10:42:17 PM com.uniteksolusi.otomill.model.ArduinoModel pullFromDevice
FINE: ModelCrusherBuffer(17)>   requestByte: 0 0 0 0 0 0 0 0 151 
Oct 24, 2016 10:42:17 PM com.uniteksolusi.otomill.model.ArduinoModel pullFromDevice
FINE: ModelCrusherBuffer(17)>   responseByte: 2 0 0 0 0 16 0 0 151 
Oct 24, 2016 10:42:17 PM com.uniteksolusi.otomill.model.ArduinoModel pushToDevice
FINE: ModelCrusherBuffer(17)> pushToDevice()
Oct 24, 2016 10:42:17 PM com.uniteksolusi.otomill.model.ArduinoModel pushToDevice
FINE: ModelCrusherBuffer(17)>   pinState:  00000000 00000000 00000000 00000000 00001000 00000000 000000
Oct 24, 2016 10:42:17 PM com.uniteksolusi.otomill.model.ArduinoModel pushToDevice
FINE: ModelCrusherBuffer(17)>   requestByte: 2 0 0 0 0 16 0 0 4 
Oct 24, 2016 10:42:17 PM com.uniteksolusi.otomill.model.ArduinoModel pushToDevice
FINE: ModelCrusherBuffer(17)>   responseByte: 2 0 0 0 0 16 0 0 4 
Oct 24, 2016 10:42:17 PM com.uniteksolusi.otomill.model.ArduinoModel run
FINE: ModelCrusherBuffer(17)> loop()

Oct 24, 2016 10:42:17 PM com.uniteksolusi.otomill.model.ArduinoModel pullFromDevice
FINE: ModelCrusherBuffer(17)> pullFromDevice()
Oct 24, 2016 10:42:17 PM com.uniteksolusi.otomill.model.ArduinoModel pullFromDevice
FINE: ModelCrusherBuffer(17)>   requestByte: 0 0 0 0 0 0 0 0 94 
Oct 24, 2016 10:42:18 PM com.uniteksolusi.otomill.model.ArduinoModel pullFromDevice
FINE: ModelCrusherBuffer(17)>   responseByte: 2 0 0 0 0 16 0 0 94 
Oct 24, 2016 10:42:18 PM com.uniteksolusi.otomill.model.ArduinoModel pushToDevice
FINE: ModelCrusherBuffer(17)> pushToDevice()
Oct 24, 2016 10:42:18 PM com.uniteksolusi.otomill.model.ArduinoModel pushToDevice
FINE: ModelCrusherBuffer(17)>   pinState:  00000000 00000000 00000000 00000000 00001000 00000000 000000
Oct 24, 2016 10:42:18 PM com.uniteksolusi.otomill.model.ArduinoModel pushToDevice
FINE: ModelCrusherBuffer(17)>   requestByte: 2 0 0 0 0 16 0 0 195 
Oct 24, 2016 10:42:18 PM com.uniteksolusi.otomill.model.ArduinoModel pushToDevice
FINE: ModelCrusherBuffer(17)>   responseByte: 2 0 0 0 0 16 0 0 195 
Oct 24, 2016 10:42:18 PM com.uniteksolusi.otomill.model.ArduinoModel run
FINE: ModelCrusherBuffer(17)> loop()

Oct 24, 2016 10:42:18 PM com.uniteksolusi.otomill.model.ArduinoModel pullFromDevice
FINE: ModelCrusherBuffer(17)> pullFromDevice()
Oct 24, 2016 10:42:18 PM com.uniteksolusi.otomill.model.ArduinoModel pullFromDevice
FINE: ModelCrusherBuffer(17)>   requestByte: 0 0 0 0 0 0 0 0 28 
Oct 24, 2016 10:42:18 PM com.uniteksolusi.otomill.model.ArduinoModel pullFromDevice
FINE: ModelCrusherBuffer(17)>   responseByte: 2 0 0 0 0 16 0 0 28 
Oct 24, 2016 10:42:18 PM com.uniteksolusi.otomill.model.ArduinoModel pushToDevice
FINE: ModelCrusherBuffer(17)> pushToDevice()
Oct 24, 2016 10:42:18 PM com.uniteksolusi.otomill.model.ArduinoModel pushToDevice
FINE: ModelCrusherBuffer(17)>   pinState:  00000000 00000000 00000000 00000000 00001000 00000000 000000
Oct 24, 2016 10:42:18 PM com.uniteksolusi.otomill.model.ArduinoModel pushToDevice
FINE: ModelCrusherBuffer(17)>   requestByte: 2 0 0 0 0 16 0 0 139 
Oct 24, 2016 10:42:18 PM com.uniteksolusi.otomill.model.ArduinoModel pushToDevice
FINE: ModelCrusherBuffer(17)>   responseByte: 2 0 0 0 0 16 0 0 139 
Oct 24, 2016 10:42:19 PM com.uniteksolusi.otomill.model.ArduinoModel run
FINE: ModelCrusherBuffer(17)> loop()

Oct 24, 2016 10:42:19 PM com.uniteksolusi.otomill.model.ArduinoModel pullFromDevice
FINE: ModelCrusherBuffer(17)> pullFromDevice()
Oct 24, 2016 10:42:19 PM com.uniteksolusi.otomill.model.ArduinoModel pullFromDevice
FINE: ModelCrusherBuffer(17)>   requestByte: 0 0 0 0 0 0 0 0 235 
Oct 24, 2016 10:42:19 PM com.uniteksolusi.otomill.model.ArduinoModel pullFromDevice
FINE: ModelCrusherBuffer(17)>   responseByte: 2 0 0 0 0 16 0 0 235 
Oct 24, 2016 10:42:19 PM com.uniteksolusi.otomill.model.ArduinoModel pushToDevice
FINE: ModelCrusherBuffer(17)> pushToDevice()
Oct 24, 2016 10:42:19 PM com.uniteksolusi.otomill.model.ArduinoModel pushToDevice
FINE: ModelCrusherBuffer(17)>   pinState:  00000000 00000000 00000000 00000000 00001000 00000000 000000
Oct 24, 2016 10:42:19 PM com.uniteksolusi.otomill.model.ArduinoModel pushToDevice
FINE: ModelCrusherBuffer(17)>   requestByte: 2 0 0 0 0 16 0 0 79 
Oct 24, 2016 10:42:19 PM com.uniteksolusi.otomill.model.ArduinoModel pushToDevice
FINE: ModelCrusherBuffer(17)>   responseByte: 2 0 0 0 0 16 0 0 79 
Oct 24, 2016 10:42:20 PM com.uniteksolusi.otomill.model.ArduinoModel run
FINE: ModelCrusherBuffer(17)> loop()

Oct 24, 2016 10:42:20 PM com.uniteksolusi.otomill.model.ArduinoModel pullFromDevice
FINE: ModelCrusherBuffer(17)> pullFromDevice()
Oct 24, 2016 10:42:20 PM com.uniteksolusi.otomill.model.ArduinoModel pullFromDevice
FINE: ModelCrusherBuffer(17)>   requestByte: 0 0 0 0 0 0 0 0 170 
Oct 24, 2016 10:42:20 PM com.uniteksolusi.otomill.model.ArduinoModel pullFromDevice
FINE: ModelCrusherBuffer(17)>   responseByte: 2 0 0 0 0 16 0 0 170 
Oct 24, 2016 10:42:20 PM com.uniteksolusi.otomill.model.ArduinoModel pushToDevice
FINE: ModelCrusherBuffer(17)> pushToDevice()
Oct 24, 2016 10:42:20 PM com.uniteksolusi.otomill.model.ArduinoModel pushToDevice
FINE: ModelCrusherBuffer(17)>   pinState:  00000000 00000000 00000000 00000000 00001000 00000000 000000
Oct 24, 2016 10:42:20 PM com.uniteksolusi.otomill.model.ArduinoModel pushToDevice
FINE: ModelCrusherBuffer(17)>   requestByte: 2 0 0 0 0 16 0 0 16 
Oct 24, 2016 10:42:20 PM com.uniteksolusi.otomill.model.ArduinoModel pushToDevice
FINE: ModelCrusherBuffer(17)>   responseByte: 2 0 0 0 0 16 0 0 16 
Oct 24, 2016 10:42:20 PM com.uniteksolusi.otomill.model.ArduinoModel run
FINE: ModelCrusherBuffer(17)> loop()

Oct 24, 2016 10:42:20 PM com.uniteksolusi.otomill.model.ArduinoModel pullFromDevice
FINE: ModelCrusherBuffer(17)> pullFromDevice()
Oct 24, 2016 10:42:20 PM com.uniteksolusi.otomill.model.ArduinoModel pullFromDevice
FINE: ModelCrusherBuffer(17)>   requestByte: 0 0 0 0 0 0 0 0 148 
Oct 24, 2016 10:42:20 PM com.uniteksolusi.otomill.model.ArduinoModel pullFromDevice
FINE: ModelCrusherBuffer(17)>   responseByte: 2 0 0 0 0 16 0 0 148 
Oct 24, 2016 10:42:20 PM com.uniteksolusi.otomill.model.ArduinoModel pushToDevice
FINE: ModelCrusherBuffer(17)> pushToDevice()
Oct 24, 2016 10:42:20 PM com.uniteksolusi.otomill.model.ArduinoModel pushToDevice
FINE: ModelCrusherBuffer(17)>   pinState:  00000000 00000000 00000000 00000000 00001000 00000000 000000
Oct 24, 2016 10:42:20 PM com.uniteksolusi.otomill.model.ArduinoModel pushToDevice
FINE: ModelCrusherBuffer(17)>   requestByte: 2 0 0 0 0 16 0 0 249 
Oct 24, 2016 10:42:21 PM com.uniteksolusi.otomill.model.ArduinoModel pushToDevice
FINE: ModelCrusherBuffer(17)>   responseByte: 2 0 0 0 0 16 0 0 249 
Oct 24, 2016 10:42:21 PM com.uniteksolusi.otomill.model.ArduinoModel run
FINE: ModelCrusherBuffer(17)> loop()

Oct 24, 2016 10:42:21 PM com.uniteksolusi.otomill.model.ArduinoModel pullFromDevice
FINE: ModelCrusherBuffer(17)> pullFromDevice()
Oct 24, 2016 10:42:21 PM com.uniteksolusi.otomill.model.ArduinoModel pullFromDevice
FINE: ModelCrusherBuffer(17)>   requestByte: 0 0 0 0 0 0 0 0 83 
Oct 24, 2016 10:42:21 PM com.uniteksolusi.otomill.model.ArduinoModel pullFromDevice
FINE: ModelCrusherBuffer(17)>   responseByte: 2 0 0 0 0 16 0 0 83 
Oct 24, 2016 10:42:21 PM com.uniteksolusi.otomill.model.ArduinoModel pushToDevice
FINE: ModelCrusherBuffer(17)> pushToDevice()
Oct 24, 2016 10:42:21 PM com.uniteksolusi.otomill.model.ArduinoModel pushToDevice
FINE: ModelCrusherBuffer(17)>   pinState:  00000000 00000000 00000000 00000000 00001000 00000000 000000
Oct 24, 2016 10:42:21 PM com.uniteksolusi.otomill.model.ArduinoModel pushToDevice
FINE: ModelCrusherBuffer(17)>   requestByte: 2 0 0 0 0 16 0 0 184 
Oct 24, 2016 10:42:21 PM com.uniteksolusi.otomill.model.ArduinoModel pushToDevice
FINE: ModelCrusherBuffer(17)>   responseByte: 2 0 0 0 0 16 0 0 184 
Oct 24, 2016 10:42:22 PM com.uniteksolusi.otomill.model.ArduinoModel run
FINE: ModelCrusherBuffer(17)> loop()

Oct 24, 2016 10:42:22 PM com.uniteksolusi.otomill.model.ArduinoModel pullFromDevice
FINE: ModelCrusherBuffer(17)> pullFromDevice()
Oct 24, 2016 10:42:22 PM com.uniteksolusi.otomill.model.ArduinoModel pullFromDevice
FINE: ModelCrusherBuffer(17)>   requestByte: 0 0 0 0 0 0 0 0 17 
Oct 24, 2016 10:42:22 PM com.uniteksolusi.otomill.model.ArduinoModel pullFromDevice
FINE: ModelCrusherBuffer(17)>   responseByte: 2 0 0 0 0 16 0 0 17 
Oct 24, 2016 10:42:22 PM com.uniteksolusi.otomill.model.ArduinoModel pushToDevice
FINE: ModelCrusherBuffer(17)> pushToDevice()
Oct 24, 2016 10:42:22 PM com.uniteksolusi.otomill.model.ArduinoModel pushToDevice
FINE: ModelCrusherBuffer(17)>   pinState:  00000000 00000000 00000000 00000000 00001000 00000000 000000
Oct 24, 2016 10:42:22 PM com.uniteksolusi.otomill.model.ArduinoModel pushToDevice
FINE: ModelCrusherBuffer(17)>   requestByte: 2 0 0 0 0 16 0 0 118 
Oct 24, 2016 10:42:22 PM com.uniteksolusi.otomill.model.ArduinoModel pushToDevice
FINE: ModelCrusherBuffer(17)>   responseByte: 2 0 0 0 0 16 0 0 118 
Oct 24, 2016 10:42:22 PM com.uniteksolusi.otomill.model.ArduinoModel run
FINE: ModelCrusherBuffer(17)> loop()

Oct 24, 2016 10:42:22 PM com.uniteksolusi.otomill.model.ArduinoModel pullFromDevice
FINE: ModelCrusherBuffer(17)> pullFromDevice()
Oct 24, 2016 10:42:22 PM com.uniteksolusi.otomill.model.ArduinoModel pullFromDevice
FINE: ModelCrusherBuffer(17)>   requestByte: 0 0 0 0 0 0 0 0 207 
Oct 24, 2016 10:42:23 PM com.uniteksolusi.otomill.model.ArduinoModel pullFromDevice
FINE: ModelCrusherBuffer(17)>   responseByte: 2 0 0 0 0 16 0 0 207 
Oct 24, 2016 10:42:23 PM com.uniteksolusi.otomill.model.ArduinoModel pushToDevice
FINE: ModelCrusherBuffer(17)> pushToDevice()
Oct 24, 2016 10:42:23 PM com.uniteksolusi.otomill.model.ArduinoModel pushToDevice
FINE: ModelCrusherBuffer(17)>   pinState:  00000000 00000000 00000000 00000000 00001000 00000000 000000
Oct 24, 2016 10:42:23 PM com.uniteksolusi.otomill.model.ArduinoModel pushToDevice
FINE: ModelCrusherBuffer(17)>   requestByte: 2 0 0 0 0 16 0 0 51 
Oct 24, 2016 10:42:23 PM com.uniteksolusi.otomill.model.ArduinoModel pushToDevice
FINE: ModelCrusherBuffer(17)>   responseByte: 2 0 0 0 0 16 0 0 51 
Oct 24, 2016 10:42:23 PM com.uniteksolusi.otomill.model.ArduinoModel run
FINE: ModelCrusherBuffer(17)> loop()

Oct 24, 2016 10:42:23 PM com.uniteksolusi.otomill.model.ArduinoModel pullFromDevice
FINE: ModelCrusherBuffer(17)> pullFromDevice()
Oct 24, 2016 10:42:23 PM com.uniteksolusi.otomill.model.ArduinoModel pullFromDevice
FINE: ModelCrusherBuffer(17)>   requestByte: 0 0 0 0 0 0 0 0 141 
Oct 24, 2016 10:42:23 PM com.uniteksolusi.otomill.model.ArduinoModel pullFromDevice
FINE: ModelCrusherBuffer(17)>   responseByte: 2 0 0 0 0 16 0 0 141 
Oct 24, 2016 10:42:23 PM com.uniteksolusi.otomill.model.ArduinoModel pushToDevice
FINE: ModelCrusherBuffer(17)> pushToDevice()
Oct 24, 2016 10:42:23 PM com.uniteksolusi.otomill.model.ArduinoModel pushToDevice
FINE: ModelCrusherBuffer(17)>   pinState:  00000000 00000000 00000000 00000000 00001000 00000000 000000
Oct 24, 2016 10:42:23 PM com.uniteksolusi.otomill.model.ArduinoModel pushToDevice
FINE: ModelCrusherBuffer(17)>   requestByte: 2 0 0 0 0 16 0 0 243 
Oct 24, 2016 10:42:23 PM com.uniteksolusi.otomill.model.ArduinoModel pushToDevice
FINE: ModelCrusherBuffer(17)>   responseByte: 2 0 0 0 0 16 0 0 243 
2016-10-24 22:45:13 FINE com.uniteksolusi.otomill.model.ArduinoModel pullFromDevice ModelCrusherBuffer(17)> pullFromDevice()
2016-10-24 22:45:13 FINE com.uniteksolusi.otomill.model.ArduinoModel pullFromDevice ModelCrusherBuffer(17)>   requestByte: 0 0 0 0 0 0 0 0 218 
2016-10-24 22:45:13 FINE com.uniteksolusi.otomill.model.ArduinoModel pullFromDevice ModelCrusherBuffer(17)>   responseByte: 0 0 0 0 0 0 0 0 218 
2016-10-24 22:45:13 FINE com.uniteksolusi.otomill.model.ArduinoModel run ModelCrusherBuffer(17)> Not Initialized Yet
2016-10-24 22:45:13 FINE com.uniteksolusi.otomill.model.ArduinoModel initializeToDevice ModelCrusherBuffer(17)> initializeToDevice()
2016-10-24 22:45:13 FINE com.uniteksolusi.otomill.model.ArduinoModel initializeToDevice ModelCrusherBuffer(17)> Pin MDOE:  00000000 00000000 01000000 11110000 00001100 00000000 000000
2016-10-24 22:45:13 FINE com.uniteksolusi.otomill.model.ArduinoModel initializeToDevice ModelCrusherBuffer(17)> 1 0 0 2 15 48 0 0 72 
2016-10-24 22:45:14 FINE com.uniteksolusi.otomill.model.ArduinoModel run ModelCrusherBuffer(17)> loop()

2016-10-24 22:45:14 FINE com.uniteksolusi.otomill.model.ArduinoModel pullFromDevice ModelCrusherBuffer(17)> pullFromDevice()
2016-10-24 22:45:14 FINE com.uniteksolusi.otomill.model.ArduinoModel pullFromDevice ModelCrusherBuffer(17)>   requestByte: 0 0 0 0 0 0 0 0 173 
2016-10-24 22:45:14 FINE com.uniteksolusi.otomill.model.ArduinoModel pullFromDevice ModelCrusherBuffer(17)>   responseByte: 2 0 0 0 0 0 0 0 173 
2016-10-24 22:45:14 FINE com.uniteksolusi.otomill.model.ArduinoModel pushToDevice ModelCrusherBuffer(17)> pushToDevice()
2016-10-24 22:45:14 FINE com.uniteksolusi.otomill.model.ArduinoModel pushToDevice ModelCrusherBuffer(17)>   pinState:  00000000 00000000 00000000 00000000 00001000 00000000 000000
2016-10-24 22:45:14 FINE com.uniteksolusi.otomill.model.ArduinoModel pushToDevice ModelCrusherBuffer(17)>   requestByte: 2 0 0 0 0 16 0 0 21 
2016-10-24 22:45:14 FINE com.uniteksolusi.otomill.model.ArduinoModel pushToDevice ModelCrusherBuffer(17)>   responseByte: 2 0 0 0 0 16 0 0 21 
2016-10-24 22:45:14 FINE com.uniteksolusi.otomill.model.ArduinoModel run ModelCrusherBuffer(17)> loop()

2016-10-24 22:45:14 FINE com.uniteksolusi.otomill.model.ArduinoModel pullFromDevice ModelCrusherBuffer(17)> pullFromDevice()
2016-10-24 22:45:14 FINE com.uniteksolusi.otomill.model.ArduinoModel pullFromDevice ModelCrusherBuffer(17)>   requestByte: 0 0 0 0 0 0 0 0 112 
2016-10-24 22:45:14 FINE com.uniteksolusi.otomill.model.ArduinoModel pullFromDevice ModelCrusherBuffer(17)>   responseByte: 2 0 0 0 0 16 0 0 112 
2016-10-24 22:45:14 FINE com.uniteksolusi.otomill.model.ArduinoModel pushToDevice ModelCrusherBuffer(17)> pushToDevice()
2016-10-24 22:45:14 FINE com.uniteksolusi.otomill.model.ArduinoModel pushToDevice ModelCrusherBuffer(17)>   pinState:  00000000 00000000 00000000 00000000 00001000 00000000 000000
2016-10-24 22:45:14 FINE com.uniteksolusi.otomill.model.ArduinoModel pushToDevice ModelCrusherBuffer(17)>   requestByte: 2 0 0 0 0 16 0 0 213 
2016-10-24 22:45:15 FINE com.uniteksolusi.otomill.model.ArduinoModel pushToDevice ModelCrusherBuffer(17)>   responseByte: 2 0 0 0 0 16 0 0 213 
2016-10-24 22:45:15 FINE com.uniteksolusi.otomill.model.ArduinoModel run ModelCrusherBuffer(17)> loop()

2016-10-24 22:45:15 FINE com.uniteksolusi.otomill.model.ArduinoModel pullFromDevice ModelCrusherBuffer(17)> pullFromDevice()
2016-10-24 22:45:15 FINE com.uniteksolusi.otomill.model.ArduinoModel pullFromDevice ModelCrusherBuffer(17)>   requestByte: 0 0 0 0 0 0 0 0 48 
2016-10-24 22:45:15 FINE com.uniteksolusi.otomill.model.ArduinoModel pullFromDevice ModelCrusherBuffer(17)>   responseByte: 2 0 0 0 0 16 0 0 48 
2016-10-24 22:45:15 FINE com.uniteksolusi.otomill.model.ArduinoModel pushToDevice ModelCrusherBuffer(17)> pushToDevice()
2016-10-24 22:45:15 FINE com.uniteksolusi.otomill.model.ArduinoModel pushToDevice ModelCrusherBuffer(17)>   pinState:  00000000 00000000 00000000 00000000 00001000 00000000 000000
2016-10-24 22:45:15 FINE com.uniteksolusi.otomill.model.ArduinoModel pushToDevice ModelCrusherBuffer(17)>   requestByte: 2 0 0 0 0 16 0 0 150 
2016-10-24 22:45:15 FINE com.uniteksolusi.otomill.model.ArduinoModel pushToDevice ModelCrusherBuffer(17)>   responseByte: 2 0 0 0 0 16 0 0 150 
2016-10-24 22:45:16 FINE com.uniteksolusi.otomill.model.ArduinoModel run ModelCrusherBuffer(17)> loop()

2016-10-24 22:45:16 FINE com.uniteksolusi.otomill.model.ArduinoModel pullFromDevice ModelCrusherBuffer(17)> pullFromDevice()
2016-10-24 22:45:16 FINE com.uniteksolusi.otomill.model.ArduinoModel pullFromDevice ModelCrusherBuffer(17)>   requestByte: 0 0 0 0 0 0 0 0 239 
2016-10-24 22:45:16 FINE com.uniteksolusi.otomill.model.ArduinoModel pullFromDevice ModelCrusherBuffer(17)>   responseByte: 2 0 0 0 0 16 0 0 239 
2016-10-24 22:45:16 FINE com.uniteksolusi.otomill.model.ArduinoModel pushToDevice ModelCrusherBuffer(17)> pushToDevice()
2016-10-24 22:45:16 FINE com.uniteksolusi.otomill.model.ArduinoModel pushToDevice ModelCrusherBuffer(17)>   pinState:  00000000 00000000 00000000 00000000 00001000 00000000 000000
2016-10-24 22:45:16 FINE com.uniteksolusi.otomill.model.ArduinoModel pushToDevice ModelCrusherBuffer(17)>   requestByte: 2 0 0 0 0 16 0 0 84 
2016-10-24 22:45:16 FINE com.uniteksolusi.otomill.model.ArduinoModel pushToDevice ModelCrusherBuffer(17)>   responseByte: 2 0 0 0 0 16 0 0 84 
2016-10-24 22:45:16 FINE com.uniteksolusi.otomill.model.ArduinoModel run ModelCrusherBuffer(17)> loop()

2016-10-24 22:45:16 FINE com.uniteksolusi.otomill.model.ArduinoModel pullFromDevice ModelCrusherBuffer(17)> pullFromDevice()
2016-10-24 22:45:16 FINE com.uniteksolusi.otomill.model.ArduinoModel pullFromDevice ModelCrusherBuffer(17)>   requestByte: 0 0 0 0 0 0 0 0 174 
2016-10-24 22:45:17 FINE com.uniteksolusi.otomill.model.ArduinoModel pullFromDevice ModelCrusherBuffer(17)>   responseByte: 2 0 0 0 0 16 0 0 174 
2016-10-24 22:45:17 FINE com.uniteksolusi.otomill.model.ArduinoModel pushToDevice ModelCrusherBuffer(17)> pushToDevice()
2016-10-24 22:45:17 FINE com.uniteksolusi.otomill.model.ArduinoModel pushToDevice ModelCrusherBuffer(17)>   pinState:  00000000 00000000 00000000 00000000 00001000 00000000 000000
2016-10-24 22:45:17 FINE com.uniteksolusi.otomill.model.ArduinoModel pushToDevice ModelCrusherBuffer(17)>   requestByte: 2 0 0 0 0 16 0 0 20 
2016-10-24 22:45:17 FINE com.uniteksolusi.otomill.model.ArduinoModel pushToDevice ModelCrusherBuffer(17)>   responseByte: 2 0 0 0 0 16 0 0 20 
2016-10-24 22:45:17 FINE com.uniteksolusi.otomill.model.ArduinoModel run ModelCrusherBuffer(17)> loop()

2016-10-24 22:45:17 FINE com.uniteksolusi.otomill.model.ArduinoModel pullFromDevice ModelCrusherBuffer(17)> pullFromDevice()
2016-10-24 22:45:17 FINE com.uniteksolusi.otomill.model.ArduinoModel pullFromDevice ModelCrusherBuffer(17)>   requestByte: 0 0 0 0 0 0 0 0 110 
Oct 24, 2016 10:45:22 PM com.uniteksolusi.otomill.model.ArduinoModel pullFromDevice
FINE: ModelCrusherBuffer(17)> pullFromDevice()
Oct 24, 2016 10:45:22 PM com.uniteksolusi.otomill.model.ArduinoModel pullFromDevice
FINE: ModelCrusherBuffer(17)>   requestByte: 0 0 0 0 0 0 0 0 233 
Oct 24, 2016 10:45:22 PM com.uniteksolusi.otomill.model.ArduinoModel pullFromDevice
FINE: ModelCrusherBuffer(17)>   responseByte: 0 0 0 0 0 0 0 0 233 
Oct 24, 2016 10:45:22 PM com.uniteksolusi.otomill.model.ArduinoModel run
FINE: ModelCrusherBuffer(17)> Not Initialized Yet
Oct 24, 2016 10:45:22 PM com.uniteksolusi.otomill.model.ArduinoModel initializeToDevice
FINE: ModelCrusherBuffer(17)> initializeToDevice()
Oct 24, 2016 10:45:22 PM com.uniteksolusi.otomill.model.ArduinoModel initializeToDevice
FINE: ModelCrusherBuffer(17)> Pin MDOE:  00000000 00000000 01000000 11110000 00001100 00000000 000000
Oct 24, 2016 10:45:22 PM com.uniteksolusi.otomill.model.ArduinoModel initializeToDevice
FINE: ModelCrusherBuffer(17)> 1 0 0 2 15 48 0 0 112 
Oct 24, 2016 10:45:23 PM com.uniteksolusi.otomill.model.ArduinoModel run
FINE: ModelCrusherBuffer(17)> loop()

Oct 24, 2016 10:45:23 PM com.uniteksolusi.otomill.model.ArduinoModel pullFromDevice
FINE: ModelCrusherBuffer(17)> pullFromDevice()
Oct 24, 2016 10:45:23 PM com.uniteksolusi.otomill.model.ArduinoModel pullFromDevice
FINE: ModelCrusherBuffer(17)>   requestByte: 0 0 0 0 0 0 0 0 241 
Oct 24, 2016 10:45:23 PM com.uniteksolusi.otomill.model.ArduinoModel pullFromDevice
FINE: ModelCrusherBuffer(17)>   responseByte: 2 0 0 0 0 0 0 0 241 
Oct 24, 2016 10:45:23 PM com.uniteksolusi.otomill.model.ArduinoModel pushToDevice
FINE: ModelCrusherBuffer(17)> pushToDevice()
Oct 24, 2016 10:45:23 PM com.uniteksolusi.otomill.model.ArduinoModel pushToDevice
FINE: ModelCrusherBuffer(17)>   pinState:  00000000 00000000 00000000 00000000 00001000 00000000 000000
Oct 24, 2016 10:45:23 PM com.uniteksolusi.otomill.model.ArduinoModel pushToDevice
FINE: ModelCrusherBuffer(17)>   requestByte: 2 0 0 0 0 16 0 0 132 
Oct 24, 2016 10:45:23 PM com.uniteksolusi.otomill.model.ArduinoModel pushToDevice
FINE: ModelCrusherBuffer(17)>   responseByte: 2 0 0 0 0 16 0 0 132 
Oct 24, 2016 10:45:24 PM com.uniteksolusi.otomill.model.ArduinoModel run
FINE: ModelCrusherBuffer(17)> loop()

Oct 24, 2016 10:45:24 PM com.uniteksolusi.otomill.model.ArduinoModel pullFromDevice
FINE: ModelCrusherBuffer(17)> pullFromDevice()
Oct 24, 2016 10:45:24 PM com.uniteksolusi.otomill.model.ArduinoModel pullFromDevice
FINE: ModelCrusherBuffer(17)>   requestByte: 0 0 0 0 0 0 0 0 232 
Oct 24, 2016 10:45:24 PM com.uniteksolusi.otomill.model.ArduinoModel pullFromDevice
FINE: ModelCrusherBuffer(17)>   responseByte: 2 0 0 0 0 16 0 0 232 
Oct 24, 2016 10:45:24 PM com.uniteksolusi.otomill.model.ArduinoModel pushToDevice
FINE: ModelCrusherBuffer(17)> pushToDevice()
Oct 24, 2016 10:45:24 PM com.uniteksolusi.otomill.model.ArduinoModel pushToDevice
FINE: ModelCrusherBuffer(17)>   pinState:  00000000 00000000 00000000 00000000 00001000 00000000 000000
Oct 24, 2016 10:45:24 PM com.uniteksolusi.otomill.model.ArduinoModel pushToDevice
FINE: ModelCrusherBuffer(17)>   requestByte: 2 0 0 0 0 16 0 0 88 
Oct 24, 2016 10:45:24 PM com.uniteksolusi.otomill.model.ArduinoModel pushToDevice
FINE: ModelCrusherBuffer(17)>   responseByte: 2 0 0 0 0 16 0 0 88 
Oct 24, 2016 10:45:24 PM com.uniteksolusi.otomill.model.ArduinoModel run
FINE: ModelCrusherBuffer(17)> loop()

Oct 24, 2016 10:45:24 PM com.uniteksolusi.otomill.model.ArduinoModel pullFromDevice
FINE: ModelCrusherBuffer(17)> pullFromDevice()
Oct 24, 2016 10:45:24 PM com.uniteksolusi.otomill.model.ArduinoModel pullFromDevice
FINE: ModelCrusherBuffer(17)>   requestByte: 0 0 0 0 0 0 0 0 186 
Oct 24, 2016 10:45:25 PM com.uniteksolusi.otomill.model.ArduinoModel pullFromDevice
FINE: ModelCrusherBuffer(17)>   responseByte: 2 0 0 0 0 16 0 0 186 
Oct 24, 2016 10:45:25 PM com.uniteksolusi.otomill.model.ArduinoModel pushToDevice
FINE: ModelCrusherBuffer(17)> pushToDevice()
Oct 24, 2016 10:45:25 PM com.uniteksolusi.otomill.model.ArduinoModel pushToDevice
FINE: ModelCrusherBuffer(17)>   pinState:  00000000 00000000 00000000 00000000 00001000 00000000 000000
Oct 24, 2016 10:45:25 PM com.uniteksolusi.otomill.model.ArduinoModel pushToDevice
FINE: ModelCrusherBuffer(17)>   requestByte: 2 0 0 0 0 16 0 0 32 
Oct 24, 2016 10:45:25 PM com.uniteksolusi.otomill.model.ArduinoModel pushToDevice
FINE: ModelCrusherBuffer(17)>   responseByte: 2 0 0 0 0 16 0 0 32 
Oct 24, 2016 10:45:25 PM com.uniteksolusi.otomill.model.ArduinoModel run
FINE: ModelCrusherBuffer(17)> loop()

Oct 24, 2016 10:45:25 PM com.uniteksolusi.otomill.model.ArduinoModel pullFromDevice
FINE: ModelCrusherBuffer(17)> pullFromDevice()
Oct 24, 2016 10:45:25 PM com.uniteksolusi.otomill.model.ArduinoModel pullFromDevice
FINE: ModelCrusherBuffer(17)>   requestByte: 0 0 0 0 0 0 0 0 120 
Oct 24, 2016 10:45:25 PM com.uniteksolusi.otomill.model.ArduinoModel pullFromDevice
FINE: ModelCrusherBuffer(17)>   responseByte: 2 0 0 0 0 16 0 0 120 
Oct 24, 2016 10:45:25 PM com.uniteksolusi.otomill.model.ArduinoModel pushToDevice
FINE: ModelCrusherBuffer(17)> pushToDevice()
Oct 24, 2016 10:45:25 PM com.uniteksolusi.otomill.model.ArduinoModel pushToDevice
FINE: ModelCrusherBuffer(17)>   pinState:  00000000 00000000 00000000 00000000 00001000 00000000 000000
Oct 24, 2016 10:45:25 PM com.uniteksolusi.otomill.model.ArduinoModel pushToDevice
FINE: ModelCrusherBuffer(17)>   requestByte: 2 0 0 0 0 16 0 0 222 
Oct 24, 2016 10:45:25 PM com.uniteksolusi.otomill.model.ArduinoModel pushToDevice
FINE: ModelCrusherBuffer(17)>   responseByte: 2 0 0 0 0 16 0 0 222 
Oct 24, 2016 10:45:26 PM com.uniteksolusi.otomill.model.ArduinoModel run
FINE: ModelCrusherBuffer(17)> loop()

Oct 24, 2016 10:45:26 PM com.uniteksolusi.otomill.model.ArduinoModel pullFromDevice
FINE: ModelCrusherBuffer(17)> pullFromDevice()
Oct 24, 2016 10:45:26 PM com.uniteksolusi.otomill.model.ArduinoModel pullFromDevice
FINE: ModelCrusherBuffer(17)>   requestByte: 0 0 0 0 0 0 0 0 56 
Oct 24, 2016 10:45:26 PM com.uniteksolusi.otomill.model.ArduinoModel pullFromDevice
FINE: ModelCrusherBuffer(17)>   responseByte: 2 0 0 0 0 16 0 0 56 
Oct 24, 2016 10:45:26 PM com.uniteksolusi.otomill.model.ArduinoModel pushToDevice
FINE: ModelCrusherBuffer(17)> pushToDevice()
Oct 24, 2016 10:45:26 PM com.uniteksolusi.otomill.model.ArduinoModel pushToDevice
FINE: ModelCrusherBuffer(17)>   pinState:  00000000 00000000 00000000 00000000 00001000 00000000 000000
Oct 24, 2016 10:45:26 PM com.uniteksolusi.otomill.model.ArduinoModel pushToDevice
FINE: ModelCrusherBuffer(17)>   requestByte: 2 0 0 0 0 16 0 0 158 
Oct 24, 2016 10:45:26 PM com.uniteksolusi.otomill.model.ArduinoModel pushToDevice
FINE: ModelCrusherBuffer(17)>   responseByte: 2 0 0 0 0 16 0 0 158 
2016-10-24 22:45:41 FINE com.uniteksolusi.otomill.model.ArduinoModel pullFromDevice ModelCrusherBuffer(17)> pullFromDevice()
2016-10-24 22:45:41 FINE com.uniteksolusi.otomill.model.ArduinoModel pullFromDevice ModelCrusherBuffer(17)>   requestByte: 0 0 0 0 0 0 0 0 80 
2016-10-24 22:45:41 FINE com.uniteksolusi.otomill.model.ArduinoModel pullFromDevice ModelCrusherBuffer(17)>   responseByte: 0 0 0 0 0 0 0 0 80 
2016-10-24 22:45:41 FINE com.uniteksolusi.otomill.model.ArduinoModel run ModelCrusherBuffer(17)> Not Initialized Yet
2016-10-24 22:45:41 FINE com.uniteksolusi.otomill.model.ArduinoModel initializeToDevice ModelCrusherBuffer(17)> initializeToDevice()
2016-10-24 22:45:41 FINE com.uniteksolusi.otomill.model.ArduinoModel initializeToDevice ModelCrusherBuffer(17)> Pin MDOE:  00000000 00000000 01000000 11110000 00001100 00000000 000000
2016-10-24 22:45:41 FINE com.uniteksolusi.otomill.model.ArduinoModel initializeToDevice ModelCrusherBuffer(17)> 1 0 0 2 15 48 0 0 185 
2016-10-24 22:45:42 FINE com.uniteksolusi.otomill.model.ArduinoModel run ModelCrusherBuffer(17)> loop()

2016-10-24 22:45:42 FINE com.uniteksolusi.otomill.model.ArduinoModel pullFromDevice ModelCrusherBuffer(17)> pullFromDevice()
2016-10-24 22:45:42 FINE com.uniteksolusi.otomill.model.ArduinoModel pullFromDevice ModelCrusherBuffer(17)>   requestByte: 0 0 0 0 0 0 0 0 55 
2016-10-24 22:45:42 FINE com.uniteksolusi.otomill.model.ArduinoModel pullFromDevice ModelCrusherBuffer(17)>   responseByte: 2 0 0 0 0 0 0 0 55 
2016-10-24 22:45:42 FINE com.uniteksolusi.otomill.model.ArduinoModel pushToDevice ModelCrusherBuffer(17)> pushToDevice()
2016-10-24 22:45:42 FINE com.uniteksolusi.otomill.model.ArduinoModel pushToDevice ModelCrusherBuffer(17)>   pinState:  00000000 00000000 00000000 00000000 00001000 00000000 000000
2016-10-24 22:45:42 FINE com.uniteksolusi.otomill.model.ArduinoModel pushToDevice ModelCrusherBuffer(17)>   requestByte: 2 0 0 0 0 16 0 0 164 
2016-10-24 22:45:42 FINE com.uniteksolusi.otomill.model.ArduinoModel pushToDevice ModelCrusherBuffer(17)>   responseByte: 2 0 0 0 0 16 0 0 164 
2016-10-24 22:45:43 FINE com.uniteksolusi.otomill.model.ArduinoModel run ModelCrusherBuffer(17)> loop()

2016-10-24 22:45:43 FINE com.uniteksolusi.otomill.model.ArduinoModel pullFromDevice ModelCrusherBuffer(17)> pullFromDevice()
2016-10-24 22:45:43 FINE com.uniteksolusi.otomill.model.ArduinoModel pullFromDevice ModelCrusherBuffer(17)>   requestByte: 0 0 0 0 0 0 0 0 12 
2016-10-24 22:45:43 FINE com.uniteksolusi.otomill.model.ArduinoModel pullFromDevice ModelCrusherBuffer(17)>   responseByte: 2 0 0 0 0 16 0 0 12 
2016-10-24 22:45:43 FINE com.uniteksolusi.otomill.model.ArduinoModel pushToDevice ModelCrusherBuffer(17)> pushToDevice()
2016-10-24 22:45:43 FINE com.uniteksolusi.otomill.model.ArduinoModel pushToDevice ModelCrusherBuffer(17)>   pinState:  00000000 00000000 00000000 00000000 00001000 00000000 000000
2016-10-24 22:45:43 FINE com.uniteksolusi.otomill.model.ArduinoModel pushToDevice ModelCrusherBuffer(17)>   requestByte: 2 0 0 0 0 16 0 0 118 
2016-10-24 22:45:43 FINE com.uniteksolusi.otomill.model.ArduinoModel pushToDevice ModelCrusherBuffer(17)>   responseByte: 2 0 0 0 0 16 0 0 118 
2016-10-24 22:45:43 FINE com.uniteksolusi.otomill.model.ArduinoModel run ModelCrusherBuffer(17)> loop()

2016-10-24 22:45:43 FINE com.uniteksolusi.otomill.model.ArduinoModel pullFromDevice ModelCrusherBuffer(17)> pullFromDevice()
2016-10-24 22:45:43 FINE com.uniteksolusi.otomill.model.ArduinoModel pullFromDevice ModelCrusherBuffer(17)>   requestByte: 0 0 0 0 0 0 0 0 217 
2016-10-24 22:45:43 FINE com.uniteksolusi.otomill.model.ArduinoModel pullFromDevice ModelCrusherBuffer(17)>   responseByte: 2 0 0 0 0 16 0 0 217 
2016-10-24 22:45:43 FINE com.uniteksolusi.otomill.model.ArduinoModel pushToDevice ModelCrusherBuffer(17)> pushToDevice()
2016-10-24 22:45:43 FINE com.uniteksolusi.otomill.model.ArduinoModel pushToDevice ModelCrusherBuffer(17)>   pinState:  00000000 00000000 00000000 00000000 00001000 00000000 000000
2016-10-24 22:45:43 FINE com.uniteksolusi.otomill.model.ArduinoModel pushToDevice ModelCrusherBuffer(17)>   requestByte: 2 0 0 0 0 16 0 0 62 
2016-10-24 22:45:44 FINE com.uniteksolusi.otomill.model.ArduinoModel pushToDevice ModelCrusherBuffer(17)>   responseByte: 2 0 0 0 0 16 0 0 62 
2016-10-24 22:45:44 FINE com.uniteksolusi.otomill.model.ArduinoModel run ModelCrusherBuffer(17)> loop()

2016-10-24 22:45:44 FINE com.uniteksolusi.otomill.model.ArduinoModel pullFromDevice ModelCrusherBuffer(17)> pullFromDevice()
2016-10-24 22:45:44 FINE com.uniteksolusi.otomill.model.ArduinoModel pullFromDevice ModelCrusherBuffer(17)>   requestByte: 0 0 0 0 0 0 0 0 151 
2016-10-24 22:45:44 FINE com.uniteksolusi.otomill.model.ArduinoModel pullFromDevice ModelCrusherBuffer(17)>   responseByte: 2 0 0 0 0 16 0 0 151 
2016-10-24 22:45:44 FINE com.uniteksolusi.otomill.model.ArduinoModel pushToDevice ModelCrusherBuffer(17)> pushToDevice()
2016-10-24 22:45:44 FINE com.uniteksolusi.otomill.model.ArduinoModel pushToDevice ModelCrusherBuffer(17)>   pinState:  00000000 00000000 00000000 00000000 00001000 00000000 000000
2016-10-24 22:45:44 FINE com.uniteksolusi.otomill.model.ArduinoModel pushToDevice ModelCrusherBuffer(17)>   requestByte: 2 0 0 0 0 16 0 0 253 
2016-10-24 22:45:44 FINE com.uniteksolusi.otomill.model.ArduinoModel pushToDevice ModelCrusherBuffer(17)>   responseByte: 2 0 0 0 0 16 0 0 253 
2016-10-24 22:45:45 FINE com.uniteksolusi.otomill.model.ArduinoModel run ModelCrusherBuffer(17)> loop()

2016-10-24 22:45:45 FINE com.uniteksolusi.otomill.model.ArduinoModel pullFromDevice ModelCrusherBuffer(17)> pullFromDevice()
2016-10-24 22:45:45 FINE com.uniteksolusi.otomill.model.ArduinoModel pullFromDevice ModelCrusherBuffer(17)>   requestByte: 0 0 0 0 0 0 0 0 89 
2016-10-24 22:45:45 FINE com.uniteksolusi.otomill.model.ArduinoModel pullFromDevice ModelCrusherBuffer(17)>   responseByte: 2 0 0 0 0 16 0 0 89 
2016-10-24 22:45:45 FINE com.uniteksolusi.otomill.model.ArduinoModel pushToDevice ModelCrusherBuffer(17)> pushToDevice()
2016-10-24 22:45:45 FINE com.uniteksolusi.otomill.model.ArduinoModel pushToDevice ModelCrusherBuffer(17)>   pinState:  00000000 00000000 00000000 00000000 00001000 00000000 000000
2016-10-24 22:45:45 FINE com.uniteksolusi.otomill.model.ArduinoModel pushToDevice ModelCrusherBuffer(17)>   requestByte: 2 0 0 0 0 16 0 0 191 
2016-10-24 22:45:45 FINE com.uniteksolusi.otomill.model.ArduinoModel pushToDevice ModelCrusherBuffer(17)>   responseByte: 2 0 0 0 0 16 0 0 191 
2016-10-24 22:45:46 FINE com.uniteksolusi.otomill.model.ArduinoModel run ModelCrusherBuffer(17)> loop()

2016-10-24 22:45:46 FINE com.uniteksolusi.otomill.model.ArduinoModel pullFromDevice ModelCrusherBuffer(17)> pullFromDevice()
2016-10-24 22:45:46 FINE com.uniteksolusi.otomill.model.ArduinoModel pullFromDevice ModelCrusherBuffer(17)>   requestByte: 0 0 0 0 0 0 0 0 25 
2016-10-24 22:45:46 FINE com.uniteksolusi.otomill.model.ArduinoModel pullFromDevice ModelCrusherBuffer(17)>   responseByte: 2 0 0 0 0 16 0 0 25 
2016-10-24 22:45:46 FINE com.uniteksolusi.otomill.model.ArduinoModel pushToDevice ModelCrusherBuffer(17)> pushToDevice()
2016-10-24 22:45:46 FINE com.uniteksolusi.otomill.model.ArduinoModel pushToDevice ModelCrusherBuffer(17)>   pinState:  00000000 00000000 00000000 00000000 00001000 00000000 000000
2016-10-24 22:45:46 FINE com.uniteksolusi.otomill.model.ArduinoModel pushToDevice ModelCrusherBuffer(17)>   requestByte: 2 0 0 0 0 16 0 0 127 
2016-10-24 22:45:46 FINE com.uniteksolusi.otomill.model.ArduinoModel pushToDevice ModelCrusherBuffer(17)>   responseByte: 2 0 0 0 0 16 0 0 127 
2016-10-24 22:45:46 FINE com.uniteksolusi.otomill.model.ArduinoModel run ModelCrusherBuffer(17)> loop()

2016-10-24 22:45:46 FINE com.uniteksolusi.otomill.model.ArduinoModel pullFromDevice ModelCrusherBuffer(17)> pullFromDevice()
2016-10-24 22:45:46 FINE com.uniteksolusi.otomill.model.ArduinoModel pullFromDevice ModelCrusherBuffer(17)>   requestByte: 0 0 0 0 0 0 0 0 215 
2016-10-24 22:45:46 FINE com.uniteksolusi.otomill.model.ArduinoModel pullFromDevice ModelCrusherBuffer(17)>   responseByte: 2 0 0 0 0 16 0 0 215 
2016-10-24 22:45:46 FINE com.uniteksolusi.otomill.model.ArduinoModel pushToDevice ModelCrusherBuffer(17)> pushToDevice()
2016-10-24 22:45:46 FINE com.uniteksolusi.otomill.model.ArduinoModel pushToDevice ModelCrusherBuffer(17)>   pinState:  00000000 00000000 00000000 00000000 00001000 00000000 000000
2016-10-24 22:45:46 FINE com.uniteksolusi.otomill.model.ArduinoModel pushToDevice ModelCrusherBuffer(17)>   requestByte: 2 0 0 0 0 16 0 0 60 
2016-10-24 22:45:46 FINE com.uniteksolusi.otomill.model.ArduinoModel pushToDevice ModelCrusherBuffer(17)>   responseByte: 2 0 0 0 0 16 0 0 60 
2016-10-24 22:45:47 FINE com.uniteksolusi.otomill.model.ArduinoModel run ModelCrusherBuffer(17)> loop()

2016-10-24 22:45:47 FINE com.uniteksolusi.otomill.model.ArduinoModel pullFromDevice ModelCrusherBuffer(17)> pullFromDevice()
2016-10-24 22:45:47 FINE com.uniteksolusi.otomill.model.ArduinoModel pullFromDevice ModelCrusherBuffer(17)>   requestByte: 0 0 0 0 0 0 0 0 150 
2016-10-24 22:45:47 FINE com.uniteksolusi.otomill.model.ArduinoModel pullFromDevice ModelCrusherBuffer(17)>   responseByte: 2 0 0 0 0 16 0 0 150 
2016-10-24 22:45:47 FINE com.uniteksolusi.otomill.model.ArduinoModel pushToDevice ModelCrusherBuffer(17)> pushToDevice()
2016-10-24 22:45:47 FINE com.uniteksolusi.otomill.model.ArduinoModel pushToDevice ModelCrusherBuffer(17)>   pinState:  00000000 00000000 00000000 00000000 00001000 00000000 000000
2016-10-24 22:45:47 FINE com.uniteksolusi.otomill.model.ArduinoModel pushToDevice ModelCrusherBuffer(17)>   requestByte: 2 0 0 0 0 16 0 0 251 
2016-10-24 22:45:47 FINE com.uniteksolusi.otomill.model.ArduinoModel pushToDevice ModelCrusherBuffer(17)>   responseByte: 2 0 0 0 0 16 0 0 251 
2016-10-24 22:45:48 FINE com.uniteksolusi.otomill.model.ArduinoModel run ModelCrusherBuffer(17)> loop()

2016-10-24 22:45:48 FINE com.uniteksolusi.otomill.model.ArduinoModel pullFromDevice ModelCrusherBuffer(17)> pullFromDevice()
2016-10-24 22:45:48 FINE com.uniteksolusi.otomill.model.ArduinoModel pullFromDevice ModelCrusherBuffer(17)>   requestByte: 0 0 0 0 0 0 0 0 86 
2016-10-24 22:45:48 FINE com.uniteksolusi.otomill.model.ArduinoModel pullFromDevice ModelCrusherBuffer(17)>   responseByte: 2 0 0 0 0 16 0 0 86 
2016-10-24 22:45:48 FINE com.uniteksolusi.otomill.model.ArduinoModel pushToDevice ModelCrusherBuffer(17)> pushToDevice()
2016-10-24 22:45:48 FINE com.uniteksolusi.otomill.model.ArduinoModel pushToDevice ModelCrusherBuffer(17)>   pinState:  00000000 00000000 00000000 00000000 00001000 00000000 000000
2016-10-24 22:45:48 FINE com.uniteksolusi.otomill.model.ArduinoModel pushToDevice ModelCrusherBuffer(17)>   requestByte: 2 0 0 0 0 16 0 0 186 
2016-10-24 22:45:48 FINE com.uniteksolusi.otomill.model.ArduinoModel pushToDevice ModelCrusherBuffer(17)>   responseByte: 2 0 0 0 0 16 0 0 186 
2016-10-24 22:45:48 FINE com.uniteksolusi.otomill.model.ArduinoModel run ModelCrusherBuffer(17)> loop()

2016-10-24 22:45:48 FINE com.uniteksolusi.otomill.model.ArduinoModel pullFromDevice ModelCrusherBuffer(17)> pullFromDevice()
2016-10-24 22:45:48 FINE com.uniteksolusi.otomill.model.ArduinoModel pullFromDevice ModelCrusherBuffer(17)>   requestByte: 0 0 0 0 0 0 0 0 20 
2016-10-24 22:45:48 FINE com.uniteksolusi.otomill.model.ArduinoModel pullFromDevice ModelCrusherBuffer(17)>   responseByte: 2 0 0 0 0 16 0 0 20 
2016-10-24 22:45:48 FINE com.uniteksolusi.otomill.model.ArduinoModel pushToDevice ModelCrusherBuffer(17)> pushToDevice()
2016-10-24 22:45:48 FINE com.uniteksolusi.otomill.model.ArduinoModel pushToDevice ModelCrusherBuffer(17)>   pinState:  00000000 00000000 00000000 00000000 00001000 00000000 000000
2016-10-24 22:45:48 FINE com.uniteksolusi.otomill.model.ArduinoModel pushToDevice ModelCrusherBuffer(17)>   requestByte: 2 0 0 0 0 16 0 0 121 
2016-10-24 22:45:49 FINE com.uniteksolusi.otomill.model.ArduinoModel pushToDevice ModelCrusherBuffer(17)>   responseByte: 2 0 0 0 0 16 0 0 121 
2016-10-24 22:45:49 FINE com.uniteksolusi.otomill.model.ArduinoModel run ModelCrusherBuffer(17)> loop()

2016-10-24 22:45:49 FINE com.uniteksolusi.otomill.model.ArduinoModel pullFromDevice ModelCrusherBuffer(17)> pullFromDevice()
2016-10-24 22:45:49 FINE com.uniteksolusi.otomill.model.ArduinoModel pullFromDevice ModelCrusherBuffer(17)>   requestByte: 0 0 0 0 0 0 0 0 210 
2016-10-24 22:45:49 FINE com.uniteksolusi.otomill.model.ArduinoModel pullFromDevice ModelCrusherBuffer(17)>   responseByte: 2 0 0 0 0 16 0 0 210 
2016-10-24 22:45:49 FINE com.uniteksolusi.otomill.model.ArduinoModel pushToDevice ModelCrusherBuffer(17)> pushToDevice()
2016-10-24 22:45:49 FINE com.uniteksolusi.otomill.model.ArduinoModel pushToDevice ModelCrusherBuffer(17)>   pinState:  00000000 00000000 00000000 00000000 00001000 00000000 000000
2016-10-24 22:45:49 FINE com.uniteksolusi.otomill.model.ArduinoModel pushToDevice ModelCrusherBuffer(17)>   requestByte: 2 0 0 0 0 16 0 0 55 
2016-10-24 22:45:49 FINE com.uniteksolusi.otomill.model.ArduinoModel pushToDevice ModelCrusherBuffer(17)>   responseByte: 2 0 0 0 0 16 0 0 55 
2016-10-24 22:51:01 FINE com.uniteksolusi.otomill.model.ArduinoModel pullFromDevice ModelCrusherBuffer(17)> pullFromDevice()
2016-10-24 22:51:01 FINE com.uniteksolusi.otomill.model.ArduinoModel pullFromDevice ModelCrusherBuffer(17)>   requestByte: 0 0 0 0 0 0 0 0 110 
2016-10-24 22:51:01 FINE com.uniteksolusi.otomill.model.ArduinoModel pullFromDevice ModelCrusherBuffer(17)>   responseByte: 0 0 0 0 0 0 0 0 110 
2016-10-24 22:51:01 FINE com.uniteksolusi.otomill.model.ArduinoModel run ModelCrusherBuffer(17)> Not Initialized Yet
2016-10-24 22:51:01 FINE com.uniteksolusi.otomill.model.ArduinoModel initializeToDevice ModelCrusherBuffer(17)> initializeToDevice()
2016-10-24 22:51:01 FINE com.uniteksolusi.otomill.model.ArduinoModel initializeToDevice ModelCrusherBuffer(17)> Pin MDOE:  00000000 00000000 01000000 11110000 00001100 00000000 000000
2016-10-24 22:51:01 FINE com.uniteksolusi.otomill.model.ArduinoModel initializeToDevice ModelCrusherBuffer(17)> 1 0 0 2 15 48 0 0 220 
2016-10-24 22:51:01 FINE com.uniteksolusi.otomill.model.ArduinoModel run ModelCrusherBuffer(17)> loop()

2016-10-24 22:51:01 FINE com.uniteksolusi.otomill.model.ArduinoModel pullFromDevice ModelCrusherBuffer(17)> pullFromDevice()
2016-10-24 22:51:01 FINE com.uniteksolusi.otomill.model.ArduinoModel pullFromDevice ModelCrusherBuffer(17)>   requestByte: 0 0 0 0 0 0 0 0 63 
2016-10-24 22:51:02 FINE com.uniteksolusi.otomill.model.ArduinoModel pullFromDevice ModelCrusherBuffer(17)>   responseByte: 2 0 0 0 0 0 0 0 63 
2016-10-24 22:51:02 FINE com.uniteksolusi.otomill.model.ArduinoModel pushToDevice ModelCrusherBuffer(17)> pushToDevice()
2016-10-24 22:51:02 FINE com.uniteksolusi.otomill.model.ArduinoModel pushToDevice ModelCrusherBuffer(17)>   pinState:  00000000 00000000 00000000 00000000 00001000 00000000 000000
2016-10-24 22:51:02 FINE com.uniteksolusi.otomill.model.ArduinoModel pushToDevice ModelCrusherBuffer(17)>   requestByte: 2 0 0 0 0 16 0 0 170 
2016-10-24 22:51:02 FINE com.uniteksolusi.otomill.model.ArduinoModel pushToDevice ModelCrusherBuffer(17)>   responseByte: 2 0 0 0 0 16 0 0 170 
2016-10-24 22:51:02 FINE com.uniteksolusi.otomill.model.ArduinoModel run ModelCrusherBuffer(17)> loop()

2016-10-24 22:51:02 FINE com.uniteksolusi.otomill.model.ArduinoModel pullFromDevice ModelCrusherBuffer(17)> pullFromDevice()
2016-10-24 22:51:02 FINE com.uniteksolusi.otomill.model.ArduinoModel pullFromDevice ModelCrusherBuffer(17)>   requestByte: 0 0 0 0 0 0 0 0 6 
2016-10-24 22:51:02 FINE com.uniteksolusi.otomill.model.ArduinoModel pullFromDevice ModelCrusherBuffer(17)>   responseByte: 2 0 0 0 0 16 0 0 6 
2016-10-24 22:51:02 FINE com.uniteksolusi.otomill.model.ArduinoModel pushToDevice ModelCrusherBuffer(17)> pushToDevice()
2016-10-24 22:51:02 FINE com.uniteksolusi.otomill.model.ArduinoModel pushToDevice ModelCrusherBuffer(17)>   pinState:  00000000 00000000 00000000 00000000 00001000 00000000 000000
2016-10-24 22:51:02 FINE com.uniteksolusi.otomill.model.ArduinoModel pushToDevice ModelCrusherBuffer(17)>   requestByte: 2 0 0 0 0 16 0 0 109 
2016-10-24 22:51:02 FINE com.uniteksolusi.otomill.model.ArduinoModel pushToDevice ModelCrusherBuffer(17)>   responseByte: 2 0 0 0 0 16 0 0 109 
2016-10-24 22:51:03 FINE com.uniteksolusi.otomill.model.ArduinoModel run ModelCrusherBuffer(17)> loop()

2016-10-24 22:51:03 FINE com.uniteksolusi.otomill.model.ArduinoModel pullFromDevice ModelCrusherBuffer(17)> pullFromDevice()
2016-10-24 22:51:03 FINE com.uniteksolusi.otomill.model.ArduinoModel pullFromDevice ModelCrusherBuffer(17)>   requestByte: 0 0 0 0 0 0 0 0 202 
2016-10-24 22:51:03 FINE com.uniteksolusi.otomill.model.ArduinoModel pullFromDevice ModelCrusherBuffer(17)>   responseByte: 2 0 0 0 0 16 0 0 202 
2016-10-24 22:51:03 FINE com.uniteksolusi.otomill.model.ArduinoModel pushToDevice ModelCrusherBuffer(17)> pushToDevice()
2016-10-24 22:51:03 FINE com.uniteksolusi.otomill.model.ArduinoModel pushToDevice ModelCrusherBuffer(17)>   pinState:  00000000 00000000 00000000 00000000 00001000 00000000 000000
2016-10-24 22:51:03 FINE com.uniteksolusi.otomill.model.ArduinoModel pushToDevice ModelCrusherBuffer(17)>   requestByte: 2 0 0 0 0 16 0 0 68 
2016-10-24 22:51:03 FINE com.uniteksolusi.otomill.model.ArduinoModel pushToDevice ModelCrusherBuffer(17)>   responseByte: 2 0 0 0 0 16 0 0 68 
2016-10-24 22:51:04 FINE com.uniteksolusi.otomill.model.ArduinoModel run ModelCrusherBuffer(17)> loop()

2016-10-24 22:51:04 FINE com.uniteksolusi.otomill.model.ArduinoModel pullFromDevice ModelCrusherBuffer(17)> pullFromDevice()
2016-10-24 22:51:04 FINE com.uniteksolusi.otomill.model.ArduinoModel pullFromDevice ModelCrusherBuffer(17)>   requestByte: 0 0 0 0 0 0 0 0 159 
2016-10-24 22:51:04 FINE com.uniteksolusi.otomill.model.ArduinoModel pullFromDevice ModelCrusherBuffer(17)>   responseByte: 2 0 0 0 0 16 0 0 159 
2016-10-24 22:51:04 FINE com.uniteksolusi.otomill.model.ArduinoModel pushToDevice ModelCrusherBuffer(17)> pushToDevice()
2016-10-24 22:51:04 FINE com.uniteksolusi.otomill.model.ArduinoModel pushToDevice ModelCrusherBuffer(17)>   pinState:  00000000 00000000 00000000 00000000 00001000 00000000 000000
2016-10-24 22:51:04 FINE com.uniteksolusi.otomill.model.ArduinoModel pushToDevice ModelCrusherBuffer(17)>   requestByte: 2 0 0 0 0 16 0 0 5 
2016-10-24 22:51:04 FINE com.uniteksolusi.otomill.model.ArduinoModel pushToDevice ModelCrusherBuffer(17)>   responseByte: 2 0 0 0 0 16 0 0 5 
2016-10-24 22:51:04 FINE com.uniteksolusi.otomill.model.ArduinoModel run ModelCrusherBuffer(17)> loop()

2016-10-24 22:51:04 FINE com.uniteksolusi.otomill.model.ArduinoModel pullFromDevice ModelCrusherBuffer(17)> pullFromDevice()
2016-10-24 22:51:04 FINE com.uniteksolusi.otomill.model.ArduinoModel pullFromDevice ModelCrusherBuffer(17)>   requestByte: 0 0 0 0 0 0 0 0 95 
2016-10-24 22:51:04 FINE com.uniteksolusi.otomill.model.ArduinoModel pullFromDevice ModelCrusherBuffer(17)>   responseByte: 2 0 0 0 0 16 0 0 95 
2016-10-24 22:51:04 FINE com.uniteksolusi.otomill.model.ArduinoModel pushToDevice ModelCrusherBuffer(17)> pushToDevice()
2016-10-24 22:51:04 FINE com.uniteksolusi.otomill.model.ArduinoModel pushToDevice ModelCrusherBuffer(17)>   pinState:  00000000 00000000 00000000 00000000 00001000 00000000 000000
2016-10-24 22:51:04 FINE com.uniteksolusi.otomill.model.ArduinoModel pushToDevice ModelCrusherBuffer(17)>   requestByte: 2 0 0 0 0 16 0 0 196 
2016-10-24 22:51:05 FINE com.uniteksolusi.otomill.model.ArduinoModel pushToDevice ModelCrusherBuffer(17)>   responseByte: 2 0 0 0 0 16 0 0 196 
2016-10-24 22:51:05 FINE com.uniteksolusi.otomill.model.ArduinoModel run ModelCrusherBuffer(17)> loop()

2016-10-24 22:51:05 FINE com.uniteksolusi.otomill.model.ArduinoModel pullFromDevice ModelCrusherBuffer(17)> pullFromDevice()
2016-10-24 22:51:05 FINE com.uniteksolusi.otomill.model.ArduinoModel pullFromDevice ModelCrusherBuffer(17)>   requestByte: 0 0 0 0 0 0 0 0 31 
2016-10-24 22:51:05 FINE com.uniteksolusi.otomill.model.ArduinoModel pullFromDevice ModelCrusherBuffer(17)>   responseByte: 2 0 0 0 0 16 0 0 31 
2016-10-24 22:51:05 FINE com.uniteksolusi.otomill.model.ArduinoModel pushToDevice ModelCrusherBuffer(17)> pushToDevice()
2016-10-24 22:51:05 FINE com.uniteksolusi.otomill.model.ArduinoModel pushToDevice ModelCrusherBuffer(17)>   pinState:  00000000 00000000 00000000 00000000 00001000 00000000 000000
2016-10-24 22:51:05 FINE com.uniteksolusi.otomill.model.ArduinoModel pushToDevice ModelCrusherBuffer(17)>   requestByte: 2 0 0 0 0 16 0 0 131 
2016-10-24 22:51:05 FINE com.uniteksolusi.otomill.model.ArduinoModel pushToDevice ModelCrusherBuffer(17)>   responseByte: 2 0 0 0 0 16 0 0 131 
2016-10-24 22:51:06 FINE com.uniteksolusi.otomill.model.ArduinoModel run ModelCrusherBuffer(17)> loop()

2016-10-24 22:51:06 FINE com.uniteksolusi.otomill.model.ArduinoModel pullFromDevice ModelCrusherBuffer(17)> pullFromDevice()
2016-10-24 22:51:06 FINE com.uniteksolusi.otomill.model.ArduinoModel pullFromDevice ModelCrusherBuffer(17)>   requestByte: 0 0 0 0 0 0 0 0 221 
2016-10-24 22:51:06 FINE com.uniteksolusi.otomill.model.ArduinoModel pullFromDevice ModelCrusherBuffer(17)>   responseByte: 2 0 0 0 0 16 0 0 221 
2016-10-24 22:51:06 FINE com.uniteksolusi.otomill.model.ArduinoModel pushToDevice ModelCrusherBuffer(17)> pushToDevice()
2016-10-24 22:51:06 FINE com.uniteksolusi.otomill.model.ArduinoModel pushToDevice ModelCrusherBuffer(17)>   pinState:  00000000 00000000 00000000 00000000 00001000 00000000 000000
2016-10-24 22:51:06 FINE com.uniteksolusi.otomill.model.ArduinoModel pushToDevice ModelCrusherBuffer(17)>   requestByte: 2 0 0 0 0 16 0 0 65 
2016-10-24 22:51:06 FINE com.uniteksolusi.otomill.model.ArduinoModel pushToDevice ModelCrusherBuffer(17)>   responseByte: 2 0 0 0 0 16 0 0 65 
2016-10-24 22:51:06 FINE com.uniteksolusi.otomill.model.ArduinoModel run ModelCrusherBuffer(17)> loop()

2016-10-24 22:51:06 FINE com.uniteksolusi.otomill.model.ArduinoModel pullFromDevice ModelCrusherBuffer(17)> pullFromDevice()
2016-10-24 22:51:06 FINE com.uniteksolusi.otomill.model.ArduinoModel pullFromDevice ModelCrusherBuffer(17)>   requestByte: 0 0 0 0 0 0 0 0 154 
2016-10-24 22:51:07 FINE com.uniteksolusi.otomill.model.ArduinoModel pullFromDevice ModelCrusherBuffer(17)>   responseByte: 2 0 0 0 0 16 0 0 154 
2016-10-24 22:51:07 FINE com.uniteksolusi.otomill.model.ArduinoModel pushToDevice ModelCrusherBuffer(17)> pushToDevice()
2016-10-24 22:51:07 FINE com.uniteksolusi.otomill.model.ArduinoModel pushToDevice ModelCrusherBuffer(17)>   pinState:  00000000 00000000 00000000 00000000 00001000 00000000 000000
2016-10-24 22:51:07 FINE com.uniteksolusi.otomill.model.ArduinoModel pushToDevice ModelCrusherBuffer(17)>   requestByte: 2 0 0 0 0 16 0 0 255 
2016-10-24 22:51:07 FINE com.uniteksolusi.otomill.model.ArduinoModel pushToDevice ModelCrusherBuffer(17)>   responseByte: 2 0 0 0 0 16 0 0 154 
2016-10-24 22:51:07 FINE com.uniteksolusi.otomill.model.ArduinoModel run ModelCrusherBuffer(17)> loop()

2016-10-24 22:51:07 FINE com.uniteksolusi.otomill.model.ArduinoModel pullFromDevice ModelCrusherBuffer(17)> pullFromDevice()
2016-10-24 22:51:07 FINE com.uniteksolusi.otomill.model.ArduinoModel pullFromDevice ModelCrusherBuffer(17)>   requestByte: 0 0 0 0 0 0 0 0 88 
2016-10-24 22:51:07 FINE com.uniteksolusi.otomill.model.ArduinoModel pullFromDevice ModelCrusherBuffer(17)>   responseByte: 2 0 0 0 0 16 0 0 88 
2016-10-24 22:51:07 FINE com.uniteksolusi.otomill.model.ArduinoModel pushToDevice ModelCrusherBuffer(17)> pushToDevice()
2016-10-24 22:51:07 FINE com.uniteksolusi.otomill.model.ArduinoModel pushToDevice ModelCrusherBuffer(17)>   pinState:  00000000 00000000 00000000 00000000 00001000 00000000 000000
2016-10-24 22:51:07 FINE com.uniteksolusi.otomill.model.ArduinoModel pushToDevice ModelCrusherBuffer(17)>   requestByte: 2 0 0 0 0 16 0 0 190 
2016-10-24 22:51:07 FINE com.uniteksolusi.otomill.model.ArduinoModel pushToDevice ModelCrusherBuffer(17)>   responseByte: 2 0 0 0 0 16 0 0 190 
2016-10-24 22:51:08 FINE com.uniteksolusi.otomill.model.ArduinoModel run ModelCrusherBuffer(17)> loop()

2016-10-24 22:51:08 FINE com.uniteksolusi.otomill.model.ArduinoModel pullFromDevice ModelCrusherBuffer(17)> pullFromDevice()
2016-10-24 22:51:08 FINE com.uniteksolusi.otomill.model.ArduinoModel pullFromDevice ModelCrusherBuffer(17)>   requestByte: 0 0 0 0 0 0 0 0 24 
2016-10-24 22:51:08 FINE com.uniteksolusi.otomill.model.ArduinoModel pullFromDevice ModelCrusherBuffer(17)>   responseByte: 2 0 0 0 0 16 0 0 24 
2016-10-24 22:51:08 FINE com.uniteksolusi.otomill.model.ArduinoModel pushToDevice ModelCrusherBuffer(17)> pushToDevice()
2016-10-24 22:51:08 FINE com.uniteksolusi.otomill.model.ArduinoModel pushToDevice ModelCrusherBuffer(17)>   pinState:  00000000 00000000 00000000 00000000 00001000 00000000 000000
2016-10-24 22:51:08 FINE com.uniteksolusi.otomill.model.ArduinoModel pushToDevice ModelCrusherBuffer(17)>   requestByte: 2 0 0 0 0 16 0 0 126 
2016-10-24 22:51:08 FINE com.uniteksolusi.otomill.model.ArduinoModel pushToDevice ModelCrusherBuffer(17)>   responseByte: 2 0 0 0 0 16 0 0 126 
2016-10-24 22:54:02 FINE com.uniteksolusi.otomill.model.ArduinoModel pullFromDevice ModelCrusherBuffer(0x11)> pullFromDevice()
2016-10-24 22:54:02 FINE com.uniteksolusi.otomill.model.ArduinoModel pullFromDevice ModelCrusherBuffer(0x11)>   requestByte: 0 0 0 0 0 0 0 0 187 
2016-10-24 22:54:02 FINE com.uniteksolusi.otomill.model.ArduinoModel pullFromDevice ModelCrusherBuffer(0x11)>   responseByte: 0 0 0 0 0 0 0 0 187 
2016-10-24 22:54:02 FINE com.uniteksolusi.otomill.model.ArduinoModel run ModelCrusherBuffer(0x11)> Not Initialized Yet
2016-10-24 22:54:02 FINE com.uniteksolusi.otomill.model.ArduinoModel initializeToDevice ModelCrusherBuffer(0x11)> initializeToDevice()
2016-10-24 22:54:02 FINE com.uniteksolusi.otomill.model.ArduinoModel initializeToDevice ModelCrusherBuffer(0x11)> Pin MDOE:  00000000 00000000 01000000 11110000 00001100 00000000 000000
2016-10-24 22:54:02 FINE com.uniteksolusi.otomill.model.ArduinoModel initializeToDevice ModelCrusherBuffer(0x11)> 1 0 0 2 15 48 0 0 75 
2016-10-24 22:54:03 FINE com.uniteksolusi.otomill.model.ArduinoModel run ModelCrusherBuffer(0x11)> end-of-loop()

2016-10-24 22:54:03 FINE com.uniteksolusi.otomill.model.ArduinoModel pullFromDevice ModelCrusherBuffer(0x11)> pullFromDevice()
2016-10-24 22:54:03 FINE com.uniteksolusi.otomill.model.ArduinoModel pullFromDevice ModelCrusherBuffer(0x11)>   requestByte: 0 0 0 0 0 0 0 0 173 
2016-10-24 22:54:03 FINE com.uniteksolusi.otomill.model.ArduinoModel pullFromDevice ModelCrusherBuffer(0x11)>   responseByte: 2 0 0 0 0 0 0 0 173 
2016-10-24 22:54:03 FINE com.uniteksolusi.otomill.model.ArduinoModel pushToDevice ModelCrusherBuffer(0x11)> pushToDevice()
2016-10-24 22:54:03 FINE com.uniteksolusi.otomill.model.ArduinoModel pushToDevice ModelCrusherBuffer(0x11)>   pinState:  00000000 00000000 00000000 00000000 00001000 00000000 000000
2016-10-24 22:54:03 FINE com.uniteksolusi.otomill.model.ArduinoModel pushToDevice ModelCrusherBuffer(0x11)>   requestByte: 2 0 0 0 0 16 0 0 26 
2016-10-24 22:54:03 FINE com.uniteksolusi.otomill.model.ArduinoModel pushToDevice ModelCrusherBuffer(0x11)>   responseByte: 2 0 0 0 0 16 0 0 26 
2016-10-24 22:54:03 FINE com.uniteksolusi.otomill.model.ArduinoModel run ModelCrusherBuffer(0x11)> end-of-loop()

2016-10-24 22:54:03 FINE com.uniteksolusi.otomill.model.ArduinoModel pullFromDevice ModelCrusherBuffer(0x11)> pullFromDevice()
2016-10-24 22:54:03 FINE com.uniteksolusi.otomill.model.ArduinoModel pullFromDevice ModelCrusherBuffer(0x11)>   requestByte: 0 0 0 0 0 0 0 0 133 
2016-10-24 22:54:03 FINE com.uniteksolusi.otomill.model.ArduinoModel pullFromDevice ModelCrusherBuffer(0x11)>   responseByte: 2 0 0 0 0 16 0 0 133 
2016-10-24 22:54:03 FINE com.uniteksolusi.otomill.model.ArduinoModel pushToDevice ModelCrusherBuffer(0x11)> pushToDevice()
2016-10-24 22:54:03 FINE com.uniteksolusi.otomill.model.ArduinoModel pushToDevice ModelCrusherBuffer(0x11)>   pinState:  00000000 00000000 00000000 00000000 00001000 00000000 000000
2016-10-24 22:54:03 FINE com.uniteksolusi.otomill.model.ArduinoModel pushToDevice ModelCrusherBuffer(0x11)>   requestByte: 2 0 0 0 0 16 0 0 240 
2016-10-24 22:54:03 FINE com.uniteksolusi.otomill.model.ArduinoModel pushToDevice ModelCrusherBuffer(0x11)>   responseByte: 2 0 0 0 0 16 0 0 240 
2016-10-24 22:54:04 FINE com.uniteksolusi.otomill.model.ArduinoModel run ModelCrusherBuffer(0x11)> end-of-loop()

2016-10-24 22:54:04 FINE com.uniteksolusi.otomill.model.ArduinoModel pullFromDevice ModelCrusherBuffer(0x11)> pullFromDevice()
2016-10-24 22:54:04 FINE com.uniteksolusi.otomill.model.ArduinoModel pullFromDevice ModelCrusherBuffer(0x11)>   requestByte: 0 0 0 0 0 0 0 0 81 
2016-10-24 22:54:04 FINE com.uniteksolusi.otomill.model.ArduinoModel pullFromDevice ModelCrusherBuffer(0x11)>   responseByte: 2 0 0 0 0 16 0 0 81 
2016-10-24 22:54:04 FINE com.uniteksolusi.otomill.model.ArduinoModel pushToDevice ModelCrusherBuffer(0x11)> pushToDevice()
2016-10-24 22:54:04 FINE com.uniteksolusi.otomill.model.ArduinoModel pushToDevice ModelCrusherBuffer(0x11)>   pinState:  00000000 00000000 00000000 00000000 00001000 00000000 000000
2016-10-24 22:54:04 FINE com.uniteksolusi.otomill.model.ArduinoModel pushToDevice ModelCrusherBuffer(0x11)>   requestByte: 2 0 0 0 0 16 0 0 202 
2016-10-24 22:54:04 FINE com.uniteksolusi.otomill.model.ArduinoModel pushToDevice ModelCrusherBuffer(0x11)>   responseByte: 2 0 0 0 0 16 0 0 202 
2016-10-24 22:54:05 FINE com.uniteksolusi.otomill.model.ArduinoModel run ModelCrusherBuffer(0x11)> end-of-loop()

2016-10-24 22:54:05 FINE com.uniteksolusi.otomill.model.ArduinoModel pullFromDevice ModelCrusherBuffer(0x11)> pullFromDevice()
2016-10-24 22:54:05 FINE com.uniteksolusi.otomill.model.ArduinoModel pullFromDevice ModelCrusherBuffer(0x11)>   requestByte: 0 0 0 0 0 0 0 0 38 
2016-10-24 22:54:05 FINE com.uniteksolusi.otomill.model.ArduinoModel pullFromDevice ModelCrusherBuffer(0x11)>   responseByte: 2 0 0 0 0 16 0 0 38 
2016-10-24 22:54:05 FINE com.uniteksolusi.otomill.model.ArduinoModel pushToDevice ModelCrusherBuffer(0x11)> pushToDevice()
2016-10-24 22:54:05 FINE com.uniteksolusi.otomill.model.ArduinoModel pushToDevice ModelCrusherBuffer(0x11)>   pinState:  00000000 00000000 00000000 00000000 00001000 00000000 000000
2016-10-24 22:54:05 FINE com.uniteksolusi.otomill.model.ArduinoModel pushToDevice ModelCrusherBuffer(0x11)>   requestByte: 2 0 0 0 0 16 0 0 145 
2016-10-24 22:54:05 FINE com.uniteksolusi.otomill.model.ArduinoModel pushToDevice ModelCrusherBuffer(0x11)>   responseByte: 2 0 0 0 0 16 0 0 145 
2016-10-24 22:54:05 FINE com.uniteksolusi.otomill.model.ArduinoModel run ModelCrusherBuffer(0x11)> end-of-loop()

2016-10-24 22:54:05 FINE com.uniteksolusi.otomill.model.ArduinoModel pullFromDevice ModelCrusherBuffer(0x11)> pullFromDevice()
2016-10-24 22:54:05 FINE com.uniteksolusi.otomill.model.ArduinoModel pullFromDevice ModelCrusherBuffer(0x11)>   requestByte: 0 0 0 0 0 0 0 0 244 
2016-10-24 22:54:06 FINE com.uniteksolusi.otomill.model.ArduinoModel pullFromDevice ModelCrusherBuffer(0x11)>   responseByte: 2 0 0 0 0 16 0 0 244 
2016-10-24 22:54:06 FINE com.uniteksolusi.otomill.model.ArduinoModel pushToDevice ModelCrusherBuffer(0x11)> pushToDevice()
2016-10-24 22:54:06 FINE com.uniteksolusi.otomill.model.ArduinoModel pushToDevice ModelCrusherBuffer(0x11)>   pinState:  00000000 00000000 00000000 00000000 00001000 00000000 000000
2016-10-24 22:54:06 FINE com.uniteksolusi.otomill.model.ArduinoModel pushToDevice ModelCrusherBuffer(0x11)>   requestByte: 2 0 0 0 0 16 0 0 89 
2016-10-24 22:54:06 FINE com.uniteksolusi.otomill.model.ArduinoModel pushToDevice ModelCrusherBuffer(0x11)>   responseByte: 2 0 0 0 0 16 0 0 89 
2016-10-24 22:54:06 FINE com.uniteksolusi.otomill.model.ArduinoModel run ModelCrusherBuffer(0x11)> end-of-loop()

2016-10-24 22:54:06 FINE com.uniteksolusi.otomill.model.ArduinoModel pullFromDevice ModelCrusherBuffer(0x11)> pullFromDevice()
2016-10-24 22:54:06 FINE com.uniteksolusi.otomill.model.ArduinoModel pullFromDevice ModelCrusherBuffer(0x11)>   requestByte: 0 0 0 0 0 0 0 0 181 
2016-10-24 22:54:06 FINE com.uniteksolusi.otomill.model.ArduinoModel pullFromDevice ModelCrusherBuffer(0x11)>   responseByte: 2 0 0 0 0 16 0 0 181 
2016-10-24 22:54:06 FINE com.uniteksolusi.otomill.model.ArduinoModel pushToDevice ModelCrusherBuffer(0x11)> pushToDevice()
2016-10-24 22:54:06 FINE com.uniteksolusi.otomill.model.ArduinoModel pushToDevice ModelCrusherBuffer(0x11)>   pinState:  00000000 00000000 00000000 00000000 00001000 00000000 000000
2016-10-24 22:54:06 FINE com.uniteksolusi.otomill.model.ArduinoModel pushToDevice ModelCrusherBuffer(0x11)>   requestByte: 2 0 0 0 0 16 0 0 25 
2016-10-24 22:54:06 FINE com.uniteksolusi.otomill.model.ArduinoModel pushToDevice ModelCrusherBuffer(0x11)>   responseByte: 2 0 0 0 0 16 0 0 25 
2016-10-24 22:54:07 FINE com.uniteksolusi.otomill.model.ArduinoModel run ModelCrusherBuffer(0x11)> end-of-loop()

2016-10-24 22:54:07 FINE com.uniteksolusi.otomill.model.ArduinoModel pullFromDevice ModelCrusherBuffer(0x11)> pullFromDevice()
2016-10-24 22:54:07 FINE com.uniteksolusi.otomill.model.ArduinoModel pullFromDevice ModelCrusherBuffer(0x11)>   requestByte: 0 0 0 0 0 0 0 0 115 
2016-10-24 22:54:07 FINE com.uniteksolusi.otomill.model.ArduinoModel pullFromDevice ModelCrusherBuffer(0x11)>   responseByte: 2 0 0 0 0 16 0 0 115 
2016-10-24 22:54:07 FINE com.uniteksolusi.otomill.model.ArduinoModel pushToDevice ModelCrusherBuffer(0x11)> pushToDevice()
2016-10-24 22:54:07 FINE com.uniteksolusi.otomill.model.ArduinoModel pushToDevice ModelCrusherBuffer(0x11)>   pinState:  00000000 00000000 00000000 00000000 00001000 00000000 000000
2016-10-24 22:54:07 FINE com.uniteksolusi.otomill.model.ArduinoModel pushToDevice ModelCrusherBuffer(0x11)>   requestByte: 2 0 0 0 0 16 0 0 216 
2016-10-24 22:54:07 FINE com.uniteksolusi.otomill.model.ArduinoModel pushToDevice ModelCrusherBuffer(0x11)>   responseByte: 2 0 0 0 0 16 0 0 216 
2016-10-24 22:54:08 FINE com.uniteksolusi.otomill.model.ArduinoModel run ModelCrusherBuffer(0x11)> end-of-loop()

2016-10-24 22:54:08 FINE com.uniteksolusi.otomill.model.ArduinoModel pullFromDevice ModelCrusherBuffer(0x11)> pullFromDevice()
2016-10-24 22:54:08 FINE com.uniteksolusi.otomill.model.ArduinoModel pullFromDevice ModelCrusherBuffer(0x11)>   requestByte: 0 0 0 0 0 0 0 0 50 
2016-10-24 22:54:08 FINE com.uniteksolusi.otomill.model.ArduinoModel pullFromDevice ModelCrusherBuffer(0x11)>   responseByte: 2 0 0 0 0 16 0 0 50 
2016-10-24 22:54:08 FINE com.uniteksolusi.otomill.model.ArduinoModel pushToDevice ModelCrusherBuffer(0x11)> pushToDevice()
2016-10-24 22:54:08 FINE com.uniteksolusi.otomill.model.ArduinoModel pushToDevice ModelCrusherBuffer(0x11)>   pinState:  00000000 00000000 00000000 00000000 00001000 00000000 000000
2016-10-24 22:54:08 FINE com.uniteksolusi.otomill.model.ArduinoModel pushToDevice ModelCrusherBuffer(0x11)>   requestByte: 2 0 0 0 0 16 0 0 150 
2016-10-24 22:54:08 FINE com.uniteksolusi.otomill.model.ArduinoModel pushToDevice ModelCrusherBuffer(0x11)>   responseByte: 2 0 0 0 0 16 0 0 150 
2016-10-24 22:54:08 FINE com.uniteksolusi.otomill.model.ArduinoModel run ModelCrusherBuffer(0x11)> end-of-loop()

2016-10-24 22:54:08 FINE com.uniteksolusi.otomill.model.ArduinoModel pullFromDevice ModelCrusherBuffer(0x11)> pullFromDevice()
2016-10-24 22:54:08 FINE com.uniteksolusi.otomill.model.ArduinoModel pullFromDevice ModelCrusherBuffer(0x11)>   requestByte: 0 0 0 0 0 0 0 0 239 
2016-10-24 22:54:08 FINE com.uniteksolusi.otomill.model.ArduinoModel pullFromDevice ModelCrusherBuffer(0x11)>   responseByte: 2 0 0 0 0 16 0 0 239 
2016-10-24 22:54:08 FINE com.uniteksolusi.otomill.model.ArduinoModel pushToDevice ModelCrusherBuffer(0x11)> pushToDevice()
2016-10-24 22:54:08 FINE com.uniteksolusi.otomill.model.ArduinoModel pushToDevice ModelCrusherBuffer(0x11)>   pinState:  00000000 00000000 00000000 00000000 00001000 00000000 000000
2016-10-24 22:54:08 FINE com.uniteksolusi.otomill.model.ArduinoModel pushToDevice ModelCrusherBuffer(0x11)>   requestByte: 2 0 0 0 0 16 0 0 84 
2016-10-24 22:54:08 FINE com.uniteksolusi.otomill.model.ArduinoModel pushToDevice ModelCrusherBuffer(0x11)>   responseByte: 2 0 0 0 0 16 0 0 84 
2016-10-24 22:54:09 FINE com.uniteksolusi.otomill.model.ArduinoModel run ModelCrusherBuffer(0x11)> end-of-loop()

2016-10-24 22:54:09 FINE com.uniteksolusi.otomill.model.ArduinoModel pullFromDevice ModelCrusherBuffer(0x11)> pullFromDevice()
2016-10-24 22:54:09 FINE com.uniteksolusi.otomill.model.ArduinoModel pullFromDevice ModelCrusherBuffer(0x11)>   requestByte: 0 0 0 0 0 0 0 0 172 
2016-10-24 22:54:09 FINE com.uniteksolusi.otomill.model.ArduinoModel pullFromDevice ModelCrusherBuffer(0x11)>   responseByte: 2 0 0 0 0 16 0 0 172 
2016-10-24 22:54:09 FINE com.uniteksolusi.otomill.model.ArduinoModel pushToDevice ModelCrusherBuffer(0x11)> pushToDevice()
2016-10-24 22:54:09 FINE com.uniteksolusi.otomill.model.ArduinoModel pushToDevice ModelCrusherBuffer(0x11)>   pinState:  00000000 00000000 00000000 00000000 00001000 00000000 000000
2016-10-24 22:54:09 FINE com.uniteksolusi.otomill.model.ArduinoModel pushToDevice ModelCrusherBuffer(0x11)>   requestByte: 2 0 0 0 0 16 0 0 18 
2016-10-24 22:54:09 FINE com.uniteksolusi.otomill.model.ArduinoModel pushToDevice ModelCrusherBuffer(0x11)>   responseByte: 2 0 0 0 0 16 0 0 18 
2016-10-24 22:54:10 FINE com.uniteksolusi.otomill.model.ArduinoModel run ModelCrusherBuffer(0x11)> end-of-loop()

2016-10-24 22:54:10 FINE com.uniteksolusi.otomill.model.ArduinoModel pullFromDevice ModelCrusherBuffer(0x11)> pullFromDevice()
2016-10-24 22:54:10 FINE com.uniteksolusi.otomill.model.ArduinoModel pullFromDevice ModelCrusherBuffer(0x11)>   requestByte: 0 0 0 0 0 0 0 0 109 
2016-10-24 22:54:10 FINE com.uniteksolusi.otomill.model.ArduinoModel pullFromDevice ModelCrusherBuffer(0x11)>   responseByte: 2 0 0 0 0 16 0 0 109 
2016-10-24 22:54:10 FINE com.uniteksolusi.otomill.model.ArduinoModel pushToDevice ModelCrusherBuffer(0x11)> pushToDevice()
2016-10-24 22:54:10 FINE com.uniteksolusi.otomill.model.ArduinoModel pushToDevice ModelCrusherBuffer(0x11)>   pinState:  00000000 00000000 00000000 00000000 00001000 00000000 000000
2016-10-24 22:54:10 FINE com.uniteksolusi.otomill.model.ArduinoModel pushToDevice ModelCrusherBuffer(0x11)>   requestByte: 2 0 0 0 0 16 0 0 211 
2016-10-24 22:54:10 FINE com.uniteksolusi.otomill.model.ArduinoModel pushToDevice ModelCrusherBuffer(0x11)>   responseByte: 2 0 0 0 0 16 0 0 211 
2016-10-24 22:54:10 FINE com.uniteksolusi.otomill.model.ArduinoModel run ModelCrusherBuffer(0x11)> end-of-loop()

2016-10-24 22:54:10 FINE com.uniteksolusi.otomill.model.ArduinoModel pullFromDevice ModelCrusherBuffer(0x11)> pullFromDevice()
2016-10-24 22:54:10 FINE com.uniteksolusi.otomill.model.ArduinoModel pullFromDevice ModelCrusherBuffer(0x11)>   requestByte: 0 0 0 0 0 0 0 0 44 
2016-11-05 12:24:35 WARNING com.uniteksolusi.otomill.model.ArduinoModel pullDigitalPinState Type . . :	 ModelCrusherBuffer (Id: 0x11)
Pin Mode :	  00000000 00000000 01000000 11110100 11100000 00000000 000000
Pin State:	  10000000 00000000 00000000 00000000 00100000 00000000 000000

Jagung/SBM:	 1 . . . . . ||| Cur Output Jagung1/Jagung2/SBM1 :	. 2

SBM Cleaner/Crusher Conf :	 0 / 1
Cleaner/OutBucket Status :	 0 / 0 || Crusher/OutBucket/Screw Status :	 0 / 0 / 0

Jagung1 State:	 STOP | Jagung1 State:	 STOP | SBM1 State:	 STOP
Jagung1 Level:	 000 || Jagung2 Level:	 000 || SBM1 Level:	 000

SBM2 Fill State:	 STOP (Conf: 1)
SBM2 Level . . :	 000State Output [32] from device (1) is NOT the same as model (0) 
2016-11-05 12:24:35 WARNING com.uniteksolusi.otomill.model.ArduinoModel pullDigitalPinState Type . . :	 ModelCrusherBuffer (Id: 0x11)
Pin Mode :	  00000000 00000000 01000000 11110100 11100000 00000000 000000
Pin State:	  10000000 00000000 00000000 00000000 00100000 00000000 000000

Jagung/SBM:	 1 . . . . . ||| Cur Output Jagung1/Jagung2/SBM1 :	. 2

SBM Cleaner/Crusher Conf :	 0 / 1
Cleaner/OutBucket Status :	 0 / 0 || Crusher/OutBucket/Screw Status :	 0 / 0 / 0

Jagung1 State:	 STOP | Jagung1 State:	 STOP | SBM1 State:	 STOP
Jagung1 Level:	 000 || Jagung2 Level:	 000 || SBM1 Level:	 000

SBM2 Fill State:	 STOP (Conf: 1)
SBM2 Level . . :	 000State Output [34] from device (0) is NOT the same as model (1) 
2016-11-05 12:32:44 WARNING com.uniteksolusi.otomill.model.ArduinoModel pullDigitalPinState Type . . :	 ModelCrusherBuffer (Id: 0x11)
Pin Mode :	  00000000 00000000 01000000 11110100 11100000 00000000 000000
Pin State:	  00000000 00000000 00000000 00000000 10000000 00000000 000000

Jagung/SBM:	 0 . . . . . ||| Cur Output Jagung1/Jagung2/SBM1 :	. 0

SBM Cleaner/Crusher Conf :	 0 / 1
Cleaner/OutBucket Status :	 0 / 0 || Crusher/OutBucket/Screw Status :	 0 / 0 / 0

Jagung1 State:	 STOP | Jagung1 State:	 STOP | SBM1 State:	 STOP
Jagung1 Level:	 000 || Jagung2 Level:	 000 || SBM1 Level:	 000

SBM2 Fill State:	 STOP (Conf: 1)
SBM2 Level . . :	 000State Output [32] from device (0) is NOT the same as model (1) 
