Oct 24, 2016 10:40:51 PM com.uniteksolusi.otomill.model.ArduinoModel pullFromDevice
FINE: ModelMixer(49)> pullFromDevice()
Oct 24, 2016 10:40:51 PM com.uniteksolusi.otomill.model.ArduinoModel pullFromDevice
FINE: ModelMixer(49)>   requestByte: 0 0 0 231 
Oct 24, 2016 10:42:12 PM com.uniteksolusi.otomill.model.ArduinoModel pullFromDevice
FINE: ModelMixer(49)> pullFromDevice()
Oct 24, 2016 10:42:12 PM com.uniteksolusi.otomill.model.ArduinoModel pullFromDevice
FINE: ModelMixer(49)>   requestByte: 0 0 0 235 
Oct 24, 2016 10:42:13 PM com.uniteksolusi.otomill.model.ArduinoModel pullFromDevice
FINE: ModelMixer(49)>   responseByte: 0 0 0 235 
Oct 24, 2016 10:42:13 PM com.uniteksolusi.otomill.model.ArduinoModel run
FINE: ModelMixer(49)> Not Initialized Yet
Oct 24, 2016 10:42:13 PM com.uniteksolusi.otomill.model.ArduinoModel initializeToDevice
FINE: ModelMixer(49)> initializeToDevice()
Oct 24, 2016 10:42:13 PM com.uniteksolusi.otomill.model.ArduinoModel initializeToDevice
FINE: ModelMixer(49)> Pin MDOE:  00011100 000000
Oct 24, 2016 10:42:13 PM com.uniteksolusi.otomill.model.ArduinoModel initializeToDevice
FINE: ModelMixer(49)> 1 56 0 107 
Oct 24, 2016 10:42:13 PM com.uniteksolusi.otomill.model.ArduinoModel run
FINE: ModelMixer(49)> loop()

Oct 24, 2016 10:42:13 PM com.uniteksolusi.otomill.model.ArduinoModel pullFromDevice
FINE: ModelMixer(49)> pullFromDevice()
Oct 24, 2016 10:42:13 PM com.uniteksolusi.otomill.model.ArduinoModel pullFromDevice
FINE: ModelMixer(49)>   requestByte: 0 0 0 197 
Oct 24, 2016 10:42:13 PM com.uniteksolusi.otomill.model.ArduinoModel pullFromDevice
FINE: ModelMixer(49)>   responseByte: 2 0 0 197 
Oct 24, 2016 10:42:13 PM com.uniteksolusi.otomill.model.ModelMixer mainLoop
FINE: Type:	 ModelMixer
Id:	 0x31
Pin Mode:	  00011100 000000
Pin State:	  00000000 000000
State:	 0 / READY
Output:	 0
Screw Out:	 0
Mixer:	 0
Wayout Empty:	 0 > Mixing State = 0 -> Ready, WAIT for input
Oct 24, 2016 10:42:13 PM com.uniteksolusi.otomill.model.ArduinoModel pushToDevice
FINE: ModelMixer(49)> pushToDevice()
Oct 24, 2016 10:42:13 PM com.uniteksolusi.otomill.model.ArduinoModel pushToDevice
FINE: ModelMixer(49)>   pinState:  00000000 000000
Oct 24, 2016 10:42:13 PM com.uniteksolusi.otomill.model.ArduinoModel pushToDevice
FINE: ModelMixer(49)>   requestByte: 2 0 0 44 
Oct 24, 2016 10:42:13 PM com.uniteksolusi.otomill.model.ArduinoModel pushToDevice
FINE: ModelMixer(49)>   responseByte: 2 0 0 44 
Oct 24, 2016 10:42:14 PM com.uniteksolusi.otomill.model.ArduinoModel run
FINE: ModelMixer(49)> loop()

Oct 24, 2016 10:42:14 PM com.uniteksolusi.otomill.model.ArduinoModel pullFromDevice
FINE: ModelMixer(49)> pullFromDevice()
Oct 24, 2016 10:42:14 PM com.uniteksolusi.otomill.model.ArduinoModel pullFromDevice
FINE: ModelMixer(49)>   requestByte: 0 0 0 135 
Oct 24, 2016 10:42:14 PM com.uniteksolusi.otomill.model.ArduinoModel pullFromDevice
FINE: ModelMixer(49)>   responseByte: 2 0 0 135 
Oct 24, 2016 10:42:14 PM com.uniteksolusi.otomill.model.ModelMixer mainLoop
FINE: Type:	 ModelMixer
Id:	 0x31
Pin Mode:	  00011100 000000
Pin State:	  00000000 000000
State:	 0 / READY
Output:	 0
Screw Out:	 0
Mixer:	 0
Wayout Empty:	 0 > Mixing State = 0 -> Ready, WAIT for input
Oct 24, 2016 10:42:14 PM com.uniteksolusi.otomill.model.ArduinoModel pushToDevice
FINE: ModelMixer(49)> pushToDevice()
Oct 24, 2016 10:42:14 PM com.uniteksolusi.otomill.model.ArduinoModel pushToDevice
FINE: ModelMixer(49)>   pinState:  00000000 000000
Oct 24, 2016 10:42:14 PM com.uniteksolusi.otomill.model.ArduinoModel pushToDevice
FINE: ModelMixer(49)>   requestByte: 2 0 0 239 
Oct 24, 2016 10:42:14 PM com.uniteksolusi.otomill.model.ArduinoModel pushToDevice
FINE: ModelMixer(49)>   responseByte: 2 0 0 239 
Oct 24, 2016 10:42:15 PM com.uniteksolusi.otomill.model.ArduinoModel run
FINE: ModelMixer(49)> loop()

Oct 24, 2016 10:42:15 PM com.uniteksolusi.otomill.model.ArduinoModel pullFromDevice
FINE: ModelMixer(49)> pullFromDevice()
Oct 24, 2016 10:42:15 PM com.uniteksolusi.otomill.model.ArduinoModel pullFromDevice
FINE: ModelMixer(49)>   requestByte: 0 0 0 76 
Oct 24, 2016 10:42:15 PM com.uniteksolusi.otomill.model.ArduinoModel pullFromDevice
FINE: ModelMixer(49)>   responseByte: 2 0 0 76 
Oct 24, 2016 10:42:15 PM com.uniteksolusi.otomill.model.ModelMixer mainLoop
FINE: Type:	 ModelMixer
Id:	 0x31
Pin Mode:	  00011100 000000
Pin State:	  00000000 000000
State:	 0 / READY
Output:	 0
Screw Out:	 0
Mixer:	 0
Wayout Empty:	 0 > Mixing State = 0 -> Ready, WAIT for input
Oct 24, 2016 10:42:15 PM com.uniteksolusi.otomill.model.ArduinoModel pushToDevice
FINE: ModelMixer(49)> pushToDevice()
Oct 24, 2016 10:42:15 PM com.uniteksolusi.otomill.model.ArduinoModel pushToDevice
FINE: ModelMixer(49)>   pinState:  00000000 000000
Oct 24, 2016 10:42:15 PM com.uniteksolusi.otomill.model.ArduinoModel pushToDevice
FINE: ModelMixer(49)>   requestByte: 2 0 0 179 
Oct 24, 2016 10:42:15 PM com.uniteksolusi.otomill.model.ArduinoModel pushToDevice
FINE: ModelMixer(49)>   responseByte: 2 0 0 179 
Oct 24, 2016 10:42:15 PM com.uniteksolusi.otomill.model.ArduinoModel run
FINE: ModelMixer(49)> loop()

Oct 24, 2016 10:42:15 PM com.uniteksolusi.otomill.model.ArduinoModel pullFromDevice
FINE: ModelMixer(49)> pullFromDevice()
Oct 24, 2016 10:42:15 PM com.uniteksolusi.otomill.model.ArduinoModel pullFromDevice
FINE: ModelMixer(49)>   requestByte: 0 0 0 14 
Oct 24, 2016 10:42:15 PM com.uniteksolusi.otomill.model.ArduinoModel pullFromDevice
FINE: ModelMixer(49)>   responseByte: 2 0 0 14 
Oct 24, 2016 10:42:15 PM com.uniteksolusi.otomill.model.ModelMixer mainLoop
FINE: Type:	 ModelMixer
Id:	 0x31
Pin Mode:	  00011100 000000
Pin State:	  00000000 000000
State:	 0 / READY
Output:	 0
Screw Out:	 0
Mixer:	 0
Wayout Empty:	 0 > Mixing State = 0 -> Ready, WAIT for input
Oct 24, 2016 10:42:15 PM com.uniteksolusi.otomill.model.ArduinoModel pushToDevice
FINE: ModelMixer(49)> pushToDevice()
Oct 24, 2016 10:42:15 PM com.uniteksolusi.otomill.model.ArduinoModel pushToDevice
FINE: ModelMixer(49)>   pinState:  00000000 000000
Oct 24, 2016 10:42:15 PM com.uniteksolusi.otomill.model.ArduinoModel pushToDevice
FINE: ModelMixer(49)>   requestByte: 2 0 0 115 
Oct 24, 2016 10:42:16 PM com.uniteksolusi.otomill.model.ArduinoModel pushToDevice
FINE: ModelMixer(49)>   responseByte: 2 0 0 115 
Oct 24, 2016 10:42:16 PM com.uniteksolusi.otomill.model.ArduinoModel run
FINE: ModelMixer(49)> loop()

Oct 24, 2016 10:42:16 PM com.uniteksolusi.otomill.model.ArduinoModel pullFromDevice
FINE: ModelMixer(49)> pullFromDevice()
Oct 24, 2016 10:42:16 PM com.uniteksolusi.otomill.model.ArduinoModel pullFromDevice
FINE: ModelMixer(49)>   requestByte: 0 0 0 205 
Oct 24, 2016 10:42:16 PM com.uniteksolusi.otomill.model.ArduinoModel pullFromDevice
FINE: ModelMixer(49)>   responseByte: 2 0 0 205 
Oct 24, 2016 10:42:16 PM com.uniteksolusi.otomill.model.ModelMixer mainLoop
FINE: Type:	 ModelMixer
Id:	 0x31
Pin Mode:	  00011100 000000
Pin State:	  00000000 000000
State:	 0 / READY
Output:	 0
Screw Out:	 0
Mixer:	 0
Wayout Empty:	 0 > Mixing State = 0 -> Ready, WAIT for input
Oct 24, 2016 10:42:16 PM com.uniteksolusi.otomill.model.ArduinoModel pushToDevice
FINE: ModelMixer(49)> pushToDevice()
Oct 24, 2016 10:42:16 PM com.uniteksolusi.otomill.model.ArduinoModel pushToDevice
FINE: ModelMixer(49)>   pinState:  00000000 000000
Oct 24, 2016 10:42:16 PM com.uniteksolusi.otomill.model.ArduinoModel pushToDevice
FINE: ModelMixer(49)>   requestByte: 2 0 0 51 
Oct 24, 2016 10:42:16 PM com.uniteksolusi.otomill.model.ArduinoModel pushToDevice
FINE: ModelMixer(49)>   responseByte: 2 0 0 51 
Oct 24, 2016 10:42:17 PM com.uniteksolusi.otomill.model.ArduinoModel run
FINE: ModelMixer(49)> loop()

Oct 24, 2016 10:42:17 PM com.uniteksolusi.otomill.model.ArduinoModel pullFromDevice
FINE: ModelMixer(49)> pullFromDevice()
Oct 24, 2016 10:42:17 PM com.uniteksolusi.otomill.model.ArduinoModel pullFromDevice
FINE: ModelMixer(49)>   requestByte: 0 0 0 140 
Oct 24, 2016 10:42:17 PM com.uniteksolusi.otomill.model.ArduinoModel pullFromDevice
FINE: ModelMixer(49)>   responseByte: 2 0 0 140 
Oct 24, 2016 10:42:17 PM com.uniteksolusi.otomill.model.ModelMixer mainLoop
FINE: Type:	 ModelMixer
Id:	 0x31
Pin Mode:	  00011100 000000
Pin State:	  00000000 000000
State:	 0 / READY
Output:	 0
Screw Out:	 0
Mixer:	 0
Wayout Empty:	 0 > Mixing State = 0 -> Ready, WAIT for input
Oct 24, 2016 10:42:17 PM com.uniteksolusi.otomill.model.ArduinoModel pushToDevice
FINE: ModelMixer(49)> pushToDevice()
Oct 24, 2016 10:42:17 PM com.uniteksolusi.otomill.model.ArduinoModel pushToDevice
FINE: ModelMixer(49)>   pinState:  00000000 000000
Oct 24, 2016 10:42:17 PM com.uniteksolusi.otomill.model.ArduinoModel pushToDevice
FINE: ModelMixer(49)>   requestByte: 2 0 0 243 
Oct 24, 2016 10:42:17 PM com.uniteksolusi.otomill.model.ArduinoModel pushToDevice
FINE: ModelMixer(49)>   responseByte: 2 0 0 243 
Oct 24, 2016 10:42:17 PM com.uniteksolusi.otomill.model.ArduinoModel run
FINE: ModelMixer(49)> loop()

Oct 24, 2016 10:42:17 PM com.uniteksolusi.otomill.model.ArduinoModel pullFromDevice
FINE: ModelMixer(49)> pullFromDevice()
Oct 24, 2016 10:42:17 PM com.uniteksolusi.otomill.model.ArduinoModel pullFromDevice
FINE: ModelMixer(49)>   requestByte: 0 0 0 78 
Oct 24, 2016 10:42:18 PM com.uniteksolusi.otomill.model.ArduinoModel pullFromDevice
FINE: ModelMixer(49)>   responseByte: 2 0 0 78 
Oct 24, 2016 10:42:18 PM com.uniteksolusi.otomill.model.ModelMixer mainLoop
FINE: Type:	 ModelMixer
Id:	 0x31
Pin Mode:	  00011100 000000
Pin State:	  00000000 000000
State:	 0 / READY
Output:	 0
Screw Out:	 0
Mixer:	 0
Wayout Empty:	 0 > Mixing State = 0 -> Ready, WAIT for input
Oct 24, 2016 10:42:18 PM com.uniteksolusi.otomill.model.ArduinoModel pushToDevice
FINE: ModelMixer(49)> pushToDevice()
Oct 24, 2016 10:42:18 PM com.uniteksolusi.otomill.model.ArduinoModel pushToDevice
FINE: ModelMixer(49)>   pinState:  00000000 000000
Oct 24, 2016 10:42:18 PM com.uniteksolusi.otomill.model.ArduinoModel pushToDevice
FINE: ModelMixer(49)>   requestByte: 2 0 0 179 
Oct 24, 2016 10:42:18 PM com.uniteksolusi.otomill.model.ArduinoModel pushToDevice
FINE: ModelMixer(49)>   responseByte: 2 0 0 179 
Oct 24, 2016 10:42:18 PM com.uniteksolusi.otomill.model.ArduinoModel run
FINE: ModelMixer(49)> loop()

Oct 24, 2016 10:42:18 PM com.uniteksolusi.otomill.model.ArduinoModel pullFromDevice
FINE: ModelMixer(49)> pullFromDevice()
Oct 24, 2016 10:42:18 PM com.uniteksolusi.otomill.model.ArduinoModel pullFromDevice
FINE: ModelMixer(49)>   requestByte: 0 0 0 13 
Oct 24, 2016 10:42:18 PM com.uniteksolusi.otomill.model.ArduinoModel pullFromDevice
FINE: ModelMixer(49)>   responseByte: 2 0 0 13 
Oct 24, 2016 10:42:18 PM com.uniteksolusi.otomill.model.ModelMixer mainLoop
FINE: Type:	 ModelMixer
Id:	 0x31
Pin Mode:	  00011100 000000
Pin State:	  00000000 000000
State:	 0 / READY
Output:	 0
Screw Out:	 0
Mixer:	 0
Wayout Empty:	 0 > Mixing State = 0 -> Ready, WAIT for input
Oct 24, 2016 10:42:18 PM com.uniteksolusi.otomill.model.ArduinoModel pushToDevice
FINE: ModelMixer(49)> pushToDevice()
Oct 24, 2016 10:42:18 PM com.uniteksolusi.otomill.model.ArduinoModel pushToDevice
FINE: ModelMixer(49)>   pinState:  00000000 000000
Oct 24, 2016 10:42:18 PM com.uniteksolusi.otomill.model.ArduinoModel pushToDevice
FINE: ModelMixer(49)>   requestByte: 2 0 0 114 
Oct 24, 2016 10:42:18 PM com.uniteksolusi.otomill.model.ArduinoModel pushToDevice
FINE: ModelMixer(49)>   responseByte: 2 0 0 114 
Oct 24, 2016 10:42:19 PM com.uniteksolusi.otomill.model.ArduinoModel run
FINE: ModelMixer(49)> loop()

Oct 24, 2016 10:42:19 PM com.uniteksolusi.otomill.model.ArduinoModel pullFromDevice
FINE: ModelMixer(49)> pullFromDevice()
Oct 24, 2016 10:42:19 PM com.uniteksolusi.otomill.model.ArduinoModel pullFromDevice
FINE: ModelMixer(49)>   requestByte: 0 0 0 204 
Oct 24, 2016 10:42:19 PM com.uniteksolusi.otomill.model.ArduinoModel pullFromDevice
FINE: ModelMixer(49)>   responseByte: 2 0 0 204 
Oct 24, 2016 10:42:19 PM com.uniteksolusi.otomill.model.ModelMixer mainLoop
FINE: Type:	 ModelMixer
Id:	 0x31
Pin Mode:	  00011100 000000
Pin State:	  00000000 000000
State:	 0 / READY
Output:	 0
Screw Out:	 0
Mixer:	 0
Wayout Empty:	 0 > Mixing State = 0 -> Ready, WAIT for input
Oct 24, 2016 10:42:19 PM com.uniteksolusi.otomill.model.ArduinoModel pushToDevice
FINE: ModelMixer(49)> pushToDevice()
Oct 24, 2016 10:42:19 PM com.uniteksolusi.otomill.model.ArduinoModel pushToDevice
FINE: ModelMixer(49)>   pinState:  00000000 000000
Oct 24, 2016 10:42:19 PM com.uniteksolusi.otomill.model.ArduinoModel pushToDevice
FINE: ModelMixer(49)>   requestByte: 2 0 0 48 
Oct 24, 2016 10:42:19 PM com.uniteksolusi.otomill.model.ArduinoModel pushToDevice
FINE: ModelMixer(49)>   responseByte: 2 0 0 48 
Oct 24, 2016 10:42:20 PM com.uniteksolusi.otomill.model.ArduinoModel run
FINE: ModelMixer(49)> loop()

Oct 24, 2016 10:42:20 PM com.uniteksolusi.otomill.model.ArduinoModel pullFromDevice
FINE: ModelMixer(49)> pullFromDevice()
Oct 24, 2016 10:42:20 PM com.uniteksolusi.otomill.model.ArduinoModel pullFromDevice
FINE: ModelMixer(49)>   requestByte: 0 0 0 138 
Oct 24, 2016 10:42:20 PM com.uniteksolusi.otomill.model.ArduinoModel pullFromDevice
FINE: ModelMixer(49)>   responseByte: 2 0 0 138 
Oct 24, 2016 10:42:20 PM com.uniteksolusi.otomill.model.ModelMixer mainLoop
FINE: Type:	 ModelMixer
Id:	 0x31
Pin Mode:	  00011100 000000
Pin State:	  00000000 000000
State:	 0 / READY
Output:	 0
Screw Out:	 0
Mixer:	 0
Wayout Empty:	 0 > Mixing State = 0 -> Ready, WAIT for input
Oct 24, 2016 10:42:20 PM com.uniteksolusi.otomill.model.ArduinoModel pushToDevice
FINE: ModelMixer(49)> pushToDevice()
Oct 24, 2016 10:42:20 PM com.uniteksolusi.otomill.model.ArduinoModel pushToDevice
FINE: ModelMixer(49)>   pinState:  00000000 000000
Oct 24, 2016 10:42:20 PM com.uniteksolusi.otomill.model.ArduinoModel pushToDevice
FINE: ModelMixer(49)>   requestByte: 2 0 0 248 
Oct 24, 2016 10:42:20 PM com.uniteksolusi.otomill.model.ArduinoModel pushToDevice
FINE: ModelMixer(49)>   responseByte: 2 0 0 248 
Oct 24, 2016 10:42:20 PM com.uniteksolusi.otomill.model.ArduinoModel run
FINE: ModelMixer(49)> loop()

Oct 24, 2016 10:42:20 PM com.uniteksolusi.otomill.model.ArduinoModel pullFromDevice
FINE: ModelMixer(49)> pullFromDevice()
Oct 24, 2016 10:42:20 PM com.uniteksolusi.otomill.model.ArduinoModel pullFromDevice
FINE: ModelMixer(49)>   requestByte: 0 0 0 82 
Oct 24, 2016 10:42:20 PM com.uniteksolusi.otomill.model.ArduinoModel pullFromDevice
FINE: ModelMixer(49)>   responseByte: 2 0 0 82 
Oct 24, 2016 10:42:20 PM com.uniteksolusi.otomill.model.ModelMixer mainLoop
FINE: Type:	 ModelMixer
Id:	 0x31
Pin Mode:	  00011100 000000
Pin State:	  00000000 000000
State:	 0 / READY
Output:	 0
Screw Out:	 0
Mixer:	 0
Wayout Empty:	 0 > Mixing State = 0 -> Ready, WAIT for input
Oct 24, 2016 10:42:20 PM com.uniteksolusi.otomill.model.ArduinoModel pushToDevice
FINE: ModelMixer(49)> pushToDevice()
Oct 24, 2016 10:42:20 PM com.uniteksolusi.otomill.model.ArduinoModel pushToDevice
FINE: ModelMixer(49)>   pinState:  00000000 000000
Oct 24, 2016 10:42:20 PM com.uniteksolusi.otomill.model.ArduinoModel pushToDevice
FINE: ModelMixer(49)>   requestByte: 2 0 0 182 
Oct 24, 2016 10:42:20 PM com.uniteksolusi.otomill.model.ArduinoModel pushToDevice
FINE: ModelMixer(49)>   responseByte: 2 0 0 182 
Oct 24, 2016 10:42:21 PM com.uniteksolusi.otomill.model.ArduinoModel run
FINE: ModelMixer(49)> loop()

Oct 24, 2016 10:42:21 PM com.uniteksolusi.otomill.model.ArduinoModel pullFromDevice
FINE: ModelMixer(49)> pullFromDevice()
Oct 24, 2016 10:42:21 PM com.uniteksolusi.otomill.model.ArduinoModel pullFromDevice
FINE: ModelMixer(49)>   requestByte: 0 0 0 16 
Oct 24, 2016 10:42:21 PM com.uniteksolusi.otomill.model.ArduinoModel pullFromDevice
FINE: ModelMixer(49)>   responseByte: 2 0 0 16 
Oct 24, 2016 10:42:21 PM com.uniteksolusi.otomill.model.ModelMixer mainLoop
FINE: Type:	 ModelMixer
Id:	 0x31
Pin Mode:	  00011100 000000
Pin State:	  00000000 000000
State:	 0 / READY
Output:	 0
Screw Out:	 0
Mixer:	 0
Wayout Empty:	 0 > Mixing State = 0 -> Ready, WAIT for input
Oct 24, 2016 10:42:21 PM com.uniteksolusi.otomill.model.ArduinoModel pushToDevice
FINE: ModelMixer(49)> pushToDevice()
Oct 24, 2016 10:42:21 PM com.uniteksolusi.otomill.model.ArduinoModel pushToDevice
FINE: ModelMixer(49)>   pinState:  00000000 000000
Oct 24, 2016 10:42:21 PM com.uniteksolusi.otomill.model.ArduinoModel pushToDevice
FINE: ModelMixer(49)>   requestByte: 2 0 0 117 
Oct 24, 2016 10:42:21 PM com.uniteksolusi.otomill.model.ArduinoModel pushToDevice
FINE: ModelMixer(49)>   responseByte: 2 0 0 117 
Oct 24, 2016 10:42:22 PM com.uniteksolusi.otomill.model.ArduinoModel run
FINE: ModelMixer(49)> loop()

Oct 24, 2016 10:42:22 PM com.uniteksolusi.otomill.model.ArduinoModel pullFromDevice
FINE: ModelMixer(49)> pullFromDevice()
Oct 24, 2016 10:42:22 PM com.uniteksolusi.otomill.model.ArduinoModel pullFromDevice
FINE: ModelMixer(49)>   requestByte: 0 0 0 208 
Oct 24, 2016 10:42:22 PM com.uniteksolusi.otomill.model.ArduinoModel pullFromDevice
FINE: ModelMixer(49)>   responseByte: 2 0 0 208 
Oct 24, 2016 10:42:22 PM com.uniteksolusi.otomill.model.ModelMixer mainLoop
FINE: Type:	 ModelMixer
Id:	 0x31
Pin Mode:	  00011100 000000
Pin State:	  00000000 000000
State:	 0 / READY
Output:	 0
Screw Out:	 0
Mixer:	 0
Wayout Empty:	 0 > Mixing State = 0 -> Ready, WAIT for input
Oct 24, 2016 10:42:22 PM com.uniteksolusi.otomill.model.ArduinoModel pushToDevice
FINE: ModelMixer(49)> pushToDevice()
Oct 24, 2016 10:42:22 PM com.uniteksolusi.otomill.model.ArduinoModel pushToDevice
FINE: ModelMixer(49)>   pinState:  00000000 000000
Oct 24, 2016 10:42:22 PM com.uniteksolusi.otomill.model.ArduinoModel pushToDevice
FINE: ModelMixer(49)>   requestByte: 2 0 0 53 
Oct 24, 2016 10:42:22 PM com.uniteksolusi.otomill.model.ArduinoModel pushToDevice
FINE: ModelMixer(49)>   responseByte: 2 0 0 53 
Oct 24, 2016 10:42:22 PM com.uniteksolusi.otomill.model.ArduinoModel run
FINE: ModelMixer(49)> loop()

Oct 24, 2016 10:42:22 PM com.uniteksolusi.otomill.model.ArduinoModel pullFromDevice
FINE: ModelMixer(49)> pullFromDevice()
Oct 24, 2016 10:42:22 PM com.uniteksolusi.otomill.model.ArduinoModel pullFromDevice
FINE: ModelMixer(49)>   requestByte: 0 0 0 141 
Oct 24, 2016 10:42:22 PM com.uniteksolusi.otomill.model.ArduinoModel pullFromDevice
FINE: ModelMixer(49)>   responseByte: 2 0 0 141 
Oct 24, 2016 10:42:22 PM com.uniteksolusi.otomill.model.ModelMixer mainLoop
FINE: Type:	 ModelMixer
Id:	 0x31
Pin Mode:	  00011100 000000
Pin State:	  00000000 000000
State:	 0 / READY
Output:	 0
Screw Out:	 0
Mixer:	 0
Wayout Empty:	 0 > Mixing State = 0 -> Ready, WAIT for input
Oct 24, 2016 10:42:22 PM com.uniteksolusi.otomill.model.ArduinoModel pushToDevice
FINE: ModelMixer(49)> pushToDevice()
Oct 24, 2016 10:42:22 PM com.uniteksolusi.otomill.model.ArduinoModel pushToDevice
FINE: ModelMixer(49)>   pinState:  00000000 000000
Oct 24, 2016 10:42:22 PM com.uniteksolusi.otomill.model.ArduinoModel pushToDevice
FINE: ModelMixer(49)>   requestByte: 2 0 0 241 
Oct 24, 2016 10:42:23 PM com.uniteksolusi.otomill.model.ArduinoModel pushToDevice
FINE: ModelMixer(49)>   responseByte: 2 0 0 241 
Oct 24, 2016 10:42:23 PM com.uniteksolusi.otomill.model.ArduinoModel run
FINE: ModelMixer(49)> loop()

Oct 24, 2016 10:42:23 PM com.uniteksolusi.otomill.model.ArduinoModel pullFromDevice
FINE: ModelMixer(49)> pullFromDevice()
Oct 24, 2016 10:42:23 PM com.uniteksolusi.otomill.model.ArduinoModel pullFromDevice
FINE: ModelMixer(49)>   requestByte: 0 0 0 75 
Oct 24, 2016 10:42:23 PM com.uniteksolusi.otomill.model.ArduinoModel pullFromDevice
FINE: ModelMixer(49)>   responseByte: 2 0 0 75 
Oct 24, 2016 10:42:23 PM com.uniteksolusi.otomill.model.ModelMixer mainLoop
FINE: Type:	 ModelMixer
Id:	 0x31
Pin Mode:	  00011100 000000
Pin State:	  00000000 000000
State:	 0 / READY
Output:	 0
Screw Out:	 0
Mixer:	 0
Wayout Empty:	 0 > Mixing State = 0 -> Ready, WAIT for input
Oct 24, 2016 10:42:23 PM com.uniteksolusi.otomill.model.ArduinoModel pushToDevice
FINE: ModelMixer(49)> pushToDevice()
Oct 24, 2016 10:42:23 PM com.uniteksolusi.otomill.model.ArduinoModel pushToDevice
FINE: ModelMixer(49)>   pinState:  00000000 000000
Oct 24, 2016 10:42:23 PM com.uniteksolusi.otomill.model.ArduinoModel pushToDevice
FINE: ModelMixer(49)>   requestByte: 2 0 0 175 
Oct 24, 2016 10:42:23 PM com.uniteksolusi.otomill.model.ArduinoModel pushToDevice
FINE: ModelMixer(49)>   responseByte: 2 0 0 175 
Oct 24, 2016 10:42:24 PM com.uniteksolusi.otomill.model.ArduinoModel run
FINE: ModelMixer(49)> loop()

Oct 24, 2016 10:42:24 PM com.uniteksolusi.otomill.model.ArduinoModel pullFromDevice
FINE: ModelMixer(49)> pullFromDevice()
Oct 24, 2016 10:42:24 PM com.uniteksolusi.otomill.model.ArduinoModel pullFromDevice
FINE: ModelMixer(49)>   requestByte: 0 0 0 8 
2016-10-24 22:45:13 FINE com.uniteksolusi.otomill.model.ArduinoModel pullFromDevice ModelMixer(49)> pullFromDevice()
2016-10-24 22:45:13 FINE com.uniteksolusi.otomill.model.ArduinoModel pullFromDevice ModelMixer(49)>   requestByte: 0 0 0 219 
2016-10-24 22:45:13 FINE com.uniteksolusi.otomill.model.ArduinoModel pullFromDevice ModelMixer(49)>   responseByte: 0 0 0 219 
2016-10-24 22:45:13 FINE com.uniteksolusi.otomill.model.ArduinoModel run ModelMixer(49)> Not Initialized Yet
2016-10-24 22:45:13 FINE com.uniteksolusi.otomill.model.ArduinoModel initializeToDevice ModelMixer(49)> initializeToDevice()
2016-10-24 22:45:13 FINE com.uniteksolusi.otomill.model.ArduinoModel initializeToDevice ModelMixer(49)> Pin MDOE:  00011100 000000
2016-10-24 22:45:13 FINE com.uniteksolusi.otomill.model.ArduinoModel initializeToDevice ModelMixer(49)> 1 56 0 82 
2016-10-24 22:45:14 FINE com.uniteksolusi.otomill.model.ArduinoModel run ModelMixer(49)> loop()

2016-10-24 22:45:14 FINE com.uniteksolusi.otomill.model.ArduinoModel pullFromDevice ModelMixer(49)> pullFromDevice()
2016-10-24 22:45:14 FINE com.uniteksolusi.otomill.model.ArduinoModel pullFromDevice ModelMixer(49)>   requestByte: 0 0 0 180 
2016-10-24 22:45:14 FINE com.uniteksolusi.otomill.model.ArduinoModel pullFromDevice ModelMixer(49)>   responseByte: 2 0 0 180 
2016-10-24 22:45:14 FINE com.uniteksolusi.otomill.model.ModelMixer mainLoop Type:	 ModelMixer
Id:	 0x31
Pin Mode:	  00011100 000000
Pin State:	  00000000 000000
State:	 0 / READY
Output:	 0
Screw Out:	 0
Mixer:	 0
Wayout Empty:	 0 > Mixing State = 0 -> Ready, WAIT for input
2016-10-24 22:45:14 FINE com.uniteksolusi.otomill.model.ArduinoModel pushToDevice ModelMixer(49)> pushToDevice()
2016-10-24 22:45:14 FINE com.uniteksolusi.otomill.model.ArduinoModel pushToDevice ModelMixer(49)>   pinState:  00000000 000000
2016-10-24 22:45:14 FINE com.uniteksolusi.otomill.model.ArduinoModel pushToDevice ModelMixer(49)>   requestByte: 2 0 0 36 
2016-10-24 22:45:14 FINE com.uniteksolusi.otomill.model.ArduinoModel pushToDevice ModelMixer(49)>   responseByte: 2 0 0 36 
2016-10-24 22:45:14 FINE com.uniteksolusi.otomill.model.ArduinoModel run ModelMixer(49)> loop()

2016-10-24 22:45:14 FINE com.uniteksolusi.otomill.model.ArduinoModel pullFromDevice ModelMixer(49)> pullFromDevice()
2016-10-24 22:45:14 FINE com.uniteksolusi.otomill.model.ArduinoModel pullFromDevice ModelMixer(49)>   requestByte: 0 0 0 128 
2016-10-24 22:45:14 FINE com.uniteksolusi.otomill.model.ArduinoModel pullFromDevice ModelMixer(49)>   responseByte: 2 0 0 128 
2016-10-24 22:45:14 FINE com.uniteksolusi.otomill.model.ModelMixer mainLoop Type:	 ModelMixer
Id:	 0x31
Pin Mode:	  00011100 000000
Pin State:	  00000000 000000
State:	 0 / READY
Output:	 0
Screw Out:	 0
Mixer:	 0
Wayout Empty:	 0 > Mixing State = 0 -> Ready, WAIT for input
2016-10-24 22:45:14 FINE com.uniteksolusi.otomill.model.ArduinoModel pushToDevice ModelMixer(49)> pushToDevice()
2016-10-24 22:45:14 FINE com.uniteksolusi.otomill.model.ArduinoModel pushToDevice ModelMixer(49)>   pinState:  00000000 000000
2016-10-24 22:45:14 FINE com.uniteksolusi.otomill.model.ArduinoModel pushToDevice ModelMixer(49)>   requestByte: 2 0 0 229 
2016-10-24 22:45:15 FINE com.uniteksolusi.otomill.model.ArduinoModel pushToDevice ModelMixer(49)>   responseByte: 2 0 0 229 
2016-10-24 22:45:15 FINE com.uniteksolusi.otomill.model.ArduinoModel run ModelMixer(49)> loop()

2016-10-24 22:45:15 FINE com.uniteksolusi.otomill.model.ArduinoModel pullFromDevice ModelMixer(49)> pullFromDevice()
2016-10-24 22:45:15 FINE com.uniteksolusi.otomill.model.ArduinoModel pullFromDevice ModelMixer(49)>   requestByte: 0 0 0 68 
2016-10-24 22:45:15 FINE com.uniteksolusi.otomill.model.ArduinoModel pullFromDevice ModelMixer(49)>   responseByte: 2 0 0 68 
2016-10-24 22:45:15 FINE com.uniteksolusi.otomill.model.ModelMixer mainLoop Type:	 ModelMixer
Id:	 0x31
Pin Mode:	  00011100 000000
Pin State:	  00000000 000000
State:	 0 / READY
Output:	 0
Screw Out:	 0
Mixer:	 0
Wayout Empty:	 0 > Mixing State = 0 -> Ready, WAIT for input
2016-10-24 22:45:15 FINE com.uniteksolusi.otomill.model.ArduinoModel pushToDevice ModelMixer(49)> pushToDevice()
2016-10-24 22:45:15 FINE com.uniteksolusi.otomill.model.ArduinoModel pushToDevice ModelMixer(49)>   pinState:  00000000 000000
2016-10-24 22:45:15 FINE com.uniteksolusi.otomill.model.ArduinoModel pushToDevice ModelMixer(49)>   requestByte: 2 0 0 171 
2016-10-24 22:45:15 FINE com.uniteksolusi.otomill.model.ArduinoModel pushToDevice ModelMixer(49)>   responseByte: 2 0 0 171 
2016-10-24 22:45:16 FINE com.uniteksolusi.otomill.model.ArduinoModel run ModelMixer(49)> loop()

2016-10-24 22:45:16 FINE com.uniteksolusi.otomill.model.ArduinoModel pullFromDevice ModelMixer(49)> pullFromDevice()
2016-10-24 22:45:16 FINE com.uniteksolusi.otomill.model.ArduinoModel pullFromDevice ModelMixer(49)>   requestByte: 0 0 0 4 
2016-10-24 22:45:16 FINE com.uniteksolusi.otomill.model.ArduinoModel pullFromDevice ModelMixer(49)>   responseByte: 2 0 0 4 
2016-10-24 22:45:16 FINE com.uniteksolusi.otomill.model.ModelMixer mainLoop Type:	 ModelMixer
Id:	 0x31
Pin Mode:	  00011100 000000
Pin State:	  00000000 000000
State:	 0 / READY
Output:	 0
Screw Out:	 0
Mixer:	 0
Wayout Empty:	 0 > Mixing State = 0 -> Ready, WAIT for input
2016-10-24 22:45:16 FINE com.uniteksolusi.otomill.model.ArduinoModel pushToDevice ModelMixer(49)> pushToDevice()
2016-10-24 22:45:16 FINE com.uniteksolusi.otomill.model.ArduinoModel pushToDevice ModelMixer(49)>   pinState:  00000000 000000
2016-10-24 22:45:16 FINE com.uniteksolusi.otomill.model.ArduinoModel pushToDevice ModelMixer(49)>   requestByte: 2 0 0 106 
2016-10-24 22:45:16 FINE com.uniteksolusi.otomill.model.ArduinoModel pushToDevice ModelMixer(49)>   responseByte: 2 0 0 106 
2016-10-24 22:45:16 FINE com.uniteksolusi.otomill.model.ArduinoModel run ModelMixer(49)> loop()

2016-10-24 22:45:16 FINE com.uniteksolusi.otomill.model.ArduinoModel pullFromDevice ModelMixer(49)> pullFromDevice()
2016-10-24 22:45:17 FINE com.uniteksolusi.otomill.model.ArduinoModel pullFromDevice ModelMixer(49)>   requestByte: 0 0 0 200 
2016-10-24 22:45:17 FINE com.uniteksolusi.otomill.model.ArduinoModel pullFromDevice ModelMixer(49)>   responseByte: 2 0 0 200 
2016-10-24 22:45:17 FINE com.uniteksolusi.otomill.model.ModelMixer mainLoop Type:	 ModelMixer
Id:	 0x31
Pin Mode:	  00011100 000000
Pin State:	  00000000 000000
State:	 0 / READY
Output:	 0
Screw Out:	 0
Mixer:	 0
Wayout Empty:	 0 > Mixing State = 0 -> Ready, WAIT for input
2016-10-24 22:45:17 FINE com.uniteksolusi.otomill.model.ArduinoModel pushToDevice ModelMixer(49)> pushToDevice()
2016-10-24 22:45:17 FINE com.uniteksolusi.otomill.model.ArduinoModel pushToDevice ModelMixer(49)>   pinState:  00000000 000000
2016-10-24 22:45:17 FINE com.uniteksolusi.otomill.model.ArduinoModel pushToDevice ModelMixer(49)>   requestByte: 2 0 0 48 
2016-10-24 22:45:17 FINE com.uniteksolusi.otomill.model.ArduinoModel pushToDevice ModelMixer(49)>   responseByte: 2 0 0 48 
2016-10-24 22:45:17 FINE com.uniteksolusi.otomill.model.ArduinoModel run ModelMixer(49)> loop()

2016-10-24 22:45:17 FINE com.uniteksolusi.otomill.model.ArduinoModel pullFromDevice ModelMixer(49)> pullFromDevice()
2016-10-24 22:45:17 FINE com.uniteksolusi.otomill.model.ArduinoModel pullFromDevice ModelMixer(49)>   requestByte: 0 0 0 141 
Oct 24, 2016 10:45:22 PM com.uniteksolusi.otomill.model.ArduinoModel pullFromDevice
FINE: ModelMixer(49)> pullFromDevice()
Oct 24, 2016 10:45:22 PM com.uniteksolusi.otomill.model.ArduinoModel pullFromDevice
FINE: ModelMixer(49)>   requestByte: 0 0 0 221 
Oct 24, 2016 10:45:22 PM com.uniteksolusi.otomill.model.ArduinoModel pullFromDevice
FINE: ModelMixer(49)>   responseByte: 0 0 0 221 
Oct 24, 2016 10:45:22 PM com.uniteksolusi.otomill.model.ArduinoModel run
FINE: ModelMixer(49)> Not Initialized Yet
Oct 24, 2016 10:45:22 PM com.uniteksolusi.otomill.model.ArduinoModel initializeToDevice
FINE: ModelMixer(49)> initializeToDevice()
Oct 24, 2016 10:45:22 PM com.uniteksolusi.otomill.model.ArduinoModel initializeToDevice
FINE: ModelMixer(49)> Pin MDOE:  00011100 000000
Oct 24, 2016 10:45:22 PM com.uniteksolusi.otomill.model.ArduinoModel initializeToDevice
FINE: ModelMixer(49)> 1 56 0 105 
Oct 24, 2016 10:45:23 PM com.uniteksolusi.otomill.model.ArduinoModel run
FINE: ModelMixer(49)> loop()

Oct 24, 2016 10:45:23 PM com.uniteksolusi.otomill.model.ArduinoModel pullFromDevice
FINE: ModelMixer(49)> pullFromDevice()
Oct 24, 2016 10:45:23 PM com.uniteksolusi.otomill.model.ArduinoModel pullFromDevice
FINE: ModelMixer(49)>   requestByte: 0 0 0 220 
Oct 24, 2016 10:45:23 PM com.uniteksolusi.otomill.model.ArduinoModel pullFromDevice
FINE: ModelMixer(49)>   responseByte: 2 0 0 220 
Oct 24, 2016 10:45:23 PM com.uniteksolusi.otomill.model.ModelMixer mainLoop
FINE: Type:	 ModelMixer
Id:	 0x31
Pin Mode:	  00011100 000000
Pin State:	  00000000 000000
State:	 0 / READY
Output:	 0
Screw Out:	 0
Mixer:	 0
Wayout Empty:	 0 > Mixing State = 0 -> Ready, WAIT for input
Oct 24, 2016 10:45:23 PM com.uniteksolusi.otomill.model.ArduinoModel pushToDevice
FINE: ModelMixer(49)> pushToDevice()
Oct 24, 2016 10:45:23 PM com.uniteksolusi.otomill.model.ArduinoModel pushToDevice
FINE: ModelMixer(49)>   pinState:  00000000 000000
Oct 24, 2016 10:45:23 PM com.uniteksolusi.otomill.model.ArduinoModel pushToDevice
FINE: ModelMixer(49)>   requestByte: 2 0 0 77 
Oct 24, 2016 10:45:23 PM com.uniteksolusi.otomill.model.ArduinoModel pushToDevice
FINE: ModelMixer(49)>   responseByte: 2 0 0 77 
Oct 24, 2016 10:45:24 PM com.uniteksolusi.otomill.model.ArduinoModel run
FINE: ModelMixer(49)> loop()

Oct 24, 2016 10:45:24 PM com.uniteksolusi.otomill.model.ArduinoModel pullFromDevice
FINE: ModelMixer(49)> pullFromDevice()
Oct 24, 2016 10:45:24 PM com.uniteksolusi.otomill.model.ArduinoModel pullFromDevice
FINE: ModelMixer(49)>   requestByte: 0 0 0 172 
Oct 24, 2016 10:45:24 PM com.uniteksolusi.otomill.model.ArduinoModel pullFromDevice
FINE: ModelMixer(49)>   responseByte: 2 0 0 172 
Oct 24, 2016 10:45:24 PM com.uniteksolusi.otomill.model.ModelMixer mainLoop
FINE: Type:	 ModelMixer
Id:	 0x31
Pin Mode:	  00011100 000000
Pin State:	  00000000 000000
State:	 0 / READY
Output:	 0
Screw Out:	 0
Mixer:	 0
Wayout Empty:	 0 > Mixing State = 0 -> Ready, WAIT for input
Oct 24, 2016 10:45:24 PM com.uniteksolusi.otomill.model.ArduinoModel pushToDevice
FINE: ModelMixer(49)> pushToDevice()
Oct 24, 2016 10:45:24 PM com.uniteksolusi.otomill.model.ArduinoModel pushToDevice
FINE: ModelMixer(49)>   pinState:  00000000 000000
Oct 24, 2016 10:45:24 PM com.uniteksolusi.otomill.model.ArduinoModel pushToDevice
FINE: ModelMixer(49)>   requestByte: 2 0 0 20 
Oct 24, 2016 10:45:24 PM com.uniteksolusi.otomill.model.ArduinoModel pushToDevice
FINE: ModelMixer(49)>   responseByte: 2 0 0 20 
Oct 24, 2016 10:45:24 PM com.uniteksolusi.otomill.model.ArduinoModel run
FINE: ModelMixer(49)> loop()

Oct 24, 2016 10:45:24 PM com.uniteksolusi.otomill.model.ArduinoModel pullFromDevice
FINE: ModelMixer(49)> pullFromDevice()
Oct 24, 2016 10:45:24 PM com.uniteksolusi.otomill.model.ArduinoModel pullFromDevice
FINE: ModelMixer(49)>   requestByte: 0 0 0 113 
Oct 24, 2016 10:45:24 PM com.uniteksolusi.otomill.model.ArduinoModel pullFromDevice
FINE: ModelMixer(49)>   responseByte: 2 0 0 113 
Oct 24, 2016 10:45:24 PM com.uniteksolusi.otomill.model.ModelMixer mainLoop
FINE: Type:	 ModelMixer
Id:	 0x31
Pin Mode:	  00011100 000000
Pin State:	  00000000 000000
State:	 0 / READY
Output:	 0
Screw Out:	 0
Mixer:	 0
Wayout Empty:	 0 > Mixing State = 0 -> Ready, WAIT for input
Oct 24, 2016 10:45:24 PM com.uniteksolusi.otomill.model.ArduinoModel pushToDevice
FINE: ModelMixer(49)> pushToDevice()
Oct 24, 2016 10:45:24 PM com.uniteksolusi.otomill.model.ArduinoModel pushToDevice
FINE: ModelMixer(49)>   pinState:  00000000 000000
Oct 24, 2016 10:45:24 PM com.uniteksolusi.otomill.model.ArduinoModel pushToDevice
FINE: ModelMixer(49)>   requestByte: 2 0 0 214 
Oct 24, 2016 10:45:25 PM com.uniteksolusi.otomill.model.ArduinoModel pushToDevice
FINE: ModelMixer(49)>   responseByte: 2 0 0 214 
Oct 24, 2016 10:45:25 PM com.uniteksolusi.otomill.model.ArduinoModel run
FINE: ModelMixer(49)> loop()

Oct 24, 2016 10:45:25 PM com.uniteksolusi.otomill.model.ArduinoModel pullFromDevice
FINE: ModelMixer(49)> pullFromDevice()
Oct 24, 2016 10:45:25 PM com.uniteksolusi.otomill.model.ArduinoModel pullFromDevice
FINE: ModelMixer(49)>   requestByte: 0 0 0 49 
Oct 24, 2016 10:45:25 PM com.uniteksolusi.otomill.model.ArduinoModel pullFromDevice
FINE: ModelMixer(49)>   responseByte: 2 0 0 49 
Oct 24, 2016 10:45:25 PM com.uniteksolusi.otomill.model.ModelMixer mainLoop
FINE: Type:	 ModelMixer
Id:	 0x31
Pin Mode:	  00011100 000000
Pin State:	  00000000 000000
State:	 0 / READY
Output:	 0
Screw Out:	 0
Mixer:	 0
Wayout Empty:	 0 > Mixing State = 0 -> Ready, WAIT for input
Oct 24, 2016 10:45:25 PM com.uniteksolusi.otomill.model.ArduinoModel pushToDevice
FINE: ModelMixer(49)> pushToDevice()
Oct 24, 2016 10:45:25 PM com.uniteksolusi.otomill.model.ArduinoModel pushToDevice
FINE: ModelMixer(49)>   pinState:  00000000 000000
Oct 24, 2016 10:45:25 PM com.uniteksolusi.otomill.model.ArduinoModel pushToDevice
FINE: ModelMixer(49)>   requestByte: 2 0 0 150 
Oct 24, 2016 10:45:25 PM com.uniteksolusi.otomill.model.ArduinoModel pushToDevice
FINE: ModelMixer(49)>   responseByte: 2 0 0 150 
Oct 24, 2016 10:45:26 PM com.uniteksolusi.otomill.model.ArduinoModel run
FINE: ModelMixer(49)> loop()

Oct 24, 2016 10:45:26 PM com.uniteksolusi.otomill.model.ArduinoModel pullFromDevice
FINE: ModelMixer(49)> pullFromDevice()
Oct 24, 2016 10:45:26 PM com.uniteksolusi.otomill.model.ArduinoModel pullFromDevice
FINE: ModelMixer(49)>   requestByte: 0 0 0 241 
Oct 24, 2016 10:45:26 PM com.uniteksolusi.otomill.model.ArduinoModel pullFromDevice
FINE: ModelMixer(49)>   responseByte: 2 0 0 241 
Oct 24, 2016 10:45:26 PM com.uniteksolusi.otomill.model.ModelMixer mainLoop
FINE: Type:	 ModelMixer
Id:	 0x31
Pin Mode:	  00011100 000000
Pin State:	  00000000 000000
State:	 0 / READY
Output:	 0
Screw Out:	 0
Mixer:	 0
Wayout Empty:	 0 > Mixing State = 0 -> Ready, WAIT for input
Oct 24, 2016 10:45:26 PM com.uniteksolusi.otomill.model.ArduinoModel pushToDevice
FINE: ModelMixer(49)> pushToDevice()
Oct 24, 2016 10:45:26 PM com.uniteksolusi.otomill.model.ArduinoModel pushToDevice
FINE: ModelMixer(49)>   pinState:  00000000 000000
Oct 24, 2016 10:45:26 PM com.uniteksolusi.otomill.model.ArduinoModel pushToDevice
FINE: ModelMixer(49)>   requestByte: 2 0 0 86 
Oct 24, 2016 10:45:26 PM com.uniteksolusi.otomill.model.ArduinoModel pushToDevice
FINE: ModelMixer(49)>   responseByte: 2 0 0 86 
2016-10-24 22:45:41 FINE com.uniteksolusi.otomill.model.ArduinoModel pullFromDevice ModelMixer(49)> pullFromDevice()
2016-10-24 22:45:41 FINE com.uniteksolusi.otomill.model.ArduinoModel pullFromDevice ModelMixer(49)>   requestByte: 0 0 0 80 
2016-10-24 22:45:41 FINE com.uniteksolusi.otomill.model.ArduinoModel pullFromDevice ModelMixer(49)>   responseByte: 0 0 0 80 
2016-10-24 22:45:41 FINE com.uniteksolusi.otomill.model.ArduinoModel run ModelMixer(49)> Not Initialized Yet
2016-10-24 22:45:41 FINE com.uniteksolusi.otomill.model.ArduinoModel initializeToDevice ModelMixer(49)> initializeToDevice()
2016-10-24 22:45:41 FINE com.uniteksolusi.otomill.model.ArduinoModel initializeToDevice ModelMixer(49)> Pin MDOE:  00011100 000000
2016-10-24 22:45:41 FINE com.uniteksolusi.otomill.model.ArduinoModel initializeToDevice ModelMixer(49)> 1 56 0 192 
2016-10-24 22:45:42 FINE com.uniteksolusi.otomill.model.ArduinoModel run ModelMixer(49)> loop()

2016-10-24 22:45:42 FINE com.uniteksolusi.otomill.model.ArduinoModel pullFromDevice ModelMixer(49)> pullFromDevice()
2016-10-24 22:45:42 FINE com.uniteksolusi.otomill.model.ArduinoModel pullFromDevice ModelMixer(49)>   requestByte: 0 0 0 64 
2016-10-24 22:45:42 FINE com.uniteksolusi.otomill.model.ArduinoModel pullFromDevice ModelMixer(49)>   responseByte: 2 0 0 64 
2016-10-24 22:45:42 FINE com.uniteksolusi.otomill.model.ModelMixer mainLoop Type:	 ModelMixer
Id:	 0x31
Pin Mode:	  00011100 000000
Pin State:	  00000000 000000
State:	 0 / READY
Output:	 0
Screw Out:	 0
Mixer:	 0
Wayout Empty:	 0 > Mixing State = 0 -> Ready, WAIT for input
2016-10-24 22:45:42 FINE com.uniteksolusi.otomill.model.ArduinoModel pushToDevice ModelMixer(49)> pushToDevice()
2016-10-24 22:45:42 FINE com.uniteksolusi.otomill.model.ArduinoModel pushToDevice ModelMixer(49)>   pinState:  00000000 000000
2016-10-24 22:45:42 FINE com.uniteksolusi.otomill.model.ArduinoModel pushToDevice ModelMixer(49)>   requestByte: 2 0 0 191 
2016-10-24 22:45:42 FINE com.uniteksolusi.otomill.model.ArduinoModel pushToDevice ModelMixer(49)>   responseByte: 2 0 0 191 
2016-10-24 22:45:43 FINE com.uniteksolusi.otomill.model.ArduinoModel run ModelMixer(49)> loop()

2016-10-24 22:45:43 FINE com.uniteksolusi.otomill.model.ArduinoModel pullFromDevice ModelMixer(49)> pullFromDevice()
2016-10-24 22:45:43 FINE com.uniteksolusi.otomill.model.ArduinoModel pullFromDevice ModelMixer(49)>   requestByte: 0 0 0 37 
2016-10-24 22:45:43 FINE com.uniteksolusi.otomill.model.ArduinoModel pullFromDevice ModelMixer(49)>   responseByte: 2 0 0 37 
2016-10-24 22:45:43 FINE com.uniteksolusi.otomill.model.ModelMixer mainLoop Type:	 ModelMixer
Id:	 0x31
Pin Mode:	  00011100 000000
Pin State:	  00000000 000000
State:	 0 / READY
Output:	 0
Screw Out:	 0
Mixer:	 0
Wayout Empty:	 0 > Mixing State = 0 -> Ready, WAIT for input
2016-10-24 22:45:43 FINE com.uniteksolusi.otomill.model.ArduinoModel pushToDevice ModelMixer(49)> pushToDevice()
2016-10-24 22:45:43 FINE com.uniteksolusi.otomill.model.ArduinoModel pushToDevice ModelMixer(49)>   pinState:  00000000 000000
2016-10-24 22:45:43 FINE com.uniteksolusi.otomill.model.ArduinoModel pushToDevice ModelMixer(49)>   requestByte: 2 0 0 143 
2016-10-24 22:45:43 FINE com.uniteksolusi.otomill.model.ArduinoModel pushToDevice ModelMixer(49)>   responseByte: 2 0 0 143 
2016-10-24 22:45:43 FINE com.uniteksolusi.otomill.model.ArduinoModel run ModelMixer(49)> loop()

2016-10-24 22:45:43 FINE com.uniteksolusi.otomill.model.ArduinoModel pullFromDevice ModelMixer(49)> pullFromDevice()
2016-10-24 22:45:43 FINE com.uniteksolusi.otomill.model.ArduinoModel pullFromDevice ModelMixer(49)>   requestByte: 0 0 0 6 
2016-10-24 22:45:44 FINE com.uniteksolusi.otomill.model.ArduinoModel pullFromDevice ModelMixer(49)>   responseByte: 2 0 0 6 
2016-10-24 22:45:44 FINE com.uniteksolusi.otomill.model.ModelMixer mainLoop Type:	 ModelMixer
Id:	 0x31
Pin Mode:	  00011100 000000
Pin State:	  00000000 000000
State:	 0 / READY
Output:	 0
Screw Out:	 0
Mixer:	 0
Wayout Empty:	 0 > Mixing State = 0 -> Ready, WAIT for input
2016-10-24 22:45:44 FINE com.uniteksolusi.otomill.model.ArduinoModel pushToDevice ModelMixer(49)> pushToDevice()
2016-10-24 22:45:44 FINE com.uniteksolusi.otomill.model.ArduinoModel pushToDevice ModelMixer(49)>   pinState:  00000000 000000
2016-10-24 22:45:44 FINE com.uniteksolusi.otomill.model.ArduinoModel pushToDevice ModelMixer(49)>   requestByte: 2 0 0 111 
2016-10-24 22:45:44 FINE com.uniteksolusi.otomill.model.ArduinoModel pushToDevice ModelMixer(49)>   responseByte: 2 0 0 111 
2016-10-24 22:45:44 FINE com.uniteksolusi.otomill.model.ArduinoModel run ModelMixer(49)> loop()

2016-10-24 22:45:44 FINE com.uniteksolusi.otomill.model.ArduinoModel pullFromDevice ModelMixer(49)> pullFromDevice()
2016-10-24 22:45:44 FINE com.uniteksolusi.otomill.model.ArduinoModel pullFromDevice ModelMixer(49)>   requestByte: 0 0 0 203 
2016-10-24 22:45:44 FINE com.uniteksolusi.otomill.model.ArduinoModel pullFromDevice ModelMixer(49)>   responseByte: 2 0 0 203 
2016-10-24 22:45:44 FINE com.uniteksolusi.otomill.model.ModelMixer mainLoop Type:	 ModelMixer
Id:	 0x31
Pin Mode:	  00011100 000000
Pin State:	  00000000 000000
State:	 0 / READY
Output:	 0
Screw Out:	 0
Mixer:	 0
Wayout Empty:	 0 > Mixing State = 0 -> Ready, WAIT for input
2016-10-24 22:45:44 FINE com.uniteksolusi.otomill.model.ArduinoModel pushToDevice ModelMixer(49)> pushToDevice()
2016-10-24 22:45:44 FINE com.uniteksolusi.otomill.model.ArduinoModel pushToDevice ModelMixer(49)>   pinState:  00000000 000000
2016-10-24 22:45:44 FINE com.uniteksolusi.otomill.model.ArduinoModel pushToDevice ModelMixer(49)>   requestByte: 2 0 0 49 
2016-10-24 22:45:44 FINE com.uniteksolusi.otomill.model.ArduinoModel pushToDevice ModelMixer(49)>   responseByte: 2 0 0 49 
2016-10-24 22:45:45 FINE com.uniteksolusi.otomill.model.ArduinoModel run ModelMixer(49)> loop()

2016-10-24 22:45:45 FINE com.uniteksolusi.otomill.model.ArduinoModel pullFromDevice ModelMixer(49)> pullFromDevice()
2016-10-24 22:45:45 FINE com.uniteksolusi.otomill.model.ArduinoModel pullFromDevice ModelMixer(49)>   requestByte: 0 0 0 140 
2016-10-24 22:45:45 FINE com.uniteksolusi.otomill.model.ArduinoModel pullFromDevice ModelMixer(49)>   responseByte: 2 0 0 140 
2016-10-24 22:45:45 FINE com.uniteksolusi.otomill.model.ModelMixer mainLoop Type:	 ModelMixer
Id:	 0x31
Pin Mode:	  00011100 000000
Pin State:	  00000000 000000
State:	 0 / READY
Output:	 0
Screw Out:	 0
Mixer:	 0
Wayout Empty:	 0 > Mixing State = 0 -> Ready, WAIT for input
2016-10-24 22:45:45 FINE com.uniteksolusi.otomill.model.ArduinoModel pushToDevice ModelMixer(49)> pushToDevice()
2016-10-24 22:45:45 FINE com.uniteksolusi.otomill.model.ArduinoModel pushToDevice ModelMixer(49)>   pinState:  00000000 000000
2016-10-24 22:45:45 FINE com.uniteksolusi.otomill.model.ArduinoModel pushToDevice ModelMixer(49)>   requestByte: 2 0 0 241 
2016-10-24 22:45:45 FINE com.uniteksolusi.otomill.model.ArduinoModel pushToDevice ModelMixer(49)>   responseByte: 2 0 0 241 
2016-10-24 22:45:46 FINE com.uniteksolusi.otomill.model.ArduinoModel run ModelMixer(49)> loop()

2016-10-24 22:45:46 FINE com.uniteksolusi.otomill.model.ArduinoModel pullFromDevice ModelMixer(49)> pullFromDevice()
2016-10-24 22:45:46 FINE com.uniteksolusi.otomill.model.ArduinoModel pullFromDevice ModelMixer(49)>   requestByte: 0 0 0 74 
2016-10-24 22:45:46 FINE com.uniteksolusi.otomill.model.ArduinoModel pullFromDevice ModelMixer(49)>   responseByte: 2 0 0 74 
2016-10-24 22:45:46 FINE com.uniteksolusi.otomill.model.ModelMixer mainLoop Type:	 ModelMixer
Id:	 0x31
Pin Mode:	  00011100 000000
Pin State:	  00000000 000000
State:	 0 / READY
Output:	 0
Screw Out:	 0
Mixer:	 0
Wayout Empty:	 0 > Mixing State = 0 -> Ready, WAIT for input
2016-10-24 22:45:46 FINE com.uniteksolusi.otomill.model.ArduinoModel pushToDevice ModelMixer(49)> pushToDevice()
2016-10-24 22:45:46 FINE com.uniteksolusi.otomill.model.ArduinoModel pushToDevice ModelMixer(49)>   pinState:  00000000 000000
2016-10-24 22:45:46 FINE com.uniteksolusi.otomill.model.ArduinoModel pushToDevice ModelMixer(49)>   requestByte: 2 0 0 175 
2016-10-24 22:45:46 FINE com.uniteksolusi.otomill.model.ArduinoModel pushToDevice ModelMixer(49)>   responseByte: 2 0 0 175 
2016-10-24 22:45:46 FINE com.uniteksolusi.otomill.model.ArduinoModel run ModelMixer(49)> loop()

2016-10-24 22:45:46 FINE com.uniteksolusi.otomill.model.ArduinoModel pullFromDevice ModelMixer(49)> pullFromDevice()
2016-10-24 22:45:46 FINE com.uniteksolusi.otomill.model.ArduinoModel pullFromDevice ModelMixer(49)>   requestByte: 0 0 0 9 
2016-10-24 22:45:46 FINE com.uniteksolusi.otomill.model.ArduinoModel pullFromDevice ModelMixer(49)>   responseByte: 2 0 0 9 
2016-10-24 22:45:46 FINE com.uniteksolusi.otomill.model.ModelMixer mainLoop Type:	 ModelMixer
Id:	 0x31
Pin Mode:	  00011100 000000
Pin State:	  00000000 000000
State:	 0 / READY
Output:	 0
Screw Out:	 0
Mixer:	 0
Wayout Empty:	 0 > Mixing State = 0 -> Ready, WAIT for input
2016-10-24 22:45:46 FINE com.uniteksolusi.otomill.model.ArduinoModel pushToDevice ModelMixer(49)> pushToDevice()
2016-10-24 22:45:46 FINE com.uniteksolusi.otomill.model.ArduinoModel pushToDevice ModelMixer(49)>   pinState:  00000000 000000
2016-10-24 22:45:46 FINE com.uniteksolusi.otomill.model.ArduinoModel pushToDevice ModelMixer(49)>   requestByte: 2 0 0 110 
2016-10-24 22:45:46 FINE com.uniteksolusi.otomill.model.ArduinoModel pushToDevice ModelMixer(49)>   responseByte: 2 0 0 110 
2016-10-24 22:45:47 FINE com.uniteksolusi.otomill.model.ArduinoModel run ModelMixer(49)> loop()

2016-10-24 22:45:47 FINE com.uniteksolusi.otomill.model.ArduinoModel pullFromDevice ModelMixer(49)> pullFromDevice()
2016-10-24 22:45:47 FINE com.uniteksolusi.otomill.model.ArduinoModel pullFromDevice ModelMixer(49)>   requestByte: 0 0 0 199 
2016-10-24 22:45:47 FINE com.uniteksolusi.otomill.model.ArduinoModel pullFromDevice ModelMixer(49)>   responseByte: 2 0 0 199 
2016-10-24 22:45:47 FINE com.uniteksolusi.otomill.model.ModelMixer mainLoop Type:	 ModelMixer
Id:	 0x31
Pin Mode:	  00011100 000000
Pin State:	  00000000 000000
State:	 0 / READY
Output:	 0
Screw Out:	 0
Mixer:	 0
Wayout Empty:	 0 > Mixing State = 0 -> Ready, WAIT for input
2016-10-24 22:45:47 FINE com.uniteksolusi.otomill.model.ArduinoModel pushToDevice ModelMixer(49)> pushToDevice()
2016-10-24 22:45:47 FINE com.uniteksolusi.otomill.model.ArduinoModel pushToDevice ModelMixer(49)>   pinState:  00000000 000000
2016-10-24 22:45:47 FINE com.uniteksolusi.otomill.model.ArduinoModel pushToDevice ModelMixer(49)>   requestByte: 2 0 0 44 
2016-10-24 22:45:47 FINE com.uniteksolusi.otomill.model.ArduinoModel pushToDevice ModelMixer(49)>   responseByte: 2 0 0 44 
2016-10-24 22:45:48 FINE com.uniteksolusi.otomill.model.ArduinoModel run ModelMixer(49)> loop()

2016-10-24 22:45:48 FINE com.uniteksolusi.otomill.model.ArduinoModel pullFromDevice ModelMixer(49)> pullFromDevice()
2016-10-24 22:45:48 FINE com.uniteksolusi.otomill.model.ArduinoModel pullFromDevice ModelMixer(49)>   requestByte: 0 0 0 133 
2016-10-24 22:45:48 FINE com.uniteksolusi.otomill.model.ArduinoModel pullFromDevice ModelMixer(49)>   responseByte: 2 0 0 133 
2016-10-24 22:45:48 FINE com.uniteksolusi.otomill.model.ModelMixer mainLoop Type:	 ModelMixer
Id:	 0x31
Pin Mode:	  00011100 000000
Pin State:	  00000000 000000
State:	 0 / READY
Output:	 0
Screw Out:	 0
Mixer:	 0
Wayout Empty:	 0 > Mixing State = 0 -> Ready, WAIT for input
2016-10-24 22:45:48 FINE com.uniteksolusi.otomill.model.ArduinoModel pushToDevice ModelMixer(49)> pushToDevice()
2016-10-24 22:45:48 FINE com.uniteksolusi.otomill.model.ArduinoModel pushToDevice ModelMixer(49)>   pinState:  00000000 000000
2016-10-24 22:45:48 FINE com.uniteksolusi.otomill.model.ArduinoModel pushToDevice ModelMixer(49)>   requestByte: 2 0 0 233 
2016-10-24 22:45:48 FINE com.uniteksolusi.otomill.model.ArduinoModel pushToDevice ModelMixer(49)>   responseByte: 2 0 0 233 
2016-10-24 22:45:48 FINE com.uniteksolusi.otomill.model.ArduinoModel run ModelMixer(49)> loop()

2016-10-24 22:45:48 FINE com.uniteksolusi.otomill.model.ArduinoModel pullFromDevice ModelMixer(49)> pullFromDevice()
2016-10-24 22:45:48 FINE com.uniteksolusi.otomill.model.ArduinoModel pullFromDevice ModelMixer(49)>   requestByte: 0 0 0 66 
2016-10-24 22:45:48 FINE com.uniteksolusi.otomill.model.ArduinoModel pullFromDevice ModelMixer(49)>   responseByte: 2 0 0 66 
2016-10-24 22:45:48 FINE com.uniteksolusi.otomill.model.ModelMixer mainLoop Type:	 ModelMixer
Id:	 0x31
Pin Mode:	  00011100 000000
Pin State:	  00000000 000000
State:	 0 / READY
Output:	 0
Screw Out:	 0
Mixer:	 0
Wayout Empty:	 0 > Mixing State = 0 -> Ready, WAIT for input
2016-10-24 22:45:48 FINE com.uniteksolusi.otomill.model.ArduinoModel pushToDevice ModelMixer(49)> pushToDevice()
2016-10-24 22:45:48 FINE com.uniteksolusi.otomill.model.ArduinoModel pushToDevice ModelMixer(49)>   pinState:  00000000 000000
2016-10-24 22:45:48 FINE com.uniteksolusi.otomill.model.ArduinoModel pushToDevice ModelMixer(49)>   requestByte: 2 0 0 167 
2016-10-24 22:45:49 FINE com.uniteksolusi.otomill.model.ArduinoModel pushToDevice ModelMixer(49)>   responseByte: 2 0 0 167 
2016-10-24 22:45:49 FINE com.uniteksolusi.otomill.model.ArduinoModel run ModelMixer(49)> loop()

2016-10-24 22:45:49 FINE com.uniteksolusi.otomill.model.ArduinoModel pullFromDevice ModelMixer(49)> pullFromDevice()
2016-10-24 22:45:49 FINE com.uniteksolusi.otomill.model.ArduinoModel pullFromDevice ModelMixer(49)>   requestByte: 0 0 0 1 
2016-10-24 22:45:49 FINE com.uniteksolusi.otomill.model.ArduinoModel pullFromDevice ModelMixer(49)>   responseByte: 2 0 0 1 
2016-10-24 22:45:49 FINE com.uniteksolusi.otomill.model.ModelMixer mainLoop Type:	 ModelMixer
Id:	 0x31
Pin Mode:	  00011100 000000
Pin State:	  00000000 000000
State:	 0 / READY
Output:	 0
Screw Out:	 0
Mixer:	 0
Wayout Empty:	 0 > Mixing State = 0 -> Ready, WAIT for input
2016-10-24 22:45:49 FINE com.uniteksolusi.otomill.model.ArduinoModel pushToDevice ModelMixer(49)> pushToDevice()
2016-10-24 22:45:49 FINE com.uniteksolusi.otomill.model.ArduinoModel pushToDevice ModelMixer(49)>   pinState:  00000000 000000
2016-10-24 22:45:49 FINE com.uniteksolusi.otomill.model.ArduinoModel pushToDevice ModelMixer(49)>   requestByte: 2 0 0 102 
2016-10-24 22:45:49 FINE com.uniteksolusi.otomill.model.ArduinoModel pushToDevice ModelMixer(49)>   responseByte: 2 0 0 102 
2016-10-24 22:51:01 FINE com.uniteksolusi.otomill.model.ArduinoModel pullFromDevice ModelMixer(49)> pullFromDevice()
2016-10-24 22:51:01 FINE com.uniteksolusi.otomill.model.ArduinoModel pullFromDevice ModelMixer(49)>   requestByte: 0 0 0 108 
2016-10-24 22:51:01 FINE com.uniteksolusi.otomill.model.ArduinoModel pullFromDevice ModelMixer(49)>   responseByte: 0 0 0 108 
2016-10-24 22:51:01 FINE com.uniteksolusi.otomill.model.ArduinoModel run ModelMixer(49)> Not Initialized Yet
2016-10-24 22:51:01 FINE com.uniteksolusi.otomill.model.ArduinoModel initializeToDevice ModelMixer(49)> initializeToDevice()
2016-10-24 22:51:01 FINE com.uniteksolusi.otomill.model.ArduinoModel initializeToDevice ModelMixer(49)> Pin MDOE:  00011100 000000
2016-10-24 22:51:01 FINE com.uniteksolusi.otomill.model.ArduinoModel initializeToDevice ModelMixer(49)> 1 56 0 222 
2016-10-24 22:51:01 FINE com.uniteksolusi.otomill.model.ArduinoModel run ModelMixer(49)> loop()

2016-10-24 22:51:01 FINE com.uniteksolusi.otomill.model.ArduinoModel pullFromDevice ModelMixer(49)> pullFromDevice()
2016-10-24 22:51:01 FINE com.uniteksolusi.otomill.model.ArduinoModel pullFromDevice ModelMixer(49)>   requestByte: 0 0 0 70 
2016-10-24 22:51:02 FINE com.uniteksolusi.otomill.model.ArduinoModel pullFromDevice ModelMixer(49)>   responseByte: 2 0 0 70 
2016-10-24 22:51:02 FINE com.uniteksolusi.otomill.model.ArduinoModel pushToDevice ModelMixer(49)> pushToDevice()
2016-10-24 22:51:02 FINE com.uniteksolusi.otomill.model.ArduinoModel pushToDevice ModelMixer(49)>   pinState:  00000000 000000
2016-10-24 22:51:02 FINE com.uniteksolusi.otomill.model.ArduinoModel pushToDevice ModelMixer(49)>   requestByte: 2 0 0 192 
2016-10-24 22:51:02 FINE com.uniteksolusi.otomill.model.ArduinoModel pushToDevice ModelMixer(49)>   responseByte: 2 0 0 192 
2016-10-24 22:51:02 FINE com.uniteksolusi.otomill.model.ArduinoModel run ModelMixer(49)> loop()

2016-10-24 22:51:02 FINE com.uniteksolusi.otomill.model.ArduinoModel pullFromDevice ModelMixer(49)> pullFromDevice()
2016-10-24 22:51:02 FINE com.uniteksolusi.otomill.model.ArduinoModel pullFromDevice ModelMixer(49)>   requestByte: 0 0 0 27 
2016-10-24 22:51:02 FINE com.uniteksolusi.otomill.model.ArduinoModel pullFromDevice ModelMixer(49)>   responseByte: 2 0 0 27 
2016-10-24 22:51:02 FINE com.uniteksolusi.otomill.model.ArduinoModel pushToDevice ModelMixer(49)> pushToDevice()
2016-10-24 22:51:02 FINE com.uniteksolusi.otomill.model.ArduinoModel pushToDevice ModelMixer(49)>   pinState:  00000000 000000
2016-10-24 22:51:02 FINE com.uniteksolusi.otomill.model.ArduinoModel pushToDevice ModelMixer(49)>   requestByte: 2 0 0 129 
2016-10-24 22:51:02 FINE com.uniteksolusi.otomill.model.ArduinoModel pushToDevice ModelMixer(49)>   responseByte: 2 0 0 129 
2016-10-24 22:51:03 FINE com.uniteksolusi.otomill.model.ArduinoModel run ModelMixer(49)> loop()

2016-10-24 22:51:03 FINE com.uniteksolusi.otomill.model.ArduinoModel pullFromDevice ModelMixer(49)> pullFromDevice()
2016-10-24 22:51:03 FINE com.uniteksolusi.otomill.model.ArduinoModel pullFromDevice ModelMixer(49)>   requestByte: 0 0 0 251 
2016-10-24 22:51:03 FINE com.uniteksolusi.otomill.model.ArduinoModel pullFromDevice ModelMixer(49)>   responseByte: 2 0 0 251 
2016-10-24 22:51:03 FINE com.uniteksolusi.otomill.model.ArduinoModel pushToDevice ModelMixer(49)> pushToDevice()
2016-10-24 22:51:03 FINE com.uniteksolusi.otomill.model.ArduinoModel pushToDevice ModelMixer(49)>   pinState:  00000000 000000
2016-10-24 22:51:03 FINE com.uniteksolusi.otomill.model.ArduinoModel pushToDevice ModelMixer(49)>   requestByte: 2 0 0 110 
2016-10-24 22:51:03 FINE com.uniteksolusi.otomill.model.ArduinoModel pushToDevice ModelMixer(49)>   responseByte: 2 0 0 110 
2016-10-24 22:51:04 FINE com.uniteksolusi.otomill.model.ArduinoModel run ModelMixer(49)> loop()

2016-10-24 22:51:04 FINE com.uniteksolusi.otomill.model.ArduinoModel pullFromDevice ModelMixer(49)> pullFromDevice()
2016-10-24 22:51:04 FINE com.uniteksolusi.otomill.model.ArduinoModel pullFromDevice ModelMixer(49)>   requestByte: 0 0 0 209 
2016-10-24 22:51:04 FINE com.uniteksolusi.otomill.model.ArduinoModel pullFromDevice ModelMixer(49)>   responseByte: 2 0 0 209 
2016-10-24 22:51:04 FINE com.uniteksolusi.otomill.model.ArduinoModel pushToDevice ModelMixer(49)> pushToDevice()
2016-10-24 22:51:04 FINE com.uniteksolusi.otomill.model.ArduinoModel pushToDevice ModelMixer(49)>   pinState:  00000000 000000
2016-10-24 22:51:04 FINE com.uniteksolusi.otomill.model.ArduinoModel pushToDevice ModelMixer(49)>   requestByte: 2 0 0 55 
2016-10-24 22:51:04 FINE com.uniteksolusi.otomill.model.ArduinoModel pushToDevice ModelMixer(49)>   responseByte: 2 0 0 55 
2016-10-24 22:51:04 FINE com.uniteksolusi.otomill.model.ArduinoModel run ModelMixer(49)> loop()

2016-10-24 22:51:04 FINE com.uniteksolusi.otomill.model.ArduinoModel pullFromDevice ModelMixer(49)> pullFromDevice()
2016-10-24 22:51:04 FINE com.uniteksolusi.otomill.model.ArduinoModel pullFromDevice ModelMixer(49)>   requestByte: 0 0 0 147 
2016-10-24 22:51:04 FINE com.uniteksolusi.otomill.model.ArduinoModel pullFromDevice ModelMixer(49)>   responseByte: 2 0 0 147 
2016-10-24 22:51:04 FINE com.uniteksolusi.otomill.model.ArduinoModel pushToDevice ModelMixer(49)> pushToDevice()
2016-10-24 22:51:04 FINE com.uniteksolusi.otomill.model.ArduinoModel pushToDevice ModelMixer(49)>   pinState:  00000000 000000
2016-10-24 22:51:04 FINE com.uniteksolusi.otomill.model.ArduinoModel pushToDevice ModelMixer(49)>   requestByte: 2 0 0 249 
2016-10-24 22:51:05 FINE com.uniteksolusi.otomill.model.ArduinoModel pushToDevice ModelMixer(49)>   responseByte: 2 0 0 249 
2016-10-24 22:51:05 FINE com.uniteksolusi.otomill.model.ArduinoModel run ModelMixer(49)> loop()

2016-10-24 22:51:05 FINE com.uniteksolusi.otomill.model.ArduinoModel pullFromDevice ModelMixer(49)> pullFromDevice()
2016-10-24 22:51:05 FINE com.uniteksolusi.otomill.model.ArduinoModel pullFromDevice ModelMixer(49)>   requestByte: 0 0 0 87 
2016-10-24 22:51:05 FINE com.uniteksolusi.otomill.model.ArduinoModel pullFromDevice ModelMixer(49)>   responseByte: 2 0 0 87 
2016-10-24 22:51:05 FINE com.uniteksolusi.otomill.model.ArduinoModel pushToDevice ModelMixer(49)> pushToDevice()
2016-10-24 22:51:05 FINE com.uniteksolusi.otomill.model.ArduinoModel pushToDevice ModelMixer(49)>   pinState:  00000000 000000
2016-10-24 22:51:05 FINE com.uniteksolusi.otomill.model.ArduinoModel pushToDevice ModelMixer(49)>   requestByte: 2 0 0 188 
2016-10-24 22:51:05 FINE com.uniteksolusi.otomill.model.ArduinoModel pushToDevice ModelMixer(49)>   responseByte: 2 0 0 188 
2016-10-24 22:51:06 FINE com.uniteksolusi.otomill.model.ArduinoModel run ModelMixer(49)> loop()

2016-10-24 22:51:06 FINE com.uniteksolusi.otomill.model.ArduinoModel pullFromDevice ModelMixer(49)> pullFromDevice()
2016-10-24 22:51:06 FINE com.uniteksolusi.otomill.model.ArduinoModel pullFromDevice ModelMixer(49)>   requestByte: 0 0 0 22 
2016-10-24 22:51:06 FINE com.uniteksolusi.otomill.model.ArduinoModel pullFromDevice ModelMixer(49)>   responseByte: 2 0 0 22 
2016-10-24 22:51:06 FINE com.uniteksolusi.otomill.model.ArduinoModel pushToDevice ModelMixer(49)> pushToDevice()
2016-10-24 22:51:06 FINE com.uniteksolusi.otomill.model.ArduinoModel pushToDevice ModelMixer(49)>   pinState:  00000000 000000
2016-10-24 22:51:06 FINE com.uniteksolusi.otomill.model.ArduinoModel pushToDevice ModelMixer(49)>   requestByte: 2 0 0 123 
2016-10-24 22:51:06 FINE com.uniteksolusi.otomill.model.ArduinoModel pushToDevice ModelMixer(49)>   responseByte: 2 0 0 123 
2016-10-24 22:51:06 FINE com.uniteksolusi.otomill.model.ArduinoModel run ModelMixer(49)> loop()

2016-10-24 22:51:06 FINE com.uniteksolusi.otomill.model.ArduinoModel pullFromDevice ModelMixer(49)> pullFromDevice()
2016-10-24 22:51:06 FINE com.uniteksolusi.otomill.model.ArduinoModel pullFromDevice ModelMixer(49)>   requestByte: 0 0 0 212 
2016-10-24 22:51:07 FINE com.uniteksolusi.otomill.model.ArduinoModel pullFromDevice ModelMixer(49)>   responseByte: 2 0 0 212 
2016-10-24 22:51:07 FINE com.uniteksolusi.otomill.model.ArduinoModel pushToDevice ModelMixer(49)> pushToDevice()
2016-10-24 22:51:07 FINE com.uniteksolusi.otomill.model.ArduinoModel pushToDevice ModelMixer(49)>   pinState:  00000000 000000
2016-10-24 22:51:07 FINE com.uniteksolusi.otomill.model.ArduinoModel pushToDevice ModelMixer(49)>   requestByte: 2 0 0 57 
2016-10-24 22:51:07 FINE com.uniteksolusi.otomill.model.ArduinoModel pushToDevice ModelMixer(49)>   responseByte: 2 0 0 57 
2016-10-24 22:51:07 FINE com.uniteksolusi.otomill.model.ArduinoModel run ModelMixer(49)> loop()

2016-10-24 22:51:07 FINE com.uniteksolusi.otomill.model.ArduinoModel pullFromDevice ModelMixer(49)> pullFromDevice()
2016-10-24 22:51:07 FINE com.uniteksolusi.otomill.model.ArduinoModel pullFromDevice ModelMixer(49)>   requestByte: 0 0 0 146 
2016-10-24 22:51:07 FINE com.uniteksolusi.otomill.model.ArduinoModel pullFromDevice ModelMixer(49)>   responseByte: 2 0 0 146 
2016-10-24 22:51:07 FINE com.uniteksolusi.otomill.model.ArduinoModel pushToDevice ModelMixer(49)> pushToDevice()
2016-10-24 22:51:07 FINE com.uniteksolusi.otomill.model.ArduinoModel pushToDevice ModelMixer(49)>   pinState:  00000000 000000
2016-10-24 22:51:07 FINE com.uniteksolusi.otomill.model.ArduinoModel pushToDevice ModelMixer(49)>   requestByte: 2 0 0 247 
2016-10-24 22:51:07 FINE com.uniteksolusi.otomill.model.ArduinoModel pushToDevice ModelMixer(49)>   responseByte: 2 0 0 247 
2016-10-24 22:51:08 FINE com.uniteksolusi.otomill.model.ArduinoModel run ModelMixer(49)> loop()

2016-10-24 22:51:08 FINE com.uniteksolusi.otomill.model.ArduinoModel pullFromDevice ModelMixer(49)> pullFromDevice()
2016-10-24 22:51:08 FINE com.uniteksolusi.otomill.model.ArduinoModel pullFromDevice ModelMixer(49)>   requestByte: 0 0 0 81 
2016-10-24 22:51:08 FINE com.uniteksolusi.otomill.model.ArduinoModel pullFromDevice ModelMixer(49)>   responseByte: 2 0 0 81 
2016-10-24 22:51:08 FINE com.uniteksolusi.otomill.model.ArduinoModel pushToDevice ModelMixer(49)> pushToDevice()
2016-10-24 22:51:08 FINE com.uniteksolusi.otomill.model.ArduinoModel pushToDevice ModelMixer(49)>   pinState:  00000000 000000
2016-10-24 22:51:08 FINE com.uniteksolusi.otomill.model.ArduinoModel pushToDevice ModelMixer(49)>   requestByte: 2 0 0 183 
2016-10-24 22:51:08 FINE com.uniteksolusi.otomill.model.ArduinoModel pushToDevice ModelMixer(49)>   responseByte: 2 0 0 183 
2016-10-24 22:54:02 FINE com.uniteksolusi.otomill.model.ArduinoModel pullFromDevice ModelMixer(0x31)> pullFromDevice()
2016-10-24 22:54:02 FINE com.uniteksolusi.otomill.model.ArduinoModel pullFromDevice ModelMixer(0x31)>   requestByte: 0 0 0 185 
2016-10-24 22:54:02 FINE com.uniteksolusi.otomill.model.ArduinoModel pullFromDevice ModelMixer(0x31)>   responseByte: 0 0 0 185 
2016-10-24 22:54:02 FINE com.uniteksolusi.otomill.model.ArduinoModel run ModelMixer(0x31)> Not Initialized Yet
2016-10-24 22:54:02 FINE com.uniteksolusi.otomill.model.ArduinoModel initializeToDevice ModelMixer(0x31)> initializeToDevice()
2016-10-24 22:54:02 FINE com.uniteksolusi.otomill.model.ArduinoModel initializeToDevice ModelMixer(0x31)> Pin MDOE:  00011100 000000
2016-10-24 22:54:02 FINE com.uniteksolusi.otomill.model.ArduinoModel initializeToDevice ModelMixer(0x31)> 1 56 0 77 
2016-10-24 22:54:03 FINE com.uniteksolusi.otomill.model.ArduinoModel run ModelMixer(0x31)> end-of-loop()

2016-10-24 22:54:03 FINE com.uniteksolusi.otomill.model.ArduinoModel pullFromDevice ModelMixer(0x31)> pullFromDevice()
2016-10-24 22:54:03 FINE com.uniteksolusi.otomill.model.ArduinoModel pullFromDevice ModelMixer(0x31)>   requestByte: 0 0 0 190 
2016-10-24 22:54:03 FINE com.uniteksolusi.otomill.model.ArduinoModel pullFromDevice ModelMixer(0x31)>   responseByte: 2 0 0 190 
2016-10-24 22:54:03 FINE com.uniteksolusi.otomill.model.ArduinoModel pushToDevice ModelMixer(0x31)> pushToDevice()
2016-10-24 22:54:03 FINE com.uniteksolusi.otomill.model.ArduinoModel pushToDevice ModelMixer(0x31)>   pinState:  00000000 000000
2016-10-24 22:54:03 FINE com.uniteksolusi.otomill.model.ArduinoModel pushToDevice ModelMixer(0x31)>   requestByte: 2 0 0 51 
2016-10-24 22:54:03 FINE com.uniteksolusi.otomill.model.ArduinoModel pushToDevice ModelMixer(0x31)>   responseByte: 2 0 0 51 
2016-10-24 22:54:03 FINE com.uniteksolusi.otomill.model.ArduinoModel run ModelMixer(0x31)> end-of-loop()

2016-10-24 22:54:03 FINE com.uniteksolusi.otomill.model.ArduinoModel pullFromDevice ModelMixer(0x31)> pullFromDevice()
2016-10-24 22:54:03 FINE com.uniteksolusi.otomill.model.ArduinoModel pullFromDevice ModelMixer(0x31)>   requestByte: 0 0 0 150 
2016-10-24 22:54:03 FINE com.uniteksolusi.otomill.model.ArduinoModel pullFromDevice ModelMixer(0x31)>   responseByte: 2 0 0 150 
2016-10-24 22:54:03 FINE com.uniteksolusi.otomill.model.ArduinoModel pushToDevice ModelMixer(0x31)> pushToDevice()
2016-10-24 22:54:03 FINE com.uniteksolusi.otomill.model.ArduinoModel pushToDevice ModelMixer(0x31)>   pinState:  00000000 000000
2016-10-24 22:54:03 FINE com.uniteksolusi.otomill.model.ArduinoModel pushToDevice ModelMixer(0x31)>   requestByte: 2 0 0 253 
2016-10-24 22:54:04 FINE com.uniteksolusi.otomill.model.ArduinoModel pushToDevice ModelMixer(0x31)>   responseByte: 2 0 0 253 
2016-10-24 22:54:04 FINE com.uniteksolusi.otomill.model.ArduinoModel run ModelMixer(0x31)> end-of-loop()

2016-10-24 22:54:04 FINE com.uniteksolusi.otomill.model.ArduinoModel pullFromDevice ModelMixer(0x31)> pullFromDevice()
2016-10-24 22:54:04 FINE com.uniteksolusi.otomill.model.ArduinoModel pullFromDevice ModelMixer(0x31)>   requestByte: 0 0 0 103 
2016-10-24 22:54:04 FINE com.uniteksolusi.otomill.model.ArduinoModel pullFromDevice ModelMixer(0x31)>   responseByte: 2 0 0 103 
2016-10-24 22:54:04 FINE com.uniteksolusi.otomill.model.ArduinoModel pushToDevice ModelMixer(0x31)> pushToDevice()
2016-10-24 22:54:04 FINE com.uniteksolusi.otomill.model.ArduinoModel pushToDevice ModelMixer(0x31)>   pinState:  00000000 000000
2016-10-24 22:54:04 FINE com.uniteksolusi.otomill.model.ArduinoModel pushToDevice ModelMixer(0x31)>   requestByte: 2 0 0 205 
2016-10-24 22:54:04 FINE com.uniteksolusi.otomill.model.ArduinoModel pushToDevice ModelMixer(0x31)>   responseByte: 2 0 0 205 
2016-10-24 22:54:05 FINE com.uniteksolusi.otomill.model.ArduinoModel run ModelMixer(0x31)> end-of-loop()

2016-10-24 22:54:05 FINE com.uniteksolusi.otomill.model.ArduinoModel pullFromDevice ModelMixer(0x31)> pullFromDevice()
2016-10-24 22:54:05 FINE com.uniteksolusi.otomill.model.ArduinoModel pullFromDevice ModelMixer(0x31)>   requestByte: 0 0 0 45 
2016-10-24 22:54:05 FINE com.uniteksolusi.otomill.model.ArduinoModel pullFromDevice ModelMixer(0x31)>   responseByte: 2 0 0 45 
2016-10-24 22:54:05 FINE com.uniteksolusi.otomill.model.ArduinoModel pushToDevice ModelMixer(0x31)> pushToDevice()
2016-10-24 22:54:05 FINE com.uniteksolusi.otomill.model.ArduinoModel pushToDevice ModelMixer(0x31)>   pinState:  00000000 000000
2016-10-24 22:54:05 FINE com.uniteksolusi.otomill.model.ArduinoModel pushToDevice ModelMixer(0x31)>   requestByte: 2 0 0 170 
2016-10-24 22:54:05 FINE com.uniteksolusi.otomill.model.ArduinoModel pushToDevice ModelMixer(0x31)>   responseByte: 2 0 0 170 
2016-10-24 22:54:05 FINE com.uniteksolusi.otomill.model.ArduinoModel run ModelMixer(0x31)> end-of-loop()

2016-10-24 22:54:05 FINE com.uniteksolusi.otomill.model.ArduinoModel pullFromDevice ModelMixer(0x31)> pullFromDevice()
2016-10-24 22:54:05 FINE com.uniteksolusi.otomill.model.ArduinoModel pullFromDevice ModelMixer(0x31)>   requestByte: 0 0 0 20 
2016-10-24 22:54:06 FINE com.uniteksolusi.otomill.model.ArduinoModel pullFromDevice ModelMixer(0x31)>   responseByte: 2 0 0 20 
2016-10-24 22:54:06 FINE com.uniteksolusi.otomill.model.ArduinoModel pushToDevice ModelMixer(0x31)> pushToDevice()
2016-10-24 22:54:06 FINE com.uniteksolusi.otomill.model.ArduinoModel pushToDevice ModelMixer(0x31)>   pinState:  00000000 000000
2016-10-24 22:54:06 FINE com.uniteksolusi.otomill.model.ArduinoModel pushToDevice ModelMixer(0x31)>   requestByte: 2 0 0 125 
2016-10-24 22:54:06 FINE com.uniteksolusi.otomill.model.ArduinoModel pushToDevice ModelMixer(0x31)>   responseByte: 2 0 0 125 
2016-10-24 22:54:06 FINE com.uniteksolusi.otomill.model.ArduinoModel run ModelMixer(0x31)> end-of-loop()

2016-10-24 22:54:06 FINE com.uniteksolusi.otomill.model.ArduinoModel pullFromDevice ModelMixer(0x31)> pullFromDevice()
2016-10-24 22:54:06 FINE com.uniteksolusi.otomill.model.ArduinoModel pullFromDevice ModelMixer(0x31)>   requestByte: 0 0 0 219 
2016-10-24 22:54:06 FINE com.uniteksolusi.otomill.model.ArduinoModel pullFromDevice ModelMixer(0x31)>   responseByte: 2 0 0 219 
2016-10-24 22:54:06 FINE com.uniteksolusi.otomill.model.ArduinoModel pushToDevice ModelMixer(0x31)> pushToDevice()
2016-10-24 22:54:06 FINE com.uniteksolusi.otomill.model.ArduinoModel pushToDevice ModelMixer(0x31)>   pinState:  00000000 000000
2016-10-24 22:54:06 FINE com.uniteksolusi.otomill.model.ArduinoModel pushToDevice ModelMixer(0x31)>   requestByte: 2 0 0 64 
2016-10-24 22:54:06 FINE com.uniteksolusi.otomill.model.ArduinoModel pushToDevice ModelMixer(0x31)>   responseByte: 2 0 0 64 
2016-10-24 22:54:07 FINE com.uniteksolusi.otomill.model.ArduinoModel run ModelMixer(0x31)> end-of-loop()

2016-10-24 22:54:07 FINE com.uniteksolusi.otomill.model.ArduinoModel pullFromDevice ModelMixer(0x31)> pullFromDevice()
2016-10-24 22:54:07 FINE com.uniteksolusi.otomill.model.ArduinoModel pullFromDevice ModelMixer(0x31)>   requestByte: 0 0 0 153 
2016-10-24 22:54:07 FINE com.uniteksolusi.otomill.model.ArduinoModel pullFromDevice ModelMixer(0x31)>   responseByte: 2 0 0 153 
2016-10-24 22:54:07 FINE com.uniteksolusi.otomill.model.ArduinoModel pushToDevice ModelMixer(0x31)> pushToDevice()
2016-10-24 22:54:07 FINE com.uniteksolusi.otomill.model.ArduinoModel pushToDevice ModelMixer(0x31)>   pinState:  00000000 000000
2016-10-24 22:54:07 FINE com.uniteksolusi.otomill.model.ArduinoModel pushToDevice ModelMixer(0x31)>   requestByte: 2 0 0 253 
2016-10-24 22:54:07 FINE com.uniteksolusi.otomill.model.ArduinoModel pushToDevice ModelMixer(0x31)>   responseByte: 2 0 0 253 
2016-10-24 22:54:08 FINE com.uniteksolusi.otomill.model.ArduinoModel run ModelMixer(0x31)> end-of-loop()

2016-10-24 22:54:08 FINE com.uniteksolusi.otomill.model.ArduinoModel pullFromDevice ModelMixer(0x31)> pullFromDevice()
2016-10-24 22:54:08 FINE com.uniteksolusi.otomill.model.ArduinoModel pullFromDevice ModelMixer(0x31)>   requestByte: 0 0 0 86 
2016-10-24 22:54:08 FINE com.uniteksolusi.otomill.model.ArduinoModel pullFromDevice ModelMixer(0x31)>   responseByte: 2 0 0 86 
2016-10-24 22:54:08 FINE com.uniteksolusi.otomill.model.ArduinoModel pushToDevice ModelMixer(0x31)> pushToDevice()
2016-10-24 22:54:08 FINE com.uniteksolusi.otomill.model.ArduinoModel pushToDevice ModelMixer(0x31)>   pinState:  00000000 000000
2016-10-24 22:54:08 FINE com.uniteksolusi.otomill.model.ArduinoModel pushToDevice ModelMixer(0x31)>   requestByte: 2 0 0 186 
2016-10-24 22:54:08 FINE com.uniteksolusi.otomill.model.ArduinoModel pushToDevice ModelMixer(0x31)>   responseByte: 2 0 0 186 
2016-10-24 22:54:08 FINE com.uniteksolusi.otomill.model.ArduinoModel run ModelMixer(0x31)> end-of-loop()

2016-10-24 22:54:08 FINE com.uniteksolusi.otomill.model.ArduinoModel pullFromDevice ModelMixer(0x31)> pullFromDevice()
2016-10-24 22:54:08 FINE com.uniteksolusi.otomill.model.ArduinoModel pullFromDevice ModelMixer(0x31)>   requestByte: 0 0 0 19 
2016-10-24 22:54:08 FINE com.uniteksolusi.otomill.model.ArduinoModel pullFromDevice ModelMixer(0x31)>   responseByte: 2 0 0 19 
2016-10-24 22:54:08 FINE com.uniteksolusi.otomill.model.ArduinoModel pushToDevice ModelMixer(0x31)> pushToDevice()
2016-10-24 22:54:08 FINE com.uniteksolusi.otomill.model.ArduinoModel pushToDevice ModelMixer(0x31)>   pinState:  00000000 000000
2016-10-24 22:54:08 FINE com.uniteksolusi.otomill.model.ArduinoModel pushToDevice ModelMixer(0x31)>   requestByte: 2 0 0 120 
2016-10-24 22:54:08 FINE com.uniteksolusi.otomill.model.ArduinoModel pushToDevice ModelMixer(0x31)>   responseByte: 2 0 0 120 
2016-10-24 22:54:09 FINE com.uniteksolusi.otomill.model.ArduinoModel run ModelMixer(0x31)> end-of-loop()

2016-10-24 22:54:09 FINE com.uniteksolusi.otomill.model.ArduinoModel pullFromDevice ModelMixer(0x31)> pullFromDevice()
2016-10-24 22:54:09 FINE com.uniteksolusi.otomill.model.ArduinoModel pullFromDevice ModelMixer(0x31)>   requestByte: 0 0 0 208 
2016-10-24 22:54:09 FINE com.uniteksolusi.otomill.model.ArduinoModel pullFromDevice ModelMixer(0x31)>   responseByte: 2 0 0 208 
2016-10-24 22:54:09 FINE com.uniteksolusi.otomill.model.ArduinoModel pushToDevice ModelMixer(0x31)> pushToDevice()
2016-10-24 22:54:09 FINE com.uniteksolusi.otomill.model.ArduinoModel pushToDevice ModelMixer(0x31)>   pinState:  00000000 000000
2016-10-24 22:54:09 FINE com.uniteksolusi.otomill.model.ArduinoModel pushToDevice ModelMixer(0x31)>   requestByte: 2 0 0 52 
2016-10-24 22:54:09 FINE com.uniteksolusi.otomill.model.ArduinoModel pushToDevice ModelMixer(0x31)>   responseByte: 2 0 0 52 
2016-10-24 22:54:10 FINE com.uniteksolusi.otomill.model.ArduinoModel run ModelMixer(0x31)> end-of-loop()

2016-10-24 22:54:10 FINE com.uniteksolusi.otomill.model.ArduinoModel pullFromDevice ModelMixer(0x31)> pullFromDevice()
2016-10-24 22:54:10 FINE com.uniteksolusi.otomill.model.ArduinoModel pullFromDevice ModelMixer(0x31)>   requestByte: 0 0 0 142 
2016-10-24 22:54:10 FINE com.uniteksolusi.otomill.model.ArduinoModel pullFromDevice ModelMixer(0x31)>   responseByte: 2 0 0 142 
2016-10-24 22:54:10 FINE com.uniteksolusi.otomill.model.ArduinoModel pushToDevice ModelMixer(0x31)> pushToDevice()
2016-10-24 22:54:10 FINE com.uniteksolusi.otomill.model.ArduinoModel pushToDevice ModelMixer(0x31)>   pinState:  00000000 000000
2016-10-24 22:54:10 FINE com.uniteksolusi.otomill.model.ArduinoModel pushToDevice ModelMixer(0x31)>   requestByte: 2 0 0 242 
2016-10-24 22:54:10 FINE com.uniteksolusi.otomill.model.ArduinoModel pushToDevice ModelMixer(0x31)>   responseByte: 2 0 0 242 
2016-10-24 22:54:10 FINE com.uniteksolusi.otomill.model.ArduinoModel run ModelMixer(0x31)> end-of-loop()

2016-10-24 22:54:10 FINE com.uniteksolusi.otomill.model.ArduinoModel pullFromDevice ModelMixer(0x31)> pullFromDevice()
2016-10-24 22:54:10 FINE com.uniteksolusi.otomill.model.ArduinoModel pullFromDevice ModelMixer(0x31)>   requestByte: 0 0 0 75 
